T8068 000:001.224   SEGGER J-Link V8.74 Log File
T8068 000:001.403   DLL Compiled: Sep 30 2025 12:11:23
T8068 000:001.424   Logging started @ 2025-12-03 04:51
T8068 000:001.441   Process: C:\Users\a5145404\.eclipse\com.renesas.platform_886681925\DebugComp\RA\e2-server-gdb.exe
T8068 000:001.463 - 1.458ms 
T8068 000:001.490 JLINK_GetDLLVersion()
T8068 000:001.508 - 0.020ms returns 87400
T8068 000:010.095 JLINK_OpenEx(...)
T8068 000:025.065   Firmware: J-Link OB-RA4M2 compiled Jul  8 2025 10:15:56
T8068 000:026.209   Firmware: J-Link OB-RA4M2 compiled Jul  8 2025 10:15:56
T8068 000:040.988   Hardware: V1.00
T8068 000:041.070   S/N: 1080364987
T8068 000:041.097   OEM: SEGGER
T8068 000:041.124   Feature(s): None
T8068 000:042.527   Bootloader: 2021 May 14
T8068 000:043.481   USB speed mode: Full speed (12 MBit/s)
T8068 000:044.237   TELNET listener socket opened on port 19021
T8068 000:044.707   WEBSRV WEBSRV_Init(): Starting webserver thread(s)
T8068 000:045.106   WEBSRV Webserver running on local port 19080
T8068 000:045.552   Looking for J-Link GUI Server exe at: C:\Users\a5145404\.eclipse\com.renesas.platform_886681925\DebugComp\RA\ARM\Segger_v8.74.0\JLinkGUIServer.exe
T8068 000:045.957   Looking for J-Link GUI Server exe at: C:\Users\a5145404\SEGGER\JLink_V874\JLinkGUIServer.exe
T8068 000:046.090   Forking J-Link GUI Server: C:\Users\a5145404\SEGGER\JLink_V874\JLinkGUIServer.exe
T8068 000:115.212   J-Link GUI Server info: "J-Link GUI server V8.74 "
T8068 000:122.137 - 112.036ms returns "O.K."
T8068 000:122.545 JLINK_ExecCommand("ProjectFile=C:\Workspace\16\RA4E2_VEEPROM_base/RA4E2_VEEPROM_base Debug_Flat.jlink", ...). 
T8068 000:152.336 - 29.791ms returns 0x00
T8068 000:152.985 JLINK_ExecCommand("device=R7FA4E2B9", ...). 
T8068 000:153.860   Flash bank @ 0x0100A100: SFL: Parsing sectorization info from ELF file
T8068 000:153.935     FlashDevice.SectorInfo[0]: .SectorSize = 0x00000010, .SectorStartAddr = 0x00000000
T8068 000:153.972   FlashBank @0x0100A100: Sectorization info from SFL ELF file ignored because sectorization override from DLL / XML file is active.
T8068 000:154.072   Device "R7FA4E2B9" selected.
T8068 000:156.659 - 3.636ms returns 0x00
T8068 000:156.737 JLINK_TIF_GetAvailable(...)
T8068 000:157.140 - 0.401ms 
T8068 000:157.198 JLINK_TIF_Select(JLINKARM_TIF_SWD)
T8068 000:158.287 - 1.093ms returns 0x00
T8068 000:158.336 JLINK_SetSpeed(4000)
T8068 000:158.534 - 0.200ms 
T8068 000:158.608 JLINK_ExecCommand("SetCPUConnectIDCODE = FFFFFFFFFFFFFFFFFFFFFFFFFFFFFFFF", ...). 
T8068 000:158.635 - 0.003ms returns 0x00
T8068 000:158.668 JLINK_SetEndian(ARM_ENDIAN_LITTLE)
T8068 000:158.688 - 0.019ms returns 0
T8068 000:158.708 JLINK_SetInitRegsOnReset(OFF)
T8068 000:158.730 - 0.021ms returns 1
T8068 000:158.750 JLINK_SetResetType(JLINKARM_RESET_TYPE_NO_RESET)
T8068 000:158.772 - 0.021ms returns JLINKARM_RESET_TYPE_NORMAL
T8068 000:158.796 JLINK_ExecCommand("EnableFlashBPs", ...). 
T8068 000:158.818 - 0.001ms returns 0x00
T8068 000:158.838 JLINK_ExecCommand("SetAllowFlashCache = 1", ...). 
T8068 000:158.859 - 0.000ms returns 0x01
T8068 000:158.880 JLINK_ExecCommand("SetRestartOnClose = 0", ...). 
T8068 000:158.901 - 0.001ms returns 0x01
T8068 000:158.922 JLINK_ExecCommand("SetAllowSimulation = 0", ...). 
T8068 000:158.944 - 0.001ms returns 0x00
T8068 000:158.964 JLINK_EnableSoftBPs(ON)
T8068 000:158.984 - 0.020ms 
T8068 000:159.005 JLINK_Connect()
T8068 000:160.108   ConfigTargetSettings() start
T8068 000:160.188    J-Link Script File: Executing ConfigTargetSettings()
T8068 000:160.211   Configuring FlashDLNoRMWThreshold=0x200 in order to make sure that option bytes programming is done via read-modify-write
T8068 000:186.251   ConfigTargetSettings() end - Took 26.0ms
T8068 000:186.298   InitTarget() start
T8068 000:186.328    J-Link Script File: Executing InitTarget()
T8068 000:186.348   SWD selected. Executing JTAG -> SWD switching sequence.
T8068 000:190.227   DAP initialized successfully.
T8068 000:195.312   Authentication not required. Skipping authentication process.
T8068 000:195.427   Determining TrustZone configuration...
T8068 000:199.901     Secure Debug: Enabled (SSD)
T8068 000:199.964   Determining currently configured transfer type by reading the AHB-AP CSW register.
T8068 000:205.364     --> Correct transfer type configured. Done.
T8068 000:205.431   InitTarget() end - Took 19.1ms
T8068 000:206.324   Found SW-DP with ID 0x6BA02477
T8068 000:209.502   DPIDR: 0x6BA02477
T8068 000:209.573   CoreSight SoC-400 or earlier
T8068 000:209.598   Scanning AP map to find all available APs
T8068 000:211.141   AP[2]: Stopped AP scan as end of AP map has been reached
T8068 000:211.197   AP[0]: AHB-AP (IDR: 0x84770001, ADDR: 0x00000000)
T8068 000:211.222   AP[1]: APB-AP (IDR: 0x54770002, ADDR: 0x01000000)
T8068 000:211.248   Iterating through AP map to find AHB-AP to use
T8068 000:212.559   AP[0]: Core found
T8068 000:212.612   AP[0]: AHB-AP ROM base: 0xE00FE000
T8068 000:213.242   CPUID register: 0x410FD214. Implementer code: 0x41 (ARM)
T8068 000:213.295   Feature set: Mainline
T8068 000:213.936   Cache: No cache
T8068 000:213.989   Found Cortex-M33 r0p4, Little endian.
T8068 000:214.712   -- Max. mem block: 0x0001D830
T8068 000:217.522   CPU_ReadMem(4 bytes @ 0xE000EDF0)
T8068 000:218.267   CPU_WriteMem(4 bytes @ 0xE000EDF0)
T8068 000:218.939   CPU_ReadMem(4 bytes @ 0xE0002000)
T8068 000:219.381   FPUnit: 8 code (BP) slots and 0 literal slots
T8068 000:219.434   CPU_ReadMem(4 bytes @ 0xE000EDFC)
T8068 000:219.949   CPU_WriteMem(4 bytes @ 0xE000EDFC)
T8068 000:220.589   CPU_ReadMem(4 bytes @ 0xE0001000)
T8068 000:221.173   CPU_ReadMem(4 bytes @ 0xE0001000)
T8068 000:221.718   CPU_ReadMem(4 bytes @ 0xE0001028)
T8068 000:222.272   CPU_ReadMem(4 bytes @ 0xE0001038)
T8068 000:222.788   CPU_ReadMem(4 bytes @ 0xE0001048)
T8068 000:223.370   CPU_ReadMem(4 bytes @ 0xE0001058)
T8068 000:223.935   CPU_WriteMem(4 bytes @ 0xE0001000)
T8068 000:224.475   CPU_ReadMem(4 bytes @ 0xE000ED88)
T8068 000:225.027   CPU_WriteMem(4 bytes @ 0xE000ED88)
T8068 000:225.616   CPU_ReadMem(4 bytes @ 0xE000ED88)
T8068 000:226.184   CPU_WriteMem(4 bytes @ 0xE000ED88)
T8068 000:226.751   CPU_ReadMem(4 bytes @ 0xE000EFB8)
T8068 000:227.359   Security extension: implemented
T8068 000:227.411   Secure debug: enabled
T8068 000:227.437   CoreSight components:
T8068 000:227.461   ROMTbl[0] @ E00FE000
T8068 000:227.487   CPU_ReadMem(64 bytes @ 0xE00FE000)
T8068 000:228.484   CPU_ReadMem(32 bytes @ 0xE0044FE0)
T8068 000:229.382   CPU_ReadMem(4 bytes @ 0xE0044FBC)
T8068 000:230.055   CPU_ReadMem(4 bytes @ 0xE0044FCC)
T8068 000:230.616   [0][0]: E0044000 CID B105900D PID 005BB906 DEVARCH 00000000 DEVTYPE 14 CTI (?)
T8068 000:230.665   CPU_ReadMem(32 bytes @ 0xE0047FE0)
T8068 000:231.468   CPU_ReadMem(4 bytes @ 0xE0047FBC)
T8068 000:232.097   CPU_ReadMem(4 bytes @ 0xE0047FCC)
T8068 000:232.665   [0][1]: E0047000 CID B105900D PID 003BB908 DEVARCH 00000000 DEVTYPE 12 CSTF
T8068 000:232.712   CPU_ReadMem(32 bytes @ 0xE0048FE0)
T8068 000:233.437   CPU_ReadMem(4 bytes @ 0xE0048FBC)
T8068 000:234.132   CPU_ReadMem(4 bytes @ 0xE0048FCC)
T8068 000:234.632   [0][2]: E0048000 CID B105900D PID 001BB961 DEVARCH 00000000 DEVTYPE 21 TMC
T8068 000:234.683   CPU_ReadMem(32 bytes @ 0xE0049FE0)
T8068 000:235.480   [0][3]: E0049000 CID B105F00D PID 001BB101 TSG
T8068 000:235.554   CPU_ReadMem(32 bytes @ 0xE0040FE0)
T8068 000:236.256   CPU_ReadMem(4 bytes @ 0xE0040FBC)
T8068 000:236.916   CPU_ReadMem(4 bytes @ 0xE0040FCC)
T8068 000:237.421   [0][4]: E0040000 CID B105900D PID 000BBD21 DEVARCH 00000000 DEVTYPE 11 TPIU
T8068 000:237.482   CPU_ReadMem(32 bytes @ 0xE00FFFE0)
T8068 000:238.189   [0][5]: E00FF000 CID B105100D PID 000BB4C9 ROM Table
T8068 000:238.237   ROMTbl[1] @ E00FF000
T8068 000:238.263   CPU_ReadMem(64 bytes @ 0xE00FF000)
T8068 000:239.262   CPU_ReadMem(32 bytes @ 0xE000EFE0)
T8068 000:240.021   CPU_ReadMem(4 bytes @ 0xE000EFBC)
T8068 000:240.603   CPU_ReadMem(4 bytes @ 0xE000EFCC)
T8068 000:241.225   [1][0]: E000E000 CID B105900D PID 000BBD21 DEVARCH 47702A04 DEVTYPE 00 Cortex-M33
T8068 000:241.281   CPU_ReadMem(32 bytes @ 0xE0001FE0)
T8068 000:242.056   CPU_ReadMem(4 bytes @ 0xE0001FBC)
T8068 000:242.664   CPU_ReadMem(4 bytes @ 0xE0001FCC)
T8068 000:243.168   [1][1]: E0001000 CID B105900D PID 000BBD21 DEVARCH 47701A02 DEVTYPE 00 DWT
T8068 000:243.218   CPU_ReadMem(32 bytes @ 0xE0002FE0)
T8068 000:243.979   CPU_ReadMem(4 bytes @ 0xE0002FBC)
T8068 000:244.482   CPU_ReadMem(4 bytes @ 0xE0002FCC)
T8068 000:245.031   [1][2]: E0002000 CID B105900D PID 000BBD21 DEVARCH 47701A03 DEVTYPE 00 FPB
T8068 000:245.083   CPU_ReadMem(32 bytes @ 0xE0000FE0)
T8068 000:245.794   CPU_ReadMem(4 bytes @ 0xE0000FBC)
T8068 000:246.394   CPU_ReadMem(4 bytes @ 0xE0000FCC)
T8068 000:247.087   [1][3]: E0000000 CID B105900D PID 000BBD21 DEVARCH 47701A01 DEVTYPE 43 ITM
T8068 000:247.136   CPU_ReadMem(32 bytes @ 0xE0041FE0)
T8068 000:247.825   CPU_ReadMem(4 bytes @ 0xE0041FBC)
T8068 000:248.364   CPU_ReadMem(4 bytes @ 0xE0041FCC)
T8068 000:248.994   [1][5]: E0041000 CID B105900D PID 002BBD21 DEVARCH 47724A13 DEVTYPE 13 ETM
T8068 000:249.042   CPU_ReadMem(32 bytes @ 0xE0042FE0)
T8068 000:249.784   CPU_ReadMem(4 bytes @ 0xE0042FBC)
T8068 000:250.379   CPU_ReadMem(4 bytes @ 0xE0042FCC)
T8068 000:250.934   [1][6]: E0042000 CID B105900D PID 000BBD21 DEVARCH 47701A14 DEVTYPE 14 CSS600-CTI
T8068 000:251.034 - 92.029ms returns 0x00
T8068 000:251.077 JLINK_Halt()
T8068 000:255.151 - 4.073ms returns 0x00
T8068 000:255.219 JLINK_IsHalted()
T8068 000:255.261 - 0.041ms returns TRUE
T8068 000:255.284 JLINK_ResetPullsRESET(ON)
T8068 000:255.305 - 0.021ms 
T8068 000:255.332 JLINK_Reset()
T8068 000:255.366   JLINK_GetResetTypeDesc
T8068 000:255.388   - 0.022ms 
T8068 000:255.407   Reset type: CONNECT UNDER RESET (https://wiki.segger.com/J-Link_Reset_Strategies)
T8068 000:255.430   CPU_WriteMem(4 bytes @ 0xE000EDF0)
T8068 000:256.006   CPU_ReadMem(4 bytes @ 0xE000ED44)
T8068 000:256.597   CPU_ReadMem(4 bytes @ 0xE000EE08)
T8068 000:257.153   CPU_WriteMem(4 bytes @ 0xE000EE08)
T8068 000:257.735   CPU_ReadMem(4 bytes @ 0xE000EE08)
T8068 000:258.299   Reset: ARMv8M core with Security Extension enabled detected. Switch to secure domain.
T8068 000:258.349   CPU_WriteMem(4 bytes @ 0xE000EDFC)
T8068 000:258.962   Reset: Halt core after reset via DEMCR.VC_CORERESET.
T8068 000:261.696   Reset: Reset device via AIRCR.SYSRESETREQ.
T8068 000:261.754   CPU_WriteMem(4 bytes @ 0xE000ED0C)
T8068 000:316.233   CPU_ReadMem(4 bytes @ 0xE000EDF0)
T8068 000:316.895   CPU_ReadMem(4 bytes @ 0xE000EDF0)
T8068 000:318.984   CPU_WriteMem(4 bytes @ 0xE000EDFC)
T8068 000:326.409   CPU_ReadMem(4 bytes @ 0xE000EDF0)
T8068 000:330.845   CPU_WriteMem(4 bytes @ 0xE0002000)
T8068 000:331.412   CPU_ReadMem(4 bytes @ 0xE000EDFC)
T8068 000:332.099   CPU_ReadMem(4 bytes @ 0xE0001000)
T8068 000:332.663   CPU_ReadMem(4 bytes @ 0xE000EE08)
T8068 000:333.228 - 77.894ms 
T8068 000:333.327 JLINK_ReadMem(0x010080F0, 0x10 Bytes, ...)
T8068 000:333.355   CPU_ReadMem(16 bytes @ 0x010080F0)
T8068 000:334.029   Data:  52 37 46 41 34 45 32 42 39 33 43 46 4D 20 20 20
T8068 000:334.081 - 0.754ms returns 0
T8068 000:334.116 JLINK_IsHalted()
T8068 000:334.142 - 0.025ms returns TRUE
T8068 000:335.147 JLINK_IsHalted()
T8068 000:335.218 - 0.070ms returns TRUE
T8068 000:335.245 JLINK_MeasureCPUSpeed(RAMAddr = 0x20000000)
T8068 000:335.271   CPU_ReadMem(16 bytes @ 0x20000000)
T8068 000:335.866   CPU_ReadMem(4 bytes @ 0xE000EDFC)
T8068 000:336.418   CPU_ReadMem(4 bytes @ 0xE0001000)
T8068 000:336.997   CPU_ReadMem(6 bytes @ 0x20000000)
T8068 000:337.660   CPU_ReadMem(4 bytes @ 0xE000ED90)
T8068 000:338.244   CPU_ReadMem(4 bytes @ 0xE000ED94)
T8068 000:338.723   CPU_WriteMem(16 bytes @ 0x20000000)
T8068 000:339.389   CPU_WriteMem(6 bytes @ 0x20000000)
T8068 000:340.014   CPU_ReadMem(6 bytes @ 0x20000000)
T8068 000:340.561   CPU_ReadMem(4 bytes @ 0xE000EE08)
T8068 000:341.129   CPU_WriteMem(4 bytes @ 0xE0002008)
T8068 000:341.183   CPU_WriteMem(4 bytes @ 0xE000200C)
T8068 000:341.212   CPU_WriteMem(4 bytes @ 0xE0002010)
T8068 000:341.242   CPU_WriteMem(4 bytes @ 0xE0002014)
T8068 000:341.281   CPU_WriteMem(4 bytes @ 0xE0002018)
T8068 000:341.310   CPU_WriteMem(4 bytes @ 0xE000201C)
T8068 000:341.351   CPU_WriteMem(4 bytes @ 0xE0002020)
T8068 000:341.381   CPU_WriteMem(4 bytes @ 0xE0002024)
T8068 000:343.233   CPU_WriteMem(4 bytes @ 0xE0001004)
T8068 000:350.710   CPU_ReadMem(4 bytes @ 0xE0001004)
T8068 000:351.342   CPU_ReadMem(4 bytes @ 0xE000EE08)
T8068 000:351.982   CPU_WriteMem(4 bytes @ 0xE0002008)
T8068 000:352.663   CPU_WriteMem(4 bytes @ 0xE000200C)
T8068 000:353.264   CPU_WriteMem(4 bytes @ 0xE0002010)
T8068 000:353.909   CPU_WriteMem(4 bytes @ 0xE0002014)
T8068 000:354.488   CPU_WriteMem(4 bytes @ 0xE0002018)
T8068 000:355.161   CPU_WriteMem(4 bytes @ 0xE000201C)
T8068 000:355.636   CPU_WriteMem(4 bytes @ 0xE0002020)
T8068 000:356.270   CPU_WriteMem(4 bytes @ 0xE0002024)
T8068 000:356.915   CPU_ReadMem(4 bytes @ 0xE000EE08)
T8068 000:357.560   CPU_ReadMem(4 bytes @ 0xE000EE08)
T8068 000:358.177   CPU_WriteMem(4 bytes @ 0xE0001004)
T8068 000:385.635   CPU_ReadMem(4 bytes @ 0xE0001004)
T8068 000:386.185   CPU_WriteMem(6 bytes @ 0x20000000)
T8068 000:386.845   ClockFreq: 2068800 Hz
T8068 000:386.895 - 51.649ms returns 2068800
T8068 000:386.931 JLINK_ReadReg(XPSR)
T8068 000:386.956   CPU_ReadMem(4 bytes @ 0xE000EE08)
T8068 000:387.457 - 0.520ms returns 0xF9000000
T41AC 002:715.846 JLINK_ResetPullsRESET(ON)
T41AC 002:715.949 - 0.103ms 
T41AC 002:715.971 JLINK_Halt()
T41AC 002:716.502 - 0.531ms returns 0x00
T41AC 002:716.569 JLINK_IsHalted()
T41AC 002:716.597 - 0.028ms returns TRUE
T41AC 002:716.625 JLINK_Reset()
T41AC 002:716.660   JLINK_GetResetTypeDesc
T41AC 002:716.686   - 0.026ms 
T41AC 002:716.711   Reset type: CONNECT UNDER RESET (https://wiki.segger.com/J-Link_Reset_Strategies)
T41AC 002:716.739   CPU_WriteMem(4 bytes @ 0xE000EDF0)
T41AC 002:717.336   CPU_ReadMem(4 bytes @ 0xE000ED44)
T41AC 002:717.875   CPU_ReadMem(4 bytes @ 0xE000EE08)
T41AC 002:718.320   CPU_WriteMem(4 bytes @ 0xE000EE08)
T41AC 002:718.791   CPU_ReadMem(4 bytes @ 0xE000EE08)
T41AC 002:719.274   Reset: ARMv8M core with Security Extension enabled detected. Switch to secure domain.
T41AC 002:719.313   CPU_WriteMem(4 bytes @ 0xE000EDFC)
T41AC 002:719.777   Reset: Halt core after reset via DEMCR.VC_CORERESET.
T41AC 002:720.443   Reset: Reset device via AIRCR.SYSRESETREQ.
T41AC 002:720.484   CPU_WriteMem(4 bytes @ 0xE000ED0C)
T41AC 002:780.251   CPU_ReadMem(4 bytes @ 0xE000EDF0)
T41AC 002:780.784   CPU_ReadMem(4 bytes @ 0xE000EDF0)
T41AC 002:783.417   CPU_WriteMem(4 bytes @ 0xE000EDFC)
T41AC 002:789.522   CPU_ReadMem(4 bytes @ 0xE000EDF0)
T41AC 002:794.021   CPU_WriteMem(4 bytes @ 0xE0002000)
T41AC 002:794.593   CPU_ReadMem(4 bytes @ 0xE000EDFC)
T41AC 002:795.074   CPU_ReadMem(4 bytes @ 0xE0001000)
T41AC 002:795.623   CPU_ReadMem(4 bytes @ 0xE000EE08)
T41AC 002:796.198 - 79.572ms 
T41AC 002:796.244 JLINK_SetEndian(ARM_ENDIAN_LITTLE)
T41AC 002:796.265 - 0.020ms returns 0
T41AC 002:797.105 JLINK_BeginDownload(Flags = 0x00000000)
T41AC 002:797.148 - 0.043ms 
T41AC 002:813.735 JLINK_WriteMem(0x00000000, 0x50 Bytes, ...)
T41AC 002:813.819   Data:  A0 04 00 20 D9 0E 00 00 19 0D 00 00 D5 0E 00 00 ...
T41AC 002:814.065   completely In flash
T41AC 002:814.104 - 0.370ms returns 0x50
T41AC 002:814.880 JLINK_WriteMem(0x00000050, 0x94 Bytes, ...)
T41AC 002:814.938   Data:  53 4E 78 78 78 78 78 78 3B 41 63 6D 65 20 57 69 ...
T41AC 002:814.972   completely In flash
T41AC 002:815.000 - 0.120ms returns 0x94
T41AC 002:815.725 JLINK_WriteMem(0x000000E4, 0xBAC Bytes, ...)
T41AC 002:815.781   Data:  03 48 04 4B 83 42 02 D0 03 4B 03 B1 18 47 70 47 ...
T41AC 002:815.822   completely In flash
T41AC 002:815.851 - 0.126ms returns 0xBAC
T41AC 002:816.564 JLINK_WriteMem(0x00000C90, 0xB80 Bytes, ...)
T41AC 002:816.636   Data:  92 F8 40 30 DB 09 FB D1 92 F8 42 00 04 49 63 F3 ...
T41AC 002:816.688   completely In flash
T41AC 002:816.733 - 0.169ms returns 0xB80
T41AC 002:817.432 JLINK_WriteMem(0x00001810, 0x8F4 Bytes, ...)
T41AC 002:817.547   Data:  23 68 33 44 23 60 BD E8 F0 87 2A 46 00 F0 D6 FA ...
T41AC 002:817.586   completely In flash
T41AC 002:817.612 - 0.180ms returns 0x8F4
T41AC 002:818.369 JLINK_WriteMem(0x00002104, 0x4 Bytes, ...)
T41AC 002:818.416   Data:  F8 B5 00 BF
T41AC 002:818.449   completely In flash
T41AC 002:818.477 - 0.108ms returns 0x4
T41AC 002:819.073 JLINK_WriteMem(0x00002108, 0x4 Bytes, ...)
T41AC 002:819.115   Data:  F8 B5 00 BF
T41AC 002:819.148   completely In flash
T41AC 002:819.177 - 0.104ms returns 0x4
T41AC 002:819.850 JLINK_WriteMem(0x0000210C, 0x4 Bytes, ...)
T41AC 002:819.903   Data:  51 01 00 00
T41AC 002:819.934   completely In flash
T41AC 002:819.965 - 0.115ms returns 0x4
T41AC 002:820.550 JLINK_WriteMem(0x00002110, 0x4 Bytes, ...)
T41AC 002:820.599   Data:  29 01 00 00
T41AC 002:820.633   completely In flash
T41AC 002:820.674 - 0.125ms returns 0x4
T41AC 002:821.331 JLINK_WriteMem(0x00002114, 0x8 Bytes, ...)
T41AC 002:821.384   Data:  76 F4 FF 7F 01 00 00 00
T41AC 002:821.418   completely In flash
T41AC 002:821.447 - 0.115ms returns 0x8
T41AC 002:822.369 JLINK_WriteMem(0x0100A100, 0x4 Bytes, ...)
T41AC 002:822.427   Data:  FF FF FF FF
T41AC 002:822.726   completely In flash
T41AC 002:822.803 - 0.435ms returns 0x4
T41AC 002:824.094 JLINK_WriteMem(0x0100A200, 0x4 Bytes, ...)
T41AC 002:824.153   Data:  FF FD FF FF
T41AC 002:824.187   completely In flash
T41AC 002:824.216 - 0.122ms returns 0x4
T41AC 002:843.861 JLINK_EndDownload()
T41AC 002:844.339   CPU_ReadMem(4 bytes @ 0xE000ED90)
T41AC 002:844.898   CPU_ReadMem(4 bytes @ 0xE000ED94)
T41AC 002:845.447    -- --------------------------------------
T41AC 002:845.499    -- Start of determining flash info (Bank @ 0x0100A100)
T41AC 002:845.528    -- End of determining flash info
T41AC 002:845.555    -- Start of determining dirty areas in flash cache
T41AC 002:845.583    -- Filling invalid ranges in sector buffer (flash cache) for sector @ 0x0100A100 if necessary
T41AC 002:845.614    -- Filling invalid ranges in sector buffer (flash cache) for sector @ 0x0100A200 if necessary
T41AC 002:845.642    -- End of determining dirty areas
T41AC 002:845.668    -- Start of preparing flash programming
T41AC 002:845.695    -- Preparing RAMCode
T41AC 002:845.720    -- Calculating RAM usage
T41AC 002:845.748    -- RAM usage = 4392 Bytes
T41AC 002:845.774    -- Preserving CPU registers
T41AC 002:846.405    -- Preparing memory
T41AC 002:846.452    -- Determining CPU clock frequency
T41AC 002:901.360    -- CPU frequency = 2068 kHz
T41AC 002:901.442    -- Preparing target
T41AC 002:901.470    -- Preserving target RAM temporarily used for programming
T41AC 002:924.414    -- Downloading RAMCode
T41AC 002:953.598    -- Initializing RAMCode (InitType: 3 = Verify)
T41AC 002:953.690    -- Executing Init(3)
T41AC 002:968.235    -- End of preparing flash programming
T41AC 002:976.084   
  ***** Warning: 
T41AC 002:976.167   CPU is running at low speed (2068 kHz).
T41AC 002:976.195    -- CPU is running at 2068 kHz.
T41AC 002:976.226    -- Start of comparing flash
T41AC 002:976.256    -- Flash algorithm supports a native verify function which is used to compare the flash content.
T41AC 003:030.541    -- Comparing range 0x100A100 - 0x100A10F (1 Sector, 16 Bytes), using verify function of the RAMCode
T41AC 003:031.830    -- Data matches for sector 0
T41AC 003:037.827    -- Comparing range 0x100A200 - 0x100A20F (1 Sector, 16 Bytes), using verify function of the RAMCode
T41AC 003:039.016    -- Data does not match for sector 16
T41AC 003:039.088    -- End of comparing flash
T41AC 003:039.119    -- Start of erasing sectors
T41AC 003:039.149    -- Erasing range 0x0100A200 - 0x0100A20F (  1 Sector, 16 Bytes)
T41AC 003:039.182    -- Initializing RAMCode (InitType: 1 = Erase)
T41AC 003:039.210    -- Executing UnInit()
T41AC 003:045.545    -- Executing Init(1)
T41AC 003:063.651    -- End of erasing sectors
T41AC 003:063.750    -- Start of flash programming
T41AC 003:063.780    -- Programming range 0x0100A200 - 0x0100A20F (  1 Sector, 16 Bytes)
T41AC 003:067.147    -- Initializing RAMCode (InitType: 2 = Program)
T41AC 003:067.223    -- Executing UnInit()
T41AC 003:073.780    -- Executing Init(2)
T41AC 003:078.996    -- End of flash programming
T41AC 003:079.092    -- 0x100A200 - 0x100A20F (  1 Sector, 16 Bytes)
T41AC 003:079.125    -- Start of verifying flash
T41AC 003:079.155    -- Flash algorithm supports a native verify function which is used during flash programming.
T41AC 003:079.192    -- Initializing RAMCode (InitType: 3 = Verify)
T41AC 003:079.220    -- Executing UnInit()
T41AC 003:091.525    -- Executing Init(3)
T41AC 003:098.570    -- End of verifying flash
T41AC 003:098.652    -- Start of restoring
T41AC 003:098.680    -- Executing UnInit()
T41AC 003:105.378    -- Restoring target memory
T41AC 003:123.951    -- Restoring CPU registers
T41AC 003:125.694    -- End of restoring
T41AC 003:125.765    -- Bank 0 @ 0x0100A100: 1 range affected (16 bytes)
T41AC 003:125.794    -- Total: 0.280s (Prepare: 0.130s, Compare: 0.062s, Erase: 0.024s, Program: 0.020s, Verify: 0.014s, Restore: 0.027s)
T41AC 003:125.824    -- Program speed: 0 KB/s
T41AC 003:136.361    -- --------------------------------------
T41AC 003:136.428    -- Flash bank @ 0x00000000: Default: L2 verify disabled because algorithm performs L1 verify
T41AC 003:136.457    -- Start of determining dirty areas in flash cache
T41AC 003:136.486    -- Filling invalid ranges in sector buffer (flash cache) for sector @ 0x00000000 if necessary
T41AC 003:136.514    -- Filling invalid ranges in sector buffer (flash cache) for sector @ 0x00002000 if necessary
T41AC 003:136.563    -- End of determining dirty areas
T41AC 003:136.591    -- Start of preparing flash programming
T41AC 003:136.619    -- Calculating RAM usage
T41AC 003:136.724    -- RAM usage = 3492 Bytes
T41AC 003:136.754    -- Preserving CPU registers
T41AC 003:136.815    -- Determining CPU clock frequency
T41AC 003:178.476    -- Preparing target
T41AC 003:178.555    -- Preserving target RAM temporarily used for programming
T41AC 003:196.914    -- Downloading RAMCode
T41AC 003:218.311    -- Preparing RAMCode
T41AC 003:230.108    -- CPU frequency = 100000 kHz
T41AC 003:230.210    -- End of preparing flash programming
T41AC 003:232.355    -- CPU is running at 100000 kHz.
T41AC 003:232.461    -- Start of comparing flash
T41AC 003:232.515    -- CRC check was estimated as fastest method
T41AC 003:257.556    -- Comparing range 0x0000 - 0x3FFF (2 Sectors, 16 KB), using multi-block CRC calculation
T41AC 003:265.217    -- CRC does not match for sectors 0-1
T41AC 003:265.317    -- End of comparing flash
T41AC 003:265.366    -- Start of erasing sectors
T41AC 003:265.407    -- End of erasing sectors
T41AC 003:265.449    -- Start of flash programming
T41AC 003:265.490    -- Programming range 0x00000000 - 0x00003FFF (  2 Sectors, 16 KB)
T41AC 003:373.070    -- End of flash programming
T41AC 003:373.166    -- 0x0000 - 0x3FFF (  2 Sectors, 16 KB)
T41AC 003:373.200    -- Start of restoring
T41AC 003:373.228    -- Restoring RAMCode
T41AC 003:388.575    -- Restoring target memory
T41AC 003:403.548    -- Restore target
T41AC 003:403.626    -- Restoring CPU registers
T41AC 003:404.417    -- End of restoring
T41AC 003:404.476    -- Bank 1 @ 0x00000000: 1 range affected (16384 bytes)
T41AC 003:404.507    -- Total: 0.267s (Prepare: 0.095s, Compare: 0.032s, Erase: 0.000s, Program & Verify: 0.116s, Restore: 0.022s)
T41AC 003:404.536    -- Program & Verify speed: 138 KB/s
T41AC 003:416.084 - 572.221ms returns 16400 (0x4010)
T41AC 003:417.901 JLINK_WriteReg(R15 (PC), 0x00000ED8)
T41AC 003:417.977 - 0.076ms returns 0
T41AC 003:418.000 JLINK_WriteReg(XPSR, 0x01000000)
T41AC 003:418.020 - 0.019ms returns 0
T41AC 003:419.031 JLINK_ResetPullsRESET(ON)
T41AC 003:419.089 - 0.057ms 
T41AC 003:419.110 JLINK_Halt()
T41AC 003:419.556 - 0.445ms returns 0x00
T41AC 003:419.604 JLINK_IsHalted()
T41AC 003:419.624 - 0.020ms returns TRUE
T41AC 003:419.645 JLINK_Reset()
T41AC 003:419.671   JLINK_GetResetTypeDesc
T41AC 003:419.695   - 0.023ms 
T41AC 003:419.717   Reset type: CONNECT UNDER RESET (https://wiki.segger.com/J-Link_Reset_Strategies)
T41AC 003:419.739   CPU_WriteMem(4 bytes @ 0xE000EDF0)
T41AC 003:420.144   CPU_ReadMem(4 bytes @ 0xE000ED44)
T41AC 003:420.580   CPU_ReadMem(4 bytes @ 0xE000EE08)
T41AC 003:421.080   CPU_WriteMem(4 bytes @ 0xE000EE08)
T41AC 003:421.548   CPU_ReadMem(4 bytes @ 0xE000EE08)
T41AC 003:422.049   Reset: ARMv8M core with Security Extension enabled detected. Switch to secure domain.
T41AC 003:422.118   CPU_WriteMem(4 bytes @ 0xE000EDFC)
T41AC 003:422.537   Reset: Halt core after reset via DEMCR.VC_CORERESET.
T41AC 003:423.266   Reset: Reset device via AIRCR.SYSRESETREQ.
T41AC 003:423.339   CPU_WriteMem(4 bytes @ 0xE000ED0C)
T41AC 003:479.167   CPU_ReadMem(4 bytes @ 0xE000EDF0)
T41AC 003:481.772   CPU_ReadMem(4 bytes @ 0xE000EDF0)
T41AC 003:482.352   CPU_WriteMem(4 bytes @ 0xE000EDFC)
T41AC 003:489.906   CPU_ReadMem(4 bytes @ 0xE000EDF0)
T41AC 003:494.050   CPU_WriteMem(4 bytes @ 0xE0002000)
T41AC 003:494.513   CPU_ReadMem(4 bytes @ 0xE000EDFC)
T41AC 003:494.867   CPU_ReadMem(4 bytes @ 0xE0001000)
T41AC 003:495.217   CPU_ReadMem(4 bytes @ 0xE000EE08)
T41AC 003:495.575 - 75.929ms 
T41AC 003:495.610 JLINK_SetEndian(ARM_ENDIAN_LITTLE)
T41AC 003:495.695 - 0.085ms returns 0
T41AC 003:521.431 JLINK_ReadMem(0x00000ED8, 0x4 Bytes, ...)
T41AC 003:521.500    -- Read from flash cache (4 bytes @ 0x00000ED8)
T41AC 003:521.536   Data:  08 B5 00 F0
T41AC 003:521.565 - 0.134ms returns 0
T41AC 003:527.661 JLINK_ReadMem(0x00000ED8, 0x4 Bytes, ...)
T41AC 003:527.733    -- Read from flash cache (4 bytes @ 0x00000ED8)
T41AC 003:527.763   Data:  08 B5 00 F0
T41AC 003:527.790 - 0.129ms returns 0
T41AC 004:026.587 JLINK_GetNumBPUnits(Type = 0xFFFFFF00)
T41AC 004:026.655 - 0.068ms returns 0x08
T41AC 004:026.677 JLINK_GetNumWPUnits()
T41AC 004:026.696 - 0.019ms returns 4
T41AC 004:026.720 JLINK_GetNumBPUnits(Type = 0xFFFFFF00)
T41AC 004:026.739 - 0.018ms returns 0x08
T41AC 004:026.758 JLINK_GetNumWPUnits()
T41AC 004:026.776 - 0.017ms returns 4
T41AC 004:026.797 JLINK_GetNumBPUnits(Type = 0xFFFFFF00)
T41AC 004:026.816 - 0.018ms returns 0x08
T41AC 004:026.835 JLINK_GetNumWPUnits()
T41AC 004:026.859 - 0.023ms returns 4
T41AC 004:026.916 JLINK_SetBPEx(Addr = 0x00000370, Type = 0xFFFFFF00)
T41AC 004:026.949 - 0.033ms returns 0x00000001
T41AC 004:026.978 JLINK_ClrBPEx(BPHandle = 0x00000001)
T41AC 004:027.399 - 0.420ms returns 0x00
T41AC 004:030.471 JLINK_ReadMem(0x00000340, 0x40 Bytes, ...)
T41AC 004:030.546    -- Read from flash cache (64 bytes @ 0x00000340)
T41AC 004:030.577   Data:  30 00 00 20 2C 00 00 20 FB 05 00 20 34 00 00 20 ...
T41AC 004:030.606 - 0.135ms returns 0
T41AC 004:032.095 JLINK_ReadMem(0x00000370, 0x2 Bytes, ...)
T41AC 004:032.156    -- Read from flash cache (2 bytes @ 0x00000370)
T41AC 004:032.193   Data:  08 B5
T41AC 004:032.222 - 0.128ms returns 0
T41AC 004:032.925 JLINK_SetBPEx(Addr = 0x00000370, Type = 0xFFFFFF00)
T41AC 004:032.984 - 0.056ms returns 0x00000002
T41AC 004:176.335 JLINK_ReadRegs(NumRegs = 22)
T41AC 004:176.470   CPU_ReadMem(4 bytes @ 0xE000EE08)
T41AC 004:176.923   
  R0 (0)        = 0x00                 R1 (1)        = 0x00                 R2 (2)        = 0x00                 R3 (3)        = 0x00              
  R4 (4)        = 0x00                 R5 (5)        = 0x00                 R6 (6)        = 0x00                 R7 (7)        = 0x00              
  R8 (8)        = 0x20000603           R9 (9)        = 0x200005EA           R10 (10)      = 0x20000034           R11 (11)      = 0x200004D7        
  R12 (12)      = 0x20007898           R13 (SP) (13) = 0x200004A0           R14 (14)      = 0xFFFFFFFF           R15 (PC) (15) = 0xED8             
  XPSR (16)     = 0xF9000000           MSP (17)      = 0x200004A0           PSP (18)      = 0x00                 MSPLIM (86)   = 0x00              
  PSPLIM (87)   = 0x00                 CFBP (20)     = 0x00              
T41AC 004:177.018 - 0.683ms returns 0x00
T41AC 004:179.504 JLINK_ReadMem(0x00000ED8, 0x4 Bytes, ...)
T41AC 004:179.616    -- Read from flash cache (4 bytes @ 0x00000ED8)
T41AC 004:179.668   Data:  08 B5 00 F0
T41AC 004:179.719 - 0.216ms returns 0
T8630 004:211.734 JLINK_GetNumBPUnits(Type = 0xFFFFFF00)
T8630 004:211.819 - 0.087ms returns 0x08
T8630 004:211.846 JLINK_GetNumWPUnits()
T8630 004:211.867 - 0.021ms returns 4
T8630 004:212.780 JLINK_GetNumBPUnits(Type = 0xFFFFFF00)
T8630 004:212.911 - 0.132ms returns 0x08
T8630 004:212.942 JLINK_GetNumWPUnits()
T8630 004:212.964 - 0.022ms returns 4
T8630 004:213.790 JLINK_GetNumBPUnits(Type = 0xFFFFFF00)
T8630 004:213.875 - 0.086ms returns 0x08
T8630 004:213.905 JLINK_GetNumWPUnits()
T8630 004:213.933 - 0.028ms returns 4
T8630 004:215.231 JLINK_GetNumBPUnits(Type = 0xFFFFFF00)
T8630 004:215.339 - 0.108ms returns 0x08
T8630 004:215.369 JLINK_GetNumWPUnits()
T8630 004:215.398 - 0.029ms returns 4
T8630 004:216.720 JLINK_ReadReg(XPSR)
T8630 004:216.818 - 0.098ms returns 0xF9000000
T8630 004:216.846 JLINK_ReadReg(R15 (PC))
T8630 004:216.872 - 0.026ms returns 0x00000ED8
T8630 004:217.383 JLINK_GetNumBPUnits(Type = 0xFFFFFF00)
T8630 004:217.457 - 0.074ms returns 0x08
T8630 004:217.490 JLINK_GetNumWPUnits()
T8630 004:217.519 - 0.029ms returns 4
T8630 004:217.988 JLINK_GetNumBPUnits(Type = 0xFFFFFF00)
T8630 004:218.077 - 0.090ms returns 0x08
T8630 004:218.132 JLINK_GetNumWPUnits()
T8630 004:218.182 - 0.049ms returns 4
T8630 004:218.808 JLINK_GetNumBPUnits(Type = 0xFFFFFF00)
T8630 004:218.875 - 0.066ms returns 0x08
T8630 004:218.905 JLINK_GetNumWPUnits()
T8630 004:218.933 - 0.028ms returns 4
T8630 004:219.890 JLINK_GetNumBPUnits(Type = 0xFFFFFF00)
T8630 004:219.956 - 0.068ms returns 0x08
T8630 004:219.992 JLINK_GetNumWPUnits()
T8630 004:220.026 - 0.034ms returns 4
T41AC 004:245.650 JLINK_ReadMem(0x00000ED8, 0x4 Bytes, ...)
T41AC 004:245.772    -- Read from flash cache (4 bytes @ 0x00000ED8)
T41AC 004:245.824   Data:  08 B5 00 F0
T41AC 004:245.872 - 0.222ms returns 0
T41AC 005:617.659 JLINK_STRACE_Read(..., NumItems = 0x10000)
T41AC 005:617.771   Initializing trace type buffer with configured Coresight trace components (* indicates set/detected address):
T41AC 005:617.794    *TF:   0xE0047000
T41AC 005:617.817    *TMC:  0xE0048000
T41AC 005:617.839     ETB:  0x00000000
T41AC 005:617.860     MTB:  0x00000000
T41AC 005:617.877    *TPIU: 0xE0040000
T41AC 005:617.895    *ETM:  0xE0041000
T41AC 005:617.912     STM:  0x00000000
T41AC 005:617.930     PTM:  0x00000000
T41AC 005:618.373 - 0.717ms NumItemsRead = 0x00
T41AC 005:618.447 JLINK_IsHalted()
T41AC 005:618.904 - 0.455ms returns TRUE
T41AC 005:618.980 JLINK_STRACE_Read(..., NumItems = 0x10000)
T41AC 005:619.005 - 0.025ms NumItemsRead = 0x00
T41AC 005:619.030 JLINK_GoEx(MaxEmulInsts = 0, Flags = 0x01)
T41AC 005:619.073   CPU_WriteMem(4 bytes @ 0xE0002000)
T41AC 005:619.556   CPU_ReadMem(4 bytes @ 0xE0001000)
T41AC 005:620.169   CPU_WriteMem(4 bytes @ 0xE0002008)
T41AC 005:620.246   CPU_WriteMem(4 bytes @ 0xE000200C)
T41AC 005:620.292   CPU_WriteMem(4 bytes @ 0xE0002010)
T41AC 005:620.336   CPU_WriteMem(4 bytes @ 0xE0002014)
T41AC 005:620.399   CPU_WriteMem(4 bytes @ 0xE0002018)
T41AC 005:620.443   CPU_WriteMem(4 bytes @ 0xE000201C)
T41AC 005:620.499   CPU_WriteMem(4 bytes @ 0xE0002020)
T41AC 005:620.550   CPU_WriteMem(4 bytes @ 0xE0002024)
T41AC 005:622.369   CPU_WriteMem(4 bytes @ 0xE0001004)
T41AC 005:623.577   Memory map 'after startup completion point' is active
T41AC 005:623.646 - 4.615ms 
T41AC 005:732.323 JLINK_IsHalted()
T41AC 005:736.224 - 3.901ms returns TRUE
T41AC 005:736.280 JLINK_ReadReg(XPSR)
T41AC 005:736.305   CPU_ReadMem(4 bytes @ 0xE000EE08)
T41AC 005:736.747 - 0.467ms returns 0x69000000
T41AC 005:736.794 JLINK_ReadReg(R15 (PC))
T41AC 005:736.825 - 0.031ms returns 0x00000370
T41AC 005:736.854 JLINK_ReadReg(XPSR)
T41AC 005:736.874 - 0.020ms returns 0x69000000
T41AC 005:736.900 JLINK_ReadReg(XPSR)
T41AC 005:736.919 - 0.018ms returns 0x69000000
T41AC 005:736.941 JLINK_ReadReg(R15 (PC))
T41AC 005:736.959 - 0.018ms returns 0x00000370
T41AC 005:737.033 JLINK_ReadReg(XPSR)
T41AC 005:737.054 - 0.021ms returns 0x69000000
T41AC 005:737.077 JLINK_ReadReg(XPSR)
T41AC 005:737.095 - 0.018ms returns 0x69000000
T41AC 005:737.117 JLINK_ReadMem(0x00000370, 0x1 Bytes, ...)
T41AC 005:737.141    -- Read from flash cache (1 bytes @ 0x00000370)
T41AC 005:737.169   Data:  08
T41AC 005:737.197 - 0.079ms returns 0
T41AC 005:737.218 JLINK_IsHalted()
T41AC 005:737.239 - 0.020ms returns TRUE
T41AC 005:738.077 JLINK_ReadReg(XPSR)
T41AC 005:738.123 - 0.045ms returns 0x69000000
T41AC 005:738.143 JLINK_ReadReg(XPSR)
T41AC 005:738.161 - 0.017ms returns 0x69000000
T41AC 005:738.179 JLINK_ReadReg(R15 (PC))
T41AC 005:738.197 - 0.017ms returns 0x00000370
T41AC 005:738.215 JLINK_ReadReg(XPSR)
T41AC 005:738.232 - 0.017ms returns 0x69000000
T41AC 005:738.250 JLINK_ReadReg(XPSR)
T41AC 005:738.266 - 0.016ms returns 0x69000000
T41AC 005:738.287 JLINK_ReadMem(0x00000370, 0x1 Bytes, ...)
T41AC 005:738.306    -- Read from flash cache (1 bytes @ 0x00000370)
T41AC 005:738.371   Data:  08
T41AC 005:738.401 - 0.113ms returns 0
T41AC 005:738.481 JLINK_IsHalted()
T41AC 005:738.504 - 0.023ms returns TRUE
T41AC 005:738.523 JLINK_ReadReg(XPSR)
T41AC 005:738.543 - 0.019ms returns 0x69000000
T41AC 005:738.562 JLINK_ReadReg(R15 (PC))
T41AC 005:738.580 - 0.017ms returns 0x00000370
T41AC 005:738.598 JLINK_ReadReg(XPSR)
T41AC 005:738.617 - 0.018ms returns 0x69000000
T41AC 005:738.635 JLINK_ReadReg(XPSR)
T41AC 005:738.654 - 0.018ms returns 0x69000000
T41AC 005:738.673 JLINK_ReadReg(R15 (PC))
T41AC 005:738.691 - 0.018ms returns 0x00000370
T41AC 005:738.710 JLINK_ReadReg(XPSR)
T41AC 005:738.728 - 0.018ms returns 0x69000000
T41AC 005:738.749 JLINK_ReadReg(XPSR)
T41AC 005:738.768 - 0.019ms returns 0x69000000
T41AC 005:738.788 JLINK_ReadMem(0x00000370, 0x1 Bytes, ...)
T41AC 005:738.807    -- Read from flash cache (1 bytes @ 0x00000370)
T41AC 005:738.849   Data:  08
T41AC 005:738.875 - 0.087ms returns 0
T41AC 005:738.897 JLINK_IsHalted()
T41AC 005:738.915 - 0.018ms returns TRUE
T41AC 005:738.934 JLINK_ReadReg(XPSR)
T41AC 005:738.955 - 0.021ms returns 0x69000000
T41AC 005:738.975 JLINK_ReadReg(XPSR)
T41AC 005:738.993 - 0.018ms returns 0x69000000
T41AC 005:739.013 JLINK_ReadReg(R15 (PC))
T41AC 005:739.033 - 0.020ms returns 0x00000370
T41AC 005:739.052 JLINK_ReadReg(XPSR)
T41AC 005:739.070 - 0.017ms returns 0x69000000
T41AC 005:739.090 JLINK_ReadReg(XPSR)
T41AC 005:739.109 - 0.018ms returns 0x69000000
T41AC 005:739.128 JLINK_ReadMem(0x00000370, 0x1 Bytes, ...)
T41AC 005:739.147    -- Read from flash cache (1 bytes @ 0x00000370)
T41AC 005:739.173   Data:  08
T41AC 005:739.201 - 0.073ms returns 0
T41AC 005:740.476 JLINK_ReadRegs(NumRegs = 22)
T41AC 005:740.572   
  R0 (0)        = 0x00                 R1 (1)        = 0x2004               R2 (2)        = 0x183                R3 (3)        = 0x04              
  R4 (4)        = 0x00                 R5 (5)        = 0x00                 R6 (6)        = 0x00                 R7 (7)        = 0x00              
  R8 (8)        = 0x20000603           R9 (9)        = 0x200005EA           R10 (10)      = 0x20000034           R11 (11)      = 0x200004D7        
  R12 (12)      = 0x10                 R13 (SP) (13) = 0x20000498           R14 (14)      = 0xEE3                R15 (PC) (15) = 0x370             
  XPSR (16)     = 0x69000000           MSP (17)      = 0x20000498           PSP (18)      = 0x00                 MSPLIM (86)   = 0x200000A0        
  PSPLIM (87)   = 0x00                 CFBP (20)     = 0x00              
T41AC 005:740.600 - 0.124ms returns 0x00
T41AC 005:742.821 JLINK_ReadMem(0x00000370, 0x4 Bytes, ...)
T41AC 005:742.931    -- Read from flash cache (4 bytes @ 0x00000370)
T41AC 005:742.980   Data:  08 B5 FF F7
T41AC 005:743.025 - 0.203ms returns 0
T41AC 005:745.185 JLINK_ClrBPEx(BPHandle = 0x00000002)
T41AC 005:745.262 - 0.077ms returns 0x00
T41AC 005:756.927 JLINK_ReadMem(0x00000370, 0x4 Bytes, ...)
T41AC 005:757.001    -- Read from flash cache (4 bytes @ 0x00000370)
T41AC 005:757.034   Data:  08 B5 FF F7
T41AC 005:757.086 - 0.159ms returns 0
T41AC 006:179.806 JLINK_STRACE_Read(..., NumItems = 0x10000)
T41AC 006:179.879 - 0.073ms NumItemsRead = 0x00
T41AC 006:179.904 JLINK_IsHalted()
T41AC 006:179.924 - 0.019ms returns TRUE
T41AC 006:179.944 JLINK_STRACE_Read(..., NumItems = 0x10000)
T41AC 006:179.962 - 0.018ms NumItemsRead = 0x00
T41AC 006:179.981 JLINK_GoEx(MaxEmulInsts = 0, Flags = 0x01)
T41AC 006:180.018   CPU_ReadMem(4 bytes @ 0xE0001000)
T41AC 006:180.458   CPU_WriteMem(4 bytes @ 0xE0002008)
T41AC 006:181.609 - 1.627ms 
T41AC 006:279.190 JLINK_IsHalted()
T41AC 006:279.763 - 0.572ms returns FALSE
T41AC 006:279.809 JLINK_IsHalted()
T41AC 006:280.305 - 0.495ms returns FALSE
T41AC 006:388.508 JLINK_IsHalted()
T41AC 006:389.106 - 0.597ms returns FALSE
T41AC 006:389.158 JLINK_IsHalted()
T41AC 006:389.598 - 0.440ms returns FALSE
T41AC 006:497.075 JLINK_IsHalted()
T41AC 006:497.684 - 0.608ms returns FALSE
T41AC 006:497.757 JLINK_IsHalted()
T41AC 006:498.283 - 0.524ms returns FALSE
T41AC 006:606.943 JLINK_IsHalted()
T41AC 006:607.515 - 0.572ms returns FALSE
T41AC 006:607.561 JLINK_IsHalted()
T41AC 006:608.097 - 0.535ms returns FALSE
T41AC 006:715.894 JLINK_IsHalted()
T41AC 006:716.518 - 0.623ms returns FALSE
T41AC 006:716.565 JLINK_IsHalted()
T41AC 006:717.094 - 0.528ms returns FALSE
T8630 006:746.328 JLINK_ReadReg(XPSR)
T8630 006:748.311   CPU is running
T8630 006:748.385   
  ***** Error: 
T8630 006:748.417   Cannot read register 16 (XPSR) while CPU is running
T8630 006:748.451 - 2.122ms returns 0x00000000
T8630 006:748.477 JLINK_ReadReg(R15 (PC))
T8630 006:749.076   CPU is running
T8630 006:749.137   
  ***** Error: 
T8630 006:749.169   Cannot read register 15 (R15) while CPU is running
T8630 006:749.201 - 0.724ms returns 0x00000000
T8630 006:750.511 JLINK_IsHalted()
T8630 006:753.424 - 2.910ms returns FALSE
T8630 006:753.493 JLINK_IsHalted()
T8630 006:753.928 - 0.433ms returns FALSE
T41AC 006:825.738 JLINK_IsHalted()
T41AC 006:826.385 - 0.646ms returns FALSE
T41AC 006:826.432 JLINK_IsHalted()
T41AC 006:827.010 - 0.577ms returns FALSE
T41AC 006:934.701 JLINK_IsHalted()
T41AC 006:935.297 - 0.595ms returns FALSE
T41AC 006:935.360 JLINK_IsHalted()
T41AC 006:935.908 - 0.547ms returns FALSE
T41AC 007:044.386 JLINK_IsHalted()
T41AC 007:045.017 - 0.630ms returns FALSE
T41AC 007:045.066 JLINK_IsHalted()
T41AC 007:045.495 - 0.428ms returns FALSE
T41AC 007:153.498 JLINK_IsHalted()
T41AC 007:154.203 - 0.704ms returns FALSE
T41AC 007:154.265 JLINK_IsHalted()
T41AC 007:154.634 - 0.367ms returns FALSE
T8630 007:183.013 JLINK_IsHalted()
T8630 007:183.632 - 0.618ms returns FALSE
T8630 007:183.684 JLINK_IsHalted()
T8630 007:184.121 - 0.437ms returns FALSE
T41AC 007:263.550 JLINK_IsHalted()
T41AC 007:264.314 - 0.764ms returns FALSE
T41AC 007:264.368 JLINK_IsHalted()
T41AC 007:264.953 - 0.584ms returns FALSE
T41AC 007:372.655 JLINK_IsHalted()
T41AC 007:373.339 - 0.684ms returns FALSE
T41AC 007:373.393 JLINK_IsHalted()
T41AC 007:373.960 - 0.565ms returns FALSE
T41AC 007:481.294 JLINK_IsHalted()
T41AC 007:481.900 - 0.605ms returns FALSE
T41AC 007:481.943 JLINK_IsHalted()
T41AC 007:482.418 - 0.474ms returns FALSE
T41AC 007:591.073 JLINK_IsHalted()
T41AC 007:591.611 - 0.537ms returns FALSE
T41AC 007:591.656 JLINK_IsHalted()
T41AC 007:592.087 - 0.430ms returns FALSE
T41AC 007:700.850 JLINK_IsHalted()
T41AC 007:701.457 - 0.606ms returns FALSE
T41AC 007:701.498 JLINK_IsHalted()
T41AC 007:701.964 - 0.465ms returns FALSE
T41AC 007:809.717 JLINK_IsHalted()
T41AC 007:810.345 - 0.628ms returns FALSE
T41AC 007:810.390 JLINK_IsHalted()
T41AC 007:810.856 - 0.465ms returns FALSE
T41AC 007:919.191 JLINK_IsHalted()
T41AC 007:919.794 - 0.602ms returns FALSE
T41AC 007:919.840 JLINK_IsHalted()
T41AC 007:920.260 - 0.419ms returns FALSE
T41AC 008:028.905 JLINK_IsHalted()
T41AC 008:029.505 - 0.598ms returns FALSE
T41AC 008:029.595 JLINK_IsHalted()
T41AC 008:030.021 - 0.425ms returns FALSE
T41AC 008:138.074 JLINK_IsHalted()
T41AC 008:138.641 - 0.565ms returns FALSE
T41AC 008:138.701 JLINK_IsHalted()
T41AC 008:139.196 - 0.493ms returns FALSE
T8630 008:184.650 JLINK_IsHalted()
T8630 008:185.203 - 0.552ms returns FALSE
T8630 008:185.273 JLINK_IsHalted()
T8630 008:185.743 - 0.470ms returns FALSE
T41AC 008:247.821 JLINK_IsHalted()
T41AC 008:248.395 - 0.573ms returns FALSE
T41AC 008:248.446 JLINK_IsHalted()
T41AC 008:248.934 - 0.487ms returns FALSE
T41AC 008:356.649 JLINK_IsHalted()
T41AC 008:357.310 - 0.659ms returns FALSE
T41AC 008:357.353 JLINK_IsHalted()
T41AC 008:357.920 - 0.566ms returns FALSE
T41AC 008:466.547 JLINK_IsHalted()
T41AC 008:467.134 - 0.587ms returns FALSE
T41AC 008:467.183 JLINK_IsHalted()
T41AC 008:467.761 - 0.577ms returns FALSE
T41AC 008:575.971 JLINK_IsHalted()
T41AC 008:576.581 - 0.609ms returns FALSE
T41AC 008:576.642 JLINK_IsHalted()
T41AC 008:577.118 - 0.474ms returns FALSE
T41AC 008:685.282 JLINK_IsHalted()
T41AC 008:685.866 - 0.582ms returns FALSE
T41AC 008:686.011 JLINK_IsHalted()
T41AC 008:686.638 - 0.624ms returns FALSE
T41AC 008:793.931 JLINK_IsHalted()
T41AC 008:794.569 - 0.637ms returns FALSE
T41AC 008:794.617 JLINK_IsHalted()
T41AC 008:795.257 - 0.639ms returns FALSE
T41AC 008:904.404 JLINK_IsHalted()
T41AC 008:905.029 - 0.624ms returns FALSE
T41AC 008:905.098 JLINK_IsHalted()
T41AC 008:905.504 - 0.405ms returns FALSE
T41AC 009:012.606 JLINK_IsHalted()
T41AC 009:013.150 - 0.543ms returns FALSE
T41AC 009:013.204 JLINK_IsHalted()
T41AC 009:013.590 - 0.384ms returns FALSE
T41AC 009:122.384 JLINK_IsHalted()
T41AC 009:122.899 - 0.514ms returns FALSE
T41AC 009:122.948 JLINK_IsHalted()
T41AC 009:123.418 - 0.468ms returns FALSE
T8630 009:186.048 JLINK_IsHalted()
T8630 009:186.567 - 0.517ms returns FALSE
T8630 009:186.635 JLINK_IsHalted()
T8630 009:187.079 - 0.443ms returns FALSE
T41AC 009:231.527 JLINK_IsHalted()
T41AC 009:232.110 - 0.583ms returns FALSE
T41AC 009:232.154 JLINK_IsHalted()
T41AC 009:232.613 - 0.457ms returns FALSE
T41AC 009:340.854 JLINK_IsHalted()
T41AC 009:341.457 - 0.602ms returns FALSE
T41AC 009:341.515 JLINK_IsHalted()
T41AC 009:341.975 - 0.459ms returns FALSE
T41AC 009:450.908 JLINK_IsHalted()
T41AC 009:451.421 - 0.511ms returns FALSE
T41AC 009:451.474 JLINK_IsHalted()
T41AC 009:453.419 - 1.943ms returns FALSE
T41AC 009:560.193 JLINK_IsHalted()
T41AC 009:560.772 - 0.578ms returns FALSE
T41AC 009:560.827 JLINK_IsHalted()
T41AC 009:561.296 - 0.468ms returns FALSE
T41AC 009:669.314 JLINK_IsHalted()
T41AC 009:669.885 - 0.571ms returns FALSE
T41AC 009:669.919 JLINK_IsHalted()
T41AC 009:670.374 - 0.454ms returns FALSE
T41AC 009:778.725 JLINK_IsHalted()
T41AC 009:779.294 - 0.568ms returns FALSE
T41AC 009:779.327 JLINK_IsHalted()
T41AC 009:779.869 - 0.541ms returns FALSE
T41AC 009:888.281 JLINK_IsHalted()
T41AC 009:888.768 - 0.487ms returns FALSE
T41AC 009:888.813 JLINK_IsHalted()
T41AC 009:889.310 - 0.497ms returns FALSE
T41AC 009:997.377 JLINK_IsHalted()
T41AC 009:997.924 - 0.547ms returns FALSE
T41AC 009:997.982 JLINK_IsHalted()
T41AC 009:998.446 - 0.463ms returns FALSE
T41AC 010:106.814 JLINK_IsHalted()
T41AC 010:107.321 - 0.506ms returns FALSE
T41AC 010:107.378 JLINK_IsHalted()
T41AC 010:107.842 - 0.464ms returns FALSE
T8630 010:187.672 JLINK_IsHalted()
T8630 010:188.316 - 0.643ms returns FALSE
T8630 010:188.375 JLINK_IsHalted()
T8630 010:188.905 - 0.528ms returns FALSE
T41AC 010:216.083 JLINK_IsHalted()
T41AC 010:216.721 - 0.636ms returns FALSE
T41AC 010:216.768 JLINK_IsHalted()
T41AC 010:217.339 - 0.570ms returns FALSE
T41AC 010:326.243 JLINK_IsHalted()
T41AC 010:326.644 - 0.399ms returns FALSE
T41AC 010:326.700 JLINK_IsHalted()
T41AC 010:327.014 - 0.313ms returns FALSE
T41AC 010:435.153 JLINK_IsHalted()
T41AC 010:435.672 - 0.518ms returns FALSE
T41AC 010:435.712 JLINK_IsHalted()
T41AC 010:436.186 - 0.473ms returns FALSE
T41AC 010:543.973 JLINK_IsHalted()
T41AC 010:544.559 - 0.585ms returns FALSE
T41AC 010:544.609 JLINK_IsHalted()
T41AC 010:545.042 - 0.431ms returns FALSE
T41AC 010:653.618 JLINK_IsHalted()
T41AC 010:654.387 - 0.769ms returns FALSE
T41AC 010:654.476 JLINK_IsHalted()
T41AC 010:656.624 - 2.147ms returns FALSE
T41AC 010:763.599 JLINK_IsHalted()
T41AC 010:764.338 - 0.738ms returns FALSE
T41AC 010:764.388 JLINK_IsHalted()
T41AC 010:764.907 - 0.518ms returns FALSE
T41AC 010:872.602 JLINK_IsHalted()
T41AC 010:873.230 - 0.626ms returns FALSE
T41AC 010:873.276 JLINK_IsHalted()
T41AC 010:873.813 - 0.536ms returns FALSE
T41AC 010:981.507 JLINK_IsHalted()
T41AC 010:982.046 - 0.539ms returns FALSE
T41AC 010:982.155 JLINK_IsHalted()
T41AC 010:982.595 - 0.439ms returns FALSE
T41AC 011:091.098 JLINK_IsHalted()
T41AC 011:091.582 - 0.484ms returns FALSE
T41AC 011:091.614 JLINK_IsHalted()
T41AC 011:092.077 - 0.462ms returns FALSE
T8630 011:189.030 JLINK_IsHalted()
T8630 011:191.598 - 2.566ms returns FALSE
T8630 011:191.650 JLINK_IsHalted()
T8630 011:192.197 - 0.545ms returns FALSE
T41AC 011:200.299 JLINK_IsHalted()
T41AC 011:200.862 - 0.562ms returns FALSE
T41AC 011:200.911 JLINK_IsHalted()
T41AC 011:201.365 - 0.452ms returns FALSE
T41AC 011:309.774 JLINK_IsHalted()
T41AC 011:310.330 - 0.555ms returns FALSE
T41AC 011:310.392 JLINK_IsHalted()
T41AC 011:310.910 - 0.518ms returns FALSE
T41AC 011:419.872 JLINK_IsHalted()
T41AC 011:420.403 - 0.530ms returns FALSE
T41AC 011:420.448 JLINK_IsHalted()
T41AC 011:420.981 - 0.532ms returns FALSE
T41AC 011:528.350 JLINK_IsHalted()
T41AC 011:528.934 - 0.581ms returns FALSE
T41AC 011:528.987 JLINK_IsHalted()
T41AC 011:529.454 - 0.465ms returns FALSE
T41AC 011:637.627 JLINK_IsHalted()
T41AC 011:638.212 - 0.584ms returns FALSE
T41AC 011:638.277 JLINK_IsHalted()
T41AC 011:640.607 - 2.330ms returns FALSE
T41AC 011:747.170 JLINK_IsHalted()
T41AC 011:747.813 - 0.642ms returns FALSE
T41AC 011:747.863 JLINK_IsHalted()
T41AC 011:748.350 - 0.486ms returns FALSE
T41AC 011:857.034 JLINK_IsHalted()
T41AC 011:857.658 - 0.624ms returns FALSE
T41AC 011:857.706 JLINK_IsHalted()
T41AC 011:858.233 - 0.525ms returns FALSE
T41AC 011:966.138 JLINK_IsHalted()
T41AC 011:966.823 - 0.685ms returns FALSE
T41AC 011:966.871 JLINK_IsHalted()
T41AC 011:967.440 - 0.568ms returns FALSE
T41AC 012:075.694 JLINK_IsHalted()
T41AC 012:077.666 - 1.970ms returns FALSE
T41AC 012:077.721 JLINK_IsHalted()
T41AC 012:078.207 - 0.486ms returns FALSE
T41AC 012:184.689 JLINK_IsHalted()
T41AC 012:185.339 - 0.650ms returns FALSE
T41AC 012:185.413 JLINK_IsHalted()
T41AC 012:185.901 - 0.487ms returns FALSE
T8630 012:194.038 JLINK_IsHalted()
T8630 012:194.618 - 0.579ms returns FALSE
T8630 012:194.667 JLINK_IsHalted()
T8630 012:195.147 - 0.479ms returns FALSE
T41AC 012:294.101 JLINK_IsHalted()
T41AC 012:294.681 - 0.579ms returns FALSE
T41AC 012:294.726 JLINK_IsHalted()
T41AC 012:295.254 - 0.526ms returns FALSE
T41AC 012:403.726 JLINK_IsHalted()
T41AC 012:404.381 - 0.655ms returns FALSE
T41AC 012:404.430 JLINK_IsHalted()
T41AC 012:404.992 - 0.561ms returns FALSE
T41AC 012:513.778 JLINK_IsHalted()
T41AC 012:514.453 - 0.674ms returns FALSE
T41AC 012:514.508 JLINK_IsHalted()
T41AC 012:514.928 - 0.418ms returns FALSE
T41AC 012:622.331 JLINK_IsHalted()
T41AC 012:622.899 - 0.568ms returns FALSE
T41AC 012:622.942 JLINK_IsHalted()
T41AC 012:623.394 - 0.451ms returns FALSE
T41AC 012:732.170 JLINK_IsHalted()
T41AC 012:732.726 - 0.556ms returns FALSE
T41AC 012:732.782 JLINK_IsHalted()
T41AC 012:733.254 - 0.472ms returns FALSE
T41AC 012:840.917 JLINK_IsHalted()
T41AC 012:841.602 - 0.684ms returns FALSE
T41AC 012:841.654 JLINK_IsHalted()
T41AC 012:842.130 - 0.475ms returns FALSE
T41AC 012:950.454 JLINK_IsHalted()
T41AC 012:951.074 - 0.619ms returns FALSE
T41AC 012:951.134 JLINK_IsHalted()
T41AC 012:951.629 - 0.495ms returns FALSE
T41AC 013:059.946 JLINK_IsHalted()
T41AC 013:060.465 - 0.518ms returns FALSE
T41AC 013:060.531 JLINK_IsHalted()
T41AC 013:061.046 - 0.514ms returns FALSE
T41AC 013:169.310 JLINK_IsHalted()
T41AC 013:169.839 - 0.529ms returns FALSE
T41AC 013:169.909 JLINK_IsHalted()
T41AC 013:170.410 - 0.500ms returns FALSE
T8630 013:195.930 JLINK_IsHalted()
T8630 013:196.450 - 0.518ms returns FALSE
T8630 013:196.501 JLINK_IsHalted()
T8630 013:196.930 - 0.428ms returns FALSE
T41AC 013:278.564 JLINK_IsHalted()
T41AC 013:279.190 - 0.625ms returns FALSE
T41AC 013:279.247 JLINK_IsHalted()
T41AC 013:279.651 - 0.404ms returns FALSE
T41AC 013:387.738 JLINK_IsHalted()
T41AC 013:388.356 - 0.618ms returns FALSE
T41AC 013:388.406 JLINK_IsHalted()
T41AC 013:388.877 - 0.470ms returns FALSE
T41AC 013:497.250 JLINK_IsHalted()
T41AC 013:497.915 - 0.664ms returns FALSE
T41AC 013:497.974 JLINK_IsHalted()
T41AC 013:498.507 - 0.532ms returns FALSE
T41AC 013:607.390 JLINK_IsHalted()
T41AC 013:607.875 - 0.484ms returns FALSE
T41AC 013:607.925 JLINK_IsHalted()
T41AC 013:608.323 - 0.397ms returns FALSE
T41AC 013:716.546 JLINK_IsHalted()
T41AC 013:717.022 - 0.475ms returns FALSE
T41AC 013:717.070 JLINK_IsHalted()
T41AC 013:717.584 - 0.512ms returns FALSE
T41AC 013:825.965 JLINK_IsHalted()
T41AC 013:827.859 - 1.893ms returns FALSE
T41AC 013:827.920 JLINK_IsHalted()
T41AC 013:828.443 - 0.520ms returns FALSE
T41AC 013:934.534 JLINK_IsHalted()
T41AC 013:935.264 - 0.728ms returns FALSE
T41AC 013:935.374 JLINK_IsHalted()
T41AC 013:935.907 - 0.531ms returns FALSE
T41AC 014:043.942 JLINK_IsHalted()
T41AC 014:044.667 - 0.724ms returns FALSE
T41AC 014:044.782 JLINK_IsHalted()
T41AC 014:045.349 - 0.565ms returns FALSE
T41AC 014:153.477 JLINK_IsHalted()
T41AC 014:154.184 - 0.707ms returns FALSE
T41AC 014:154.237 JLINK_IsHalted()
T41AC 014:154.856 - 0.618ms returns FALSE
T8630 014:197.597 JLINK_IsHalted()
T8630 014:198.333 - 0.734ms returns FALSE
T8630 014:198.434 JLINK_IsHalted()
T8630 014:198.997 - 0.561ms returns FALSE
T41AC 014:263.805 JLINK_IsHalted()
T41AC 014:264.448 - 0.641ms returns FALSE
T41AC 014:264.496 JLINK_IsHalted()
T41AC 014:264.882 - 0.384ms returns FALSE
T41AC 014:372.029 JLINK_IsHalted()
T41AC 014:372.670 - 0.641ms returns FALSE
T41AC 014:372.750 JLINK_IsHalted()
T41AC 014:373.394 - 0.641ms returns FALSE
T41AC 014:481.859 JLINK_IsHalted()
T41AC 014:482.533 - 0.674ms returns FALSE
T41AC 014:482.606 JLINK_IsHalted()
T41AC 014:483.154 - 0.546ms returns FALSE
T41AC 014:591.317 JLINK_IsHalted()
T41AC 014:591.850 - 0.534ms returns FALSE
T41AC 014:591.904 JLINK_IsHalted()
T41AC 014:592.390 - 0.486ms returns FALSE
T41AC 014:700.773 JLINK_IsHalted()
T41AC 014:701.338 - 0.564ms returns FALSE
T41AC 014:701.386 JLINK_IsHalted()
T41AC 014:701.955 - 0.568ms returns FALSE
T41AC 014:809.430 JLINK_IsHalted()
T41AC 014:810.051 - 0.621ms returns FALSE
T41AC 014:810.114 JLINK_IsHalted()
T41AC 014:810.558 - 0.444ms returns FALSE
T41AC 014:919.621 JLINK_IsHalted()
T41AC 014:920.211 - 0.590ms returns FALSE
T41AC 014:920.278 JLINK_IsHalted()
T41AC 014:920.830 - 0.551ms returns FALSE
T41AC 015:028.371 JLINK_IsHalted()
T41AC 015:029.157 - 0.784ms returns FALSE
T41AC 015:029.278 JLINK_IsHalted()
T41AC 015:029.789 - 0.510ms returns FALSE
T41AC 015:137.782 JLINK_IsHalted()
T41AC 015:138.614 - 0.830ms returns FALSE
T41AC 015:138.797 JLINK_IsHalted()
T41AC 015:139.318 - 0.521ms returns FALSE
T8630 015:200.339 JLINK_IsHalted()
T8630 015:200.968 - 0.627ms returns FALSE
T8630 015:201.016 JLINK_IsHalted()
T8630 015:201.523 - 0.506ms returns FALSE
T41AC 015:247.637 JLINK_IsHalted()
T41AC 015:248.272 - 0.634ms returns FALSE
T41AC 015:248.334 JLINK_IsHalted()
T41AC 015:248.890 - 0.554ms returns FALSE
T41AC 015:356.685 JLINK_IsHalted()
T41AC 015:357.328 - 0.641ms returns FALSE
T41AC 015:357.438 JLINK_IsHalted()
T41AC 015:358.117 - 0.676ms returns FALSE
T41AC 015:465.770 JLINK_IsHalted()
T41AC 015:466.278 - 0.508ms returns FALSE
T41AC 015:466.331 JLINK_IsHalted()
T41AC 015:466.885 - 0.553ms returns FALSE
T41AC 015:575.195 JLINK_IsHalted()
T41AC 015:575.717 - 0.522ms returns FALSE
T41AC 015:575.790 JLINK_IsHalted()
T41AC 015:576.304 - 0.514ms returns FALSE
T41AC 015:685.136 JLINK_IsHalted()
T41AC 015:685.982 - 0.846ms returns FALSE
T41AC 015:686.106 JLINK_IsHalted()
T41AC 015:686.712 - 0.602ms returns FALSE
T41AC 015:794.515 JLINK_IsHalted()
T41AC 015:795.256 - 0.740ms returns FALSE
T41AC 015:795.336 JLINK_IsHalted()
T41AC 015:795.814 - 0.478ms returns FALSE
T41AC 015:903.525 JLINK_IsHalted()
T41AC 015:904.178 - 0.651ms returns FALSE
T41AC 015:904.267 JLINK_IsHalted()
T41AC 015:904.786 - 0.517ms returns FALSE
T41AC 016:013.366 JLINK_IsHalted()
T41AC 016:014.277 - 0.910ms returns FALSE
T41AC 016:014.339 JLINK_IsHalted()
T41AC 016:014.867 - 0.527ms returns FALSE
T41AC 016:121.918 JLINK_IsHalted()
T41AC 016:122.517 - 0.598ms returns FALSE
T41AC 016:122.597 JLINK_IsHalted()
T41AC 016:123.027 - 0.429ms returns FALSE
T8630 016:203.302 JLINK_IsHalted()
T8630 016:203.843 - 0.538ms returns FALSE
T8630 016:203.906 JLINK_IsHalted()
T8630 016:204.338 - 0.431ms returns FALSE
T41AC 016:231.453 JLINK_IsHalted()
T41AC 016:232.107 - 0.652ms returns FALSE
T41AC 016:232.155 JLINK_IsHalted()
T41AC 016:232.557 - 0.402ms returns FALSE
T41AC 016:341.027 JLINK_IsHalted()
T41AC 016:341.678 - 0.650ms returns FALSE
T41AC 016:341.758 JLINK_IsHalted()
T41AC 016:342.280 - 0.521ms returns FALSE
T41AC 016:450.598 JLINK_IsHalted()
T41AC 016:451.158 - 0.560ms returns FALSE
T41AC 016:451.210 JLINK_IsHalted()
T41AC 016:451.622 - 0.412ms returns FALSE
T41AC 016:560.296 JLINK_IsHalted()
T41AC 016:560.784 - 0.488ms returns FALSE
T41AC 016:560.826 JLINK_IsHalted()
T41AC 016:561.253 - 0.426ms returns FALSE
T41AC 016:669.208 JLINK_IsHalted()
T41AC 016:669.898 - 0.689ms returns FALSE
T41AC 016:669.957 JLINK_IsHalted()
T41AC 016:670.464 - 0.506ms returns FALSE
T41AC 016:778.652 JLINK_IsHalted()
T41AC 016:779.232 - 0.580ms returns FALSE
T41AC 016:779.328 JLINK_IsHalted()
T41AC 016:779.868 - 0.539ms returns FALSE
T41AC 016:887.684 JLINK_IsHalted()
T41AC 016:888.284 - 0.601ms returns FALSE
T41AC 016:888.330 JLINK_IsHalted()
T41AC 016:888.908 - 0.577ms returns FALSE
T41AC 016:997.804 JLINK_IsHalted()
T41AC 016:998.454 - 0.652ms returns FALSE
T41AC 016:998.512 JLINK_IsHalted()
T41AC 016:999.100 - 0.589ms returns FALSE
T41AC 017:106.946 JLINK_IsHalted()
T41AC 017:107.532 - 0.586ms returns FALSE
T41AC 017:107.592 JLINK_IsHalted()
T41AC 017:108.076 - 0.485ms returns FALSE
T8630 017:204.852 JLINK_IsHalted()
T8630 017:205.536 - 0.681ms returns FALSE
T8630 017:205.594 JLINK_IsHalted()
T8630 017:206.020 - 0.425ms returns FALSE
T41AC 017:215.934 JLINK_IsHalted()
T41AC 017:216.502 - 0.567ms returns FALSE
T41AC 017:216.574 JLINK_IsHalted()
T41AC 017:217.012 - 0.437ms returns FALSE
T41AC 017:325.940 JLINK_IsHalted()
T41AC 017:326.448 - 0.508ms returns FALSE
T41AC 017:326.506 JLINK_IsHalted()
T41AC 017:326.940 - 0.434ms returns FALSE
T41AC 017:435.372 JLINK_IsHalted()
T41AC 017:436.048 - 0.675ms returns FALSE
T41AC 017:436.140 JLINK_IsHalted()
T41AC 017:436.738 - 0.596ms returns FALSE
T41AC 017:543.836 JLINK_IsHalted()
T41AC 017:544.470 - 0.636ms returns FALSE
T41AC 017:544.530 JLINK_IsHalted()
T41AC 017:545.176 - 0.645ms returns FALSE
T41AC 017:653.804 JLINK_IsHalted()
T41AC 017:654.498 - 0.694ms returns FALSE
T41AC 017:654.586 JLINK_IsHalted()
T41AC 017:656.944 - 2.356ms returns FALSE
T41AC 017:762.758 JLINK_IsHalted()
T41AC 017:763.396 - 0.639ms returns FALSE
T41AC 017:763.448 JLINK_IsHalted()
T41AC 017:763.916 - 0.467ms returns FALSE
T41AC 017:872.044 JLINK_IsHalted()
T41AC 017:872.672 - 0.627ms returns FALSE
T41AC 017:872.796 JLINK_IsHalted()
T41AC 017:873.268 - 0.472ms returns FALSE
T41AC 017:981.932 JLINK_IsHalted()
T41AC 017:982.848 - 0.918ms returns FALSE
T41AC 017:983.028 JLINK_IsHalted()
T41AC 017:983.732 - 0.704ms returns FALSE
T41AC 018:090.768 JLINK_IsHalted()
T41AC 018:091.300 - 0.531ms returns FALSE
T41AC 018:091.366 JLINK_IsHalted()
T41AC 018:091.830 - 0.463ms returns FALSE
T41AC 018:200.054 JLINK_IsHalted()
T41AC 018:200.668 - 0.611ms returns FALSE
T41AC 018:200.748 JLINK_IsHalted()
T41AC 018:201.264 - 0.516ms returns FALSE
T8630 018:207.668 JLINK_IsHalted()
T8630 018:208.212 - 0.544ms returns FALSE
T8630 018:208.262 JLINK_IsHalted()
T8630 018:208.906 - 0.641ms returns FALSE
T41AC 018:310.428 JLINK_IsHalted()
T41AC 018:311.084 - 0.655ms returns FALSE
T41AC 018:311.136 JLINK_IsHalted()
T41AC 018:311.644 - 0.507ms returns FALSE
T41AC 018:419.178 JLINK_IsHalted()
T41AC 018:419.946 - 0.767ms returns FALSE
T41AC 018:420.020 JLINK_IsHalted()
T41AC 018:420.612 - 0.590ms returns FALSE
T41AC 018:528.310 JLINK_IsHalted()
T41AC 018:528.872 - 0.562ms returns FALSE
T41AC 018:528.928 JLINK_IsHalted()
T41AC 018:529.352 - 0.422ms returns FALSE
T41AC 018:637.798 JLINK_IsHalted()
T41AC 018:638.316 - 0.518ms returns FALSE
T41AC 018:638.374 JLINK_IsHalted()
T41AC 018:638.882 - 0.506ms returns FALSE
T41AC 018:747.250 JLINK_IsHalted()
T41AC 018:747.748 - 0.497ms returns FALSE
T41AC 018:747.788 JLINK_IsHalted()
T41AC 018:748.276 - 0.486ms returns FALSE
T41AC 018:856.650 JLINK_IsHalted()
T41AC 018:857.244 - 0.593ms returns FALSE
T41AC 018:857.324 JLINK_IsHalted()
T41AC 018:857.780 - 0.456ms returns FALSE
T41AC 018:966.628 JLINK_IsHalted()
T41AC 018:967.064 - 0.434ms returns FALSE
T41AC 018:967.120 JLINK_IsHalted()
T41AC 018:967.654 - 0.533ms returns FALSE
T41AC 019:075.844 JLINK_IsHalted()
T41AC 019:076.492 - 0.648ms returns FALSE
T41AC 019:076.556 JLINK_IsHalted()
T41AC 019:077.068 - 0.513ms returns FALSE
T41AC 019:184.600 JLINK_IsHalted()
T41AC 019:185.182 - 0.582ms returns FALSE
T41AC 019:185.276 JLINK_IsHalted()
T41AC 019:185.898 - 0.619ms returns FALSE
T8630 019:210.074 JLINK_IsHalted()
T8630 019:210.564 - 0.489ms returns FALSE
T8630 019:210.726 JLINK_IsHalted()
T8630 019:211.212 - 0.485ms returns FALSE
T41AC 019:294.174 JLINK_IsHalted()
T41AC 019:296.192 - 2.016ms returns FALSE
T41AC 019:296.284 JLINK_IsHalted()
T41AC 019:296.872 - 0.587ms returns FALSE
T41AC 019:403.826 JLINK_IsHalted()
T41AC 019:404.498 - 0.671ms returns FALSE
T41AC 019:404.548 JLINK_IsHalted()
T41AC 019:405.066 - 0.517ms returns FALSE
T41AC 019:513.564 JLINK_IsHalted()
T41AC 019:514.124 - 0.557ms returns FALSE
T41AC 019:514.194 JLINK_IsHalted()
T41AC 019:514.642 - 0.446ms returns FALSE
T41AC 019:622.058 JLINK_IsHalted()
T41AC 019:622.730 - 0.670ms returns FALSE
T41AC 019:622.802 JLINK_IsHalted()
T41AC 019:623.410 - 0.607ms returns FALSE
T41AC 019:731.308 JLINK_IsHalted()
T41AC 019:731.850 - 0.539ms returns FALSE
T41AC 019:731.922 JLINK_IsHalted()
T41AC 019:732.416 - 0.494ms returns FALSE
T41AC 019:841.386 JLINK_IsHalted()
T41AC 019:841.884 - 0.498ms returns FALSE
T41AC 019:841.934 JLINK_IsHalted()
T41AC 019:842.394 - 0.458ms returns FALSE
T41AC 019:951.964 JLINK_IsHalted()
T41AC 019:952.508 - 0.541ms returns FALSE
T41AC 019:952.576 JLINK_IsHalted()
T41AC 019:953.156 - 0.580ms returns FALSE
T41AC 020:059.388 JLINK_IsHalted()
T41AC 020:060.052 - 0.666ms returns FALSE
T41AC 020:060.112 JLINK_IsHalted()
T41AC 020:060.580 - 0.468ms returns FALSE
T41AC 020:169.730 JLINK_IsHalted()
T41AC 020:170.308 - 0.576ms returns FALSE
T41AC 020:170.374 JLINK_IsHalted()
T41AC 020:170.898 - 0.522ms returns FALSE
T8630 020:213.148 JLINK_IsHalted()
T8630 020:213.748 - 0.600ms returns FALSE
T8630 020:213.814 JLINK_IsHalted()
T8630 020:214.272 - 0.456ms returns FALSE
T41AC 020:278.356 JLINK_IsHalted()
T41AC 020:278.936 - 0.579ms returns FALSE
T41AC 020:278.980 JLINK_IsHalted()
T41AC 020:279.490 - 0.510ms returns FALSE
T41AC 020:387.664 JLINK_IsHalted()
T41AC 020:388.166 - 0.501ms returns FALSE
T41AC 020:388.218 JLINK_IsHalted()
T41AC 020:388.694 - 0.475ms returns FALSE
T41AC 020:497.020 JLINK_IsHalted()
T41AC 020:497.748 - 0.727ms returns FALSE
T41AC 020:497.840 JLINK_IsHalted()
T41AC 020:498.342 - 0.502ms returns FALSE
T41AC 020:607.844 JLINK_IsHalted()
T41AC 020:608.296 - 0.452ms returns FALSE
T41AC 020:608.346 JLINK_IsHalted()
T41AC 020:608.836 - 0.489ms returns FALSE
T41AC 020:716.432 JLINK_IsHalted()
T41AC 020:717.034 - 0.601ms returns FALSE
T41AC 020:717.112 JLINK_IsHalted()
T41AC 020:717.602 - 0.489ms returns FALSE
T41AC 020:825.226 JLINK_IsHalted()
T41AC 020:825.776 - 0.549ms returns FALSE
T41AC 020:825.834 JLINK_IsHalted()
T41AC 020:826.404 - 0.569ms returns FALSE
T41AC 020:934.968 JLINK_IsHalted()
T41AC 020:935.676 - 0.708ms returns FALSE
T41AC 020:935.796 JLINK_IsHalted()
T41AC 020:936.414 - 0.617ms returns FALSE
T41AC 021:044.302 JLINK_IsHalted()
T41AC 021:044.972 - 0.670ms returns FALSE
T41AC 021:045.032 JLINK_IsHalted()
T41AC 021:045.494 - 0.459ms returns FALSE
T41AC 021:153.366 JLINK_IsHalted()
T41AC 021:154.002 - 0.636ms returns FALSE
T41AC 021:154.078 JLINK_IsHalted()
T41AC 021:154.550 - 0.473ms returns FALSE
T8630 021:214.906 JLINK_IsHalted()
T8630 021:215.294 - 0.386ms returns FALSE
T8630 021:215.356 JLINK_IsHalted()
T8630 021:215.758 - 0.403ms returns FALSE
T41AC 021:262.692 JLINK_IsHalted()
T41AC 021:263.238 - 0.545ms returns FALSE
T41AC 021:263.328 JLINK_IsHalted()
T41AC 021:263.796 - 0.467ms returns FALSE
T41AC 021:372.808 JLINK_IsHalted()
T41AC 021:373.420 - 0.613ms returns FALSE
T41AC 021:373.486 JLINK_IsHalted()
T41AC 021:374.066 - 0.579ms returns FALSE
T41AC 021:481.384 JLINK_IsHalted()
T41AC 021:483.790 - 2.405ms returns FALSE
T41AC 021:483.880 JLINK_IsHalted()
T41AC 021:484.524 - 0.644ms returns FALSE
T41AC 021:591.062 JLINK_IsHalted()
T41AC 021:591.648 - 0.586ms returns FALSE
T41AC 021:591.716 JLINK_IsHalted()
T41AC 021:592.300 - 0.580ms returns FALSE
T41AC 021:700.014 JLINK_IsHalted()
T41AC 021:700.678 - 0.664ms returns FALSE
T41AC 021:700.764 JLINK_IsHalted()
T41AC 021:701.388 - 0.621ms returns FALSE
T41AC 021:810.124 JLINK_IsHalted()
T41AC 021:810.746 - 0.622ms returns FALSE
T41AC 021:810.796 JLINK_IsHalted()
T41AC 021:811.250 - 0.450ms returns FALSE
T41AC 021:919.610 JLINK_IsHalted()
T41AC 021:920.192 - 0.580ms returns FALSE
T41AC 021:920.238 JLINK_IsHalted()
T41AC 021:920.632 - 0.392ms returns FALSE
T41AC 022:028.396 JLINK_IsHalted()
T41AC 022:029.106 - 0.710ms returns FALSE
T41AC 022:029.166 JLINK_IsHalted()
T41AC 022:029.756 - 0.589ms returns FALSE
T41AC 022:138.038 JLINK_IsHalted()
T41AC 022:138.654 - 0.615ms returns FALSE
T41AC 022:138.734 JLINK_IsHalted()
T41AC 022:139.242 - 0.506ms returns FALSE
T8630 022:216.132 JLINK_IsHalted()
T8630 022:216.780 - 0.647ms returns FALSE
T8630 022:216.840 JLINK_IsHalted()
T8630 022:217.276 - 0.434ms returns FALSE
T41AC 022:247.098 JLINK_IsHalted()
T41AC 022:247.932 - 0.833ms returns FALSE
T41AC 022:248.038 JLINK_IsHalted()
T41AC 022:248.634 - 0.595ms returns FALSE
T41AC 022:356.320 JLINK_IsHalted()
T41AC 022:357.016 - 0.696ms returns FALSE
T41AC 022:357.074 JLINK_IsHalted()
T41AC 022:357.638 - 0.565ms returns FALSE
T41AC 022:466.176 JLINK_IsHalted()
T41AC 022:466.852 - 0.675ms returns FALSE
T41AC 022:466.964 JLINK_IsHalted()
T41AC 022:467.616 - 0.651ms returns FALSE
T41AC 022:575.752 JLINK_IsHalted()
T41AC 022:576.198 - 0.444ms returns FALSE
T41AC 022:576.254 JLINK_IsHalted()
T41AC 022:576.612 - 0.357ms returns FALSE
T41AC 022:684.768 JLINK_IsHalted()
T41AC 022:685.304 - 0.535ms returns FALSE
T41AC 022:685.356 JLINK_IsHalted()
T41AC 022:685.846 - 0.490ms returns FALSE
T41AC 022:794.726 JLINK_IsHalted()
T41AC 022:795.372 - 0.645ms returns FALSE
T41AC 022:795.446 JLINK_IsHalted()
T41AC 022:796.208 - 0.761ms returns FALSE
T41AC 022:903.652 JLINK_IsHalted()
T41AC 022:904.396 - 0.743ms returns FALSE
T41AC 022:904.478 JLINK_IsHalted()
T41AC 022:905.054 - 0.575ms returns FALSE
T41AC 023:013.334 JLINK_IsHalted()
T41AC 023:013.878 - 0.543ms returns FALSE
T41AC 023:013.938 JLINK_IsHalted()
T41AC 023:014.278 - 0.339ms returns FALSE
T41AC 023:088.610 JLINK_IsHalted()
T41AC 023:089.100 - 0.488ms returns FALSE
T41AC 023:089.156 JLINK_IsHalted()
T41AC 023:089.730 - 0.572ms returns FALSE
T41AC 023:089.818 JLINK_IsHalted()
T41AC 023:090.388 - 0.568ms returns FALSE
T41AC 023:090.446 JLINK_IsHalted()
T41AC 023:090.888 - 0.440ms returns FALSE
T41AC 023:090.950 JLINK_Halt()
T41AC 023:094.766 - 3.816ms returns 0x00
T41AC 023:094.860 JLINK_IsHalted()
T41AC 023:094.894 - 0.035ms returns TRUE
T41AC 023:094.930 JLINK_ReadReg(XPSR)
T41AC 023:094.970   CPU_ReadMem(4 bytes @ 0xE000EE08)
T41AC 023:095.524 - 0.593ms returns 0x29000000
T41AC 023:095.646 JLINK_ReadReg(R15 (PC))
T41AC 023:095.688 - 0.042ms returns 0x000001EC
T41AC 023:095.732 JLINK_ReadReg(XPSR)
T41AC 023:095.764 - 0.031ms returns 0x29000000
T41AC 023:095.790 JLINK_ReadReg(XPSR)
T41AC 023:095.820 - 0.031ms returns 0x29000000
T41AC 023:095.860 JLINK_ReadReg(R15 (PC))
T41AC 023:095.892 - 0.032ms returns 0x000001EC
T41AC 023:095.924 JLINK_ReadReg(XPSR)
T41AC 023:095.954 - 0.031ms returns 0x29000000
T41AC 023:095.984 JLINK_ReadReg(XPSR)
T41AC 023:096.012 - 0.026ms returns 0x29000000
T41AC 023:096.038 JLINK_ReadMem(0x000001EC, 0x1 Bytes, ...)
T41AC 023:096.070    -- Read from flash cache (1 bytes @ 0x000001EC)
T41AC 023:096.116   Data:  3B
T41AC 023:096.160 - 0.121ms returns 0
T41AC 023:096.188 JLINK_IsHalted()
T41AC 023:096.214 - 0.024ms returns TRUE
T41AC 023:096.242 JLINK_ReadReg(XPSR)
T41AC 023:096.266 - 0.024ms returns 0x29000000
T41AC 023:096.290 JLINK_ReadReg(XPSR)
T41AC 023:096.316 - 0.027ms returns 0x29000000
T41AC 023:096.344 JLINK_ReadReg(R15 (PC))
T41AC 023:096.372 - 0.026ms returns 0x000001EC
T41AC 023:096.400 JLINK_ReadReg(XPSR)
T41AC 023:096.428 - 0.028ms returns 0x29000000
T41AC 023:096.452 JLINK_ReadReg(XPSR)
T41AC 023:096.480 - 0.026ms returns 0x29000000
T41AC 023:096.516 JLINK_ReadMem(0x000001EC, 0x1 Bytes, ...)
T41AC 023:096.544    -- Read from flash cache (1 bytes @ 0x000001EC)
T41AC 023:096.586   Data:  3B
T41AC 023:096.624 - 0.107ms returns 0
T41AC 023:096.676 JLINK_IsHalted()
T41AC 023:096.706 - 0.029ms returns TRUE
T41AC 023:096.732 JLINK_ReadReg(XPSR)
T41AC 023:096.760 - 0.028ms returns 0x29000000
T41AC 023:096.788 JLINK_ReadReg(R15 (PC))
T41AC 023:096.814 - 0.025ms returns 0x000001EC
T41AC 023:096.842 JLINK_ReadReg(XPSR)
T41AC 023:096.868 - 0.027ms returns 0x29000000
T41AC 023:096.906 JLINK_ReadReg(XPSR)
T41AC 023:096.932 - 0.027ms returns 0x29000000
T41AC 023:096.960 JLINK_ReadReg(R15 (PC))
T41AC 023:096.990 - 0.029ms returns 0x000001EC
T41AC 023:097.016 JLINK_ReadReg(XPSR)
T41AC 023:097.042 - 0.024ms returns 0x29000000
T41AC 023:097.076 JLINK_ReadReg(XPSR)
T41AC 023:097.104 - 0.028ms returns 0x29000000
T41AC 023:097.132 JLINK_ReadMem(0x000001EC, 0x1 Bytes, ...)
T41AC 023:097.162    -- Read from flash cache (1 bytes @ 0x000001EC)
T41AC 023:097.200   Data:  3B
T41AC 023:097.236 - 0.103ms returns 0
T41AC 023:097.286 JLINK_IsHalted()
T41AC 023:097.310 - 0.023ms returns TRUE
T41AC 023:097.338 JLINK_ReadReg(XPSR)
T41AC 023:097.368 - 0.029ms returns 0x29000000
T41AC 023:097.394 JLINK_ReadReg(XPSR)
T41AC 023:097.420 - 0.024ms returns 0x29000000
T41AC 023:097.444 JLINK_ReadReg(R15 (PC))
T41AC 023:097.468 - 0.023ms returns 0x000001EC
T41AC 023:097.494 JLINK_ReadReg(XPSR)
T41AC 023:097.520 - 0.026ms returns 0x29000000
T41AC 023:097.548 JLINK_ReadReg(XPSR)
T41AC 023:097.572 - 0.023ms returns 0x29000000
T41AC 023:097.598 JLINK_ReadMem(0x000001EC, 0x1 Bytes, ...)
T41AC 023:097.624    -- Read from flash cache (1 bytes @ 0x000001EC)
T41AC 023:097.660   Data:  3B
T41AC 023:097.698 - 0.098ms returns 0
T41AC 023:099.094 JLINK_ReadRegs(NumRegs = 22)
T41AC 023:099.172   
  R0 (0)        = 0x01                 R1 (1)        = 0x20000032           R2 (2)        = 0x20000576           R3 (3)        = 0x00              
  R4 (4)        = 0x00                 R5 (5)        = 0x200005F8           R6 (6)        = 0x200005F9           R7 (7)        = 0x200005FA        
  R8 (8)        = 0x200005FB           R9 (9)        = 0x200005E2           R10 (10)      = 0x20000034           R11 (11)      = 0x200004D7        
  R12 (12)      = 0x04                 R13 (SP) (13) = 0x20000458           R14 (14)      = 0x213                R15 (PC) (15) = 0x1EC             
  XPSR (16)     = 0x29000000           MSP (17)      = 0x20000458           PSP (18)      = 0x00                 MSPLIM (86)   = 0x200000A0        
  PSPLIM (87)   = 0x00                 CFBP (20)     = 0x00              
T41AC 023:099.212 - 0.119ms returns 0x00
T41AC 023:100.892 JLINK_ReadMem(0x000001EC, 0x4 Bytes, ...)
T41AC 023:100.976    -- Read from flash cache (4 bytes @ 0x000001EC)
T41AC 023:101.082   Data:  3B 78 23 B1
T41AC 023:101.124 - 0.231ms returns 0
T41AC 023:119.812 JLINK_ReadMem(0x000001EC, 0x4 Bytes, ...)
T41AC 023:119.908    -- Read from flash cache (4 bytes @ 0x000001EC)
T41AC 023:119.954   Data:  3B 78 23 B1
T41AC 023:120.000 - 0.190ms returns 0
T41AC 023:120.732 JLINK_ReadMem(0x20000480, 0x40 Bytes, ...)
T41AC 023:120.810   CPU_ReadMem(64 bytes @ 0x20000480)
T41AC 023:121.704   Data:  EA 05 00 20 34 00 00 20 D7 04 00 20 77 03 00 00 ...
T41AC 023:121.778 - 1.044ms returns 0
T41AC 023:122.676 JLINK_ReadMem(0x00000376, 0x4 Bytes, ...)
T41AC 023:122.744    -- Read from flash cache (4 bytes @ 0x00000376)
T41AC 023:122.796   Data:  00 20 08 BD
T41AC 023:122.850 - 0.173ms returns 0
T41AC 023:264.076 JLINK_ReadMem(0x20000440, 0x40 Bytes, ...)
T41AC 023:264.300   CPU_ReadMem(64 bytes @ 0x20000440)
T41AC 023:265.174   Data:  76 05 00 20 00 00 00 00 04 00 00 00 13 02 00 00 ...
T41AC 023:265.256 - 1.181ms returns 0
T41AC 023:326.586 JLINK_ReadMem(0x20000440, 0x40 Bytes, ...)
T41AC 023:326.742   CPU_ReadMem(64 bytes @ 0x20000440)
T41AC 023:327.732   Data:  76 05 00 20 00 00 00 00 04 00 00 00 13 02 00 00 ...
T41AC 023:327.806 - 1.222ms returns 0
T8630 024:105.740 JLINK_ReadReg(XPSR)
T8630 024:106.292 - 0.549ms returns 0x29000000
T8630 024:106.340 JLINK_ReadReg(R15 (PC))
T8630 024:106.368 - 0.027ms returns 0x000001EC
T8068 024:196.984 JLINK_Halt()
T8068 024:197.044 - 0.061ms returns 0x00
T8068 024:197.068 JLINK_ReadReg(XPSR)
T8068 024:197.114 - 0.044ms returns 0x29000000
T8068 024:204.422 JLINK_Close()
T8068 024:216.692 - 12.268ms
T8068 024:216.788   
T8068 024:216.916   Closed
