T24F8 000:001.830   SEGGER J-Link V8.74 Log File
T24F8 000:002.009   DLL Compiled: Sep 30 2025 12:11:23
T24F8 000:002.017   Logging started @ 2025-11-24 06:18
T24F8 000:002.024   Process: C:\Users\tri.nguyen-huu\.eclipse\com.renesas.platform_1671499164\DebugComp\RA\e2-server-gdb.exe
T24F8 000:002.037 - 2.032ms 
T24F8 000:002.056 JLINK_GetDLLVersion()
T24F8 000:002.064 - 0.009ms returns 87400
T24F8 000:048.454 JLINK_OpenEx(...)
T24F8 000:092.969   Firmware: J-Link OB-RA4M2 compiled Jul  8 2025 10:15:56
T24F8 000:095.264   Firmware: J-Link OB-RA4M2 compiled Jul  8 2025 10:15:56
T24F8 000:115.809   Hardware: V1.00
T24F8 000:115.843   S/N: 1083087921
T24F8 000:115.853   OEM: SEGGER
T24F8 000:115.864   Feature(s): None
T24F8 000:116.479   Bootloader: 2021 May 14
T24F8 000:116.957   USB speed mode: Full speed (12 MBit/s)
T24F8 000:117.447   TELNET listener socket opened on port 19021
T24F8 000:117.621   WEBSRV WEBSRV_Init(): Starting webserver thread(s)
T24F8 000:117.779   WEBSRV Webserver running on local port 19080
T24F8 000:117.938   Looking for J-Link GUI Server exe at: C:\Users\tri.nguyen-huu\.eclipse\com.renesas.platform_1671499164\DebugComp\RA\ARM\Segger_v8.74.0\JLinkGUIServer.exe
T24F8 000:118.071   Looking for J-Link GUI Server exe at: C:\Users\tri.nguyen-huu\SEGGER\JLink_V866\JLinkGUIServer.exe
T24F8 000:118.109   Forking J-Link GUI Server: C:\Users\tri.nguyen-huu\SEGGER\JLink_V866\JLinkGUIServer.exe
T24F8 000:314.446   J-Link GUI Server info: "J-Link GUI server V8.66 "
T24F8 000:317.400 - 268.939ms returns "O.K."
T24F8 000:317.516 JLINK_TIF_Select(JLINKARM_TIF_SWD)
T24F8 000:318.433 - 0.919ms returns 0x00
T24F8 000:318.474 JLINK_ClrRESET()
T24F8 000:318.834 - 0.360ms 
T24F8 000:370.311 JLINK_SetSpeed(1500)
T24F8 000:370.751 - 0.448ms 
T24F8 000:370.778 JLINK_CORESIGHT_Configure(PerformTIFInit=0)
T24F8 000:371.393 - 0.620ms returns 0
T24F8 000:371.423 JLINK_CORESIGHT_ReadAPDPReg(DP reg 0x00)
T24F8 000:372.129   Value=0x6BA02477
T24F8 000:372.150 - 0.729ms returns 0
T24F8 000:372.166 JLINK_CORESIGHT_WriteAPDPReg(DP reg 0x00, 0x0000001F)
T24F8 000:372.761 - 0.594ms returns 0
T24F8 000:372.781 JLINK_CORESIGHT_ReadAPDPReg(DP reg 0x00)
T24F8 000:374.577   Value=0x6BA02477
T24F8 000:374.614 - 1.833ms returns 0
T24F8 000:374.624 JLINK_CORESIGHT_WriteAPDPReg(DP reg 0x02, 0x00000000)
T24F8 000:375.200 - 0.576ms returns 0
T24F8 000:375.221 JLINK_CORESIGHT_WriteAPDPReg(DP reg 0x01, 0x50000000)
T24F8 000:375.758 - 0.537ms returns 0
T24F8 000:375.782 JLINK_CORESIGHT_ReadAPDPReg(DP reg 0x01)
T24F8 000:376.353   Value=0xF0000000
T24F8 000:376.371 - 0.589ms returns 0
T24F8 000:376.380 JLINK_CORESIGHT_WriteAPDPReg(DP reg 0x00, 0x0000001F)
T24F8 000:376.826 - 0.445ms returns 0
T24F8 000:376.844 JLINK_CORESIGHT_ReadAPDPReg(DP reg 0x00)
T24F8 000:377.390   Value=0x6BA02477
T24F8 000:377.408 - 0.564ms returns 0
T24F8 000:377.417 JLINK_CORESIGHT_WriteAPDPReg(DP reg 0x01, 0x54000000)
T24F8 000:377.941 - 0.523ms returns 0
T24F8 000:377.959 JLINK_CORESIGHT_WriteAPDPReg(DP reg 0x01, 0x50000F00)
T24F8 000:378.529 - 0.570ms returns 0
T24F8 000:378.552 JLINK_CORESIGHT_WriteAPDPReg(DP reg 0x02, 0x01000000)
T24F8 000:379.079 - 0.527ms returns 0
T24F8 000:379.101 JLINK_CORESIGHT_WriteAPDPReg(AP reg 0x00, 0x80000002)
T24F8 000:379.718 - 0.613ms returns 0
T24F8 000:379.832 JLINK_CORESIGHT_WriteAPDPReg(AP reg 0x01, 0x80011100)
T24F8 000:380.378 - 0.548ms returns 0
T24F8 000:380.402 JLINK_CORESIGHT_WriteAPDPReg(AP reg 0x03, 0x000000A5)
T24F8 000:380.788 - 0.386ms returns 0
T24F8 000:380.809 JLINK_CORESIGHT_WriteAPDPReg(AP reg 0x00, 0x80000002)
T24F8 000:381.311 - 0.501ms returns 0
T24F8 000:381.331 JLINK_CORESIGHT_WriteAPDPReg(AP reg 0x01, 0x80011100)
T24F8 000:381.632 - 0.300ms returns 0
T24F8 000:381.653 JLINK_CORESIGHT_ReadAPDPReg(AP reg 0x03)
T24F8 000:382.131   Value=0x000000A5
T24F8 000:382.152 - 0.499ms returns 0
T24F8 000:382.163 JLINK_ClrTMS()
T24F8 000:382.713 - 0.549ms 
T24F8 000:388.598 JLINK_SetTCK()
T24F8 000:388.830 - 0.234ms returns 0
T24F8 000:395.192 JLINK_SetRESET()
T24F8 000:395.433 - 0.239ms 
T24F8 000:596.293 JLINK_CORESIGHT_WriteAPDPReg(AP reg 0x00, 0x80000002)
T24F8 000:596.885 - 0.591ms returns 0
T24F8 000:596.925 JLINK_CORESIGHT_WriteAPDPReg(AP reg 0x01, 0x80011100)
T24F8 000:597.380 - 0.454ms returns 0
T24F8 000:597.430 JLINK_CORESIGHT_ReadAPDPReg(AP reg 0x03)
T24F8 000:598.182   Value=0x00000000
T24F8 000:598.219 - 0.789ms returns 0
T24F8 000:598.241 JLINK_CORESIGHT_WriteAPDPReg(AP reg 0x00, 0x80000002)
T24F8 000:598.612 - 0.370ms returns 0
T24F8 000:598.653 JLINK_CORESIGHT_WriteAPDPReg(AP reg 0x01, 0x80011140)
T24F8 000:599.016 - 0.363ms returns 0
T24F8 000:599.057 JLINK_CORESIGHT_ReadAPDPReg(AP reg 0x03)
T24F8 000:599.381   Value=0x00000002
T24F8 000:599.404 - 0.346ms returns 0
T24F8 000:599.422 JLINK_CORESIGHT_WriteAPDPReg(AP reg 0x00, 0x80000002)
T24F8 000:599.703 - 0.281ms returns 0
T24F8 000:599.722 JLINK_CORESIGHT_WriteAPDPReg(AP reg 0x01, 0x80011120)
T24F8 000:601.901 - 2.177ms returns 0
T24F8 000:601.997 JLINK_CORESIGHT_WriteAPDPReg(AP reg 0x03, 0x00000055)
T24F8 000:602.360 - 0.364ms returns 0
T24F8 000:602.398 JLINK_CORESIGHT_WriteAPDPReg(AP reg 0x00, 0x80000002)
T24F8 000:602.797 - 0.399ms returns 0
T24F8 000:602.818 JLINK_CORESIGHT_WriteAPDPReg(AP reg 0x01, 0x80011140)
T24F8 000:603.258 - 0.438ms returns 0
T24F8 000:603.345 JLINK_CORESIGHT_ReadAPDPReg(AP reg 0x03)
T24F8 000:603.727   Value=0x00000000
T24F8 000:603.744 - 0.399ms returns 0
T24F8 000:603.761 JLINK_CORESIGHT_WriteAPDPReg(AP reg 0x00, 0x80000002)
T24F8 000:604.132 - 0.370ms returns 0
T24F8 000:604.158 JLINK_CORESIGHT_WriteAPDPReg(AP reg 0x01, 0x80011130)
T24F8 000:604.554 - 0.396ms returns 0
T24F8 000:604.570 JLINK_CORESIGHT_ReadAPDPReg(AP reg 0x03)
T24F8 000:604.976   Value=0x000000C6
T24F8 000:604.990 - 0.420ms returns 0
T24F8 000:605.694 JLINK_CORESIGHT_WriteAPDPReg(AP reg 0x00, 0x80000002)
T24F8 000:605.936 - 0.242ms returns 0
T24F8 000:605.951 JLINK_CORESIGHT_WriteAPDPReg(AP reg 0x01, 0x80011140)
T24F8 000:606.250 - 0.299ms returns 0
T24F8 000:606.265 JLINK_CORESIGHT_ReadAPDPReg(AP reg 0x03)
T24F8 000:606.551   Value=0x00000002
T24F8 000:606.566 - 0.301ms returns 0
T24F8 000:606.579 JLINK_CORESIGHT_WriteAPDPReg(AP reg 0x00, 0x80000002)
T24F8 000:606.809 - 0.230ms returns 0
T24F8 000:606.823 JLINK_CORESIGHT_WriteAPDPReg(AP reg 0x01, 0x80011120)
T24F8 000:607.130 - 0.307ms returns 0
T24F8 000:607.145 JLINK_CORESIGHT_WriteAPDPReg(AP reg 0x03, 0x3A010001)
T24F8 000:607.402 - 0.258ms returns 0
T24F8 000:607.416 JLINK_CORESIGHT_WriteAPDPReg(AP reg 0x00, 0x80000002)
T24F8 000:607.651 - 0.235ms returns 0
T24F8 000:607.665 JLINK_CORESIGHT_WriteAPDPReg(AP reg 0x01, 0x80011140)
T24F8 000:607.908 - 0.243ms returns 0
T24F8 000:607.924 JLINK_CORESIGHT_ReadAPDPReg(AP reg 0x03)
T24F8 000:608.212   Value=0x00000002
T24F8 000:608.228 - 0.304ms returns 0
T24F8 000:608.241 JLINK_CORESIGHT_WriteAPDPReg(AP reg 0x00, 0x80000002)
T24F8 000:608.517 - 0.276ms returns 0
T24F8 000:608.532 JLINK_CORESIGHT_WriteAPDPReg(AP reg 0x01, 0x80011120)
T24F8 000:608.779 - 0.247ms returns 0
T24F8 000:608.794 JLINK_CORESIGHT_WriteAPDPReg(AP reg 0x03, 0x000003C5)
T24F8 000:609.031 - 0.237ms returns 0
T24F8 000:609.046 JLINK_CORESIGHT_WriteAPDPReg(AP reg 0x00, 0x80000002)
T24F8 000:609.282 - 0.235ms returns 0
T24F8 000:609.296 JLINK_CORESIGHT_WriteAPDPReg(AP reg 0x01, 0x80011140)
T24F8 000:609.530 - 0.234ms returns 0
T24F8 000:609.545 JLINK_CORESIGHT_ReadAPDPReg(AP reg 0x03)
T24F8 000:609.840   Value=0x00000000
T24F8 000:609.856 - 0.311ms returns 0
T24F8 000:609.869 JLINK_CORESIGHT_WriteAPDPReg(AP reg 0x00, 0x80000002)
T24F8 000:610.134 - 0.265ms returns 0
T24F8 000:610.149 JLINK_CORESIGHT_WriteAPDPReg(AP reg 0x01, 0x80011130)
T24F8 000:610.378 - 0.229ms returns 0
T24F8 000:610.393 JLINK_CORESIGHT_ReadAPDPReg(AP reg 0x03)
T24F8 000:610.682   Value=0x3A2A0081
T24F8 000:610.697 - 0.305ms returns 0
T24F8 000:610.710 JLINK_CORESIGHT_WriteAPDPReg(AP reg 0x00, 0x80000002)
T24F8 000:610.947 - 0.237ms returns 0
T24F8 000:610.961 JLINK_CORESIGHT_WriteAPDPReg(AP reg 0x01, 0x80011140)
T24F8 000:611.232 - 0.270ms returns 0
T24F8 000:611.250 JLINK_CORESIGHT_ReadAPDPReg(AP reg 0x03)
T24F8 000:611.536   Value=0x00000000
T24F8 000:611.551 - 0.301ms returns 0
T24F8 000:611.564 JLINK_CORESIGHT_WriteAPDPReg(AP reg 0x00, 0x80000002)
T24F8 000:611.803 - 0.239ms returns 0
T24F8 000:611.818 JLINK_CORESIGHT_WriteAPDPReg(AP reg 0x01, 0x80011130)
T24F8 000:612.105 - 0.284ms returns 0
T24F8 000:612.163 JLINK_CORESIGHT_ReadAPDPReg(AP reg 0x03)
T24F8 000:612.563   Value=0x808D5B00
T24F8 000:612.587 - 0.424ms returns 0
T24F8 000:612.603 JLINK_CORESIGHT_WriteAPDPReg(AP reg 0x00, 0x80000002)
T24F8 000:612.861 - 0.258ms returns 0
T24F8 000:612.878 JLINK_CORESIGHT_WriteAPDPReg(AP reg 0x01, 0x80011140)
T24F8 000:613.120 - 0.242ms returns 0
T24F8 000:613.136 JLINK_CORESIGHT_ReadAPDPReg(AP reg 0x03)
T24F8 000:613.424   Value=0x00000000
T24F8 000:613.438 - 0.302ms returns 0
T24F8 000:613.450 JLINK_CORESIGHT_WriteAPDPReg(AP reg 0x00, 0x80000002)
T24F8 000:613.675 - 0.225ms returns 0
T24F8 000:613.688 JLINK_CORESIGHT_WriteAPDPReg(AP reg 0x01, 0x80011130)
T24F8 000:613.918 - 0.230ms returns 0
T24F8 000:613.931 JLINK_CORESIGHT_ReadAPDPReg(AP reg 0x03)
T24F8 000:614.202   Value=0x0603030B
T24F8 000:614.216 - 0.285ms returns 0
T24F8 000:614.227 JLINK_CORESIGHT_WriteAPDPReg(AP reg 0x00, 0x80000002)
T24F8 000:614.510 - 0.283ms returns 0
T24F8 000:614.523 JLINK_CORESIGHT_WriteAPDPReg(AP reg 0x01, 0x80011140)
T24F8 000:614.747 - 0.224ms returns 0
T24F8 000:614.761 JLINK_CORESIGHT_ReadAPDPReg(AP reg 0x03)
T24F8 000:615.040   Value=0x00000000
T24F8 000:615.054 - 0.293ms returns 0
T24F8 000:615.066 JLINK_CORESIGHT_WriteAPDPReg(AP reg 0x00, 0x80000002)
T24F8 000:615.298 - 0.232ms returns 0
T24F8 000:615.312 JLINK_CORESIGHT_WriteAPDPReg(AP reg 0x01, 0x80011130)
T24F8 000:615.548 - 0.236ms returns 0
T24F8 000:615.561 JLINK_CORESIGHT_ReadAPDPReg(AP reg 0x03)
T24F8 000:615.854   Value=0x2E4B4E20
T24F8 000:615.869 - 0.307ms returns 0
T24F8 000:615.881 JLINK_CORESIGHT_WriteAPDPReg(AP reg 0x00, 0x80000002)
T24F8 000:616.127 - 0.246ms returns 0
T24F8 000:616.141 JLINK_CORESIGHT_WriteAPDPReg(AP reg 0x01, 0x80011140)
T24F8 000:616.373 - 0.233ms returns 0
T24F8 000:616.387 JLINK_CORESIGHT_ReadAPDPReg(AP reg 0x03)
T24F8 000:616.673   Value=0x00000000
T24F8 000:616.688 - 0.300ms returns 0
T24F8 000:616.700 JLINK_CORESIGHT_WriteAPDPReg(AP reg 0x00, 0x80000002)
T24F8 000:616.922 - 0.222ms returns 0
T24F8 000:616.935 JLINK_CORESIGHT_WriteAPDPReg(AP reg 0x01, 0x80011130)
T24F8 000:617.150 - 0.215ms returns 0
T24F8 000:617.164 JLINK_CORESIGHT_ReadAPDPReg(AP reg 0x03)
T24F8 000:617.473   Value=0x46AA63EA
T24F8 000:617.494 - 0.330ms returns 0
T24F8 000:617.508 JLINK_CORESIGHT_WriteAPDPReg(AP reg 0x00, 0x80000002)
T24F8 000:617.845 - 0.337ms returns 0
T24F8 000:617.864 JLINK_CORESIGHT_WriteAPDPReg(AP reg 0x01, 0x80011140)
T24F8 000:618.193 - 0.328ms returns 0
T24F8 000:618.216 JLINK_CORESIGHT_ReadAPDPReg(AP reg 0x03)
T24F8 000:618.563   Value=0x00000000
T24F8 000:618.583 - 0.367ms returns 0
T24F8 000:618.596 JLINK_CORESIGHT_WriteAPDPReg(AP reg 0x00, 0x80000002)
T24F8 000:618.836 - 0.240ms returns 0
T24F8 000:618.849 JLINK_CORESIGHT_WriteAPDPReg(AP reg 0x01, 0x80011130)
T24F8 000:619.123 - 0.274ms returns 0
T24F8 000:619.134 JLINK_CORESIGHT_ReadAPDPReg(AP reg 0x03)
T24F8 000:619.410   Value=0x31305853
T24F8 000:619.422 - 0.287ms returns 0
T24F8 000:619.431 JLINK_CORESIGHT_WriteAPDPReg(AP reg 0x00, 0x80000002)
T24F8 000:619.645 - 0.213ms returns 0
T24F8 000:619.656 JLINK_CORESIGHT_WriteAPDPReg(AP reg 0x01, 0x80011140)
T24F8 000:619.870 - 0.214ms returns 0
T24F8 000:619.882 JLINK_CORESIGHT_ReadAPDPReg(AP reg 0x03)
T24F8 000:620.149   Value=0x00000000
T24F8 000:620.161 - 0.279ms returns 0
T24F8 000:620.171 JLINK_CORESIGHT_WriteAPDPReg(AP reg 0x00, 0x80000002)
T24F8 000:620.395 - 0.224ms returns 0
T24F8 000:620.407 JLINK_CORESIGHT_WriteAPDPReg(AP reg 0x01, 0x80011130)
T24F8 000:620.654 - 0.247ms returns 0
T24F8 000:620.666 JLINK_CORESIGHT_ReadAPDPReg(AP reg 0x03)
T24F8 000:620.946   Value=0x7F064333
T24F8 000:620.968 - 0.302ms returns 0
T24F8 000:620.979 JLINK_CORESIGHT_WriteAPDPReg(AP reg 0x00, 0x80000002)
T24F8 000:621.248 - 0.269ms returns 0
T24F8 000:621.260 JLINK_CORESIGHT_WriteAPDPReg(AP reg 0x01, 0x80011140)
T24F8 000:621.486 - 0.226ms returns 0
T24F8 000:621.498 JLINK_CORESIGHT_ReadAPDPReg(AP reg 0x03)
T24F8 000:621.774   Value=0x00000000
T24F8 000:621.787 - 0.289ms returns 0
T24F8 000:621.797 JLINK_CORESIGHT_WriteAPDPReg(AP reg 0x00, 0x80000002)
T24F8 000:622.020 - 0.222ms returns 0
T24F8 000:622.031 JLINK_CORESIGHT_WriteAPDPReg(AP reg 0x01, 0x80011130)
T24F8 000:622.244 - 0.212ms returns 0
T24F8 000:622.256 JLINK_CORESIGHT_ReadAPDPReg(AP reg 0x03)
T24F8 000:622.527   Value=0x46375293
T24F8 000:622.539 - 0.283ms returns 0
T24F8 000:622.549 JLINK_CORESIGHT_WriteAPDPReg(AP reg 0x00, 0x80000002)
T24F8 000:622.770 - 0.221ms returns 0
T24F8 000:622.782 JLINK_CORESIGHT_WriteAPDPReg(AP reg 0x01, 0x80011140)
T24F8 000:622.995 - 0.212ms returns 0
T24F8 000:623.007 JLINK_CORESIGHT_ReadAPDPReg(AP reg 0x03)
T24F8 000:623.295   Value=0x00000000
T24F8 000:623.308 - 0.301ms returns 0
T24F8 000:623.319 JLINK_CORESIGHT_WriteAPDPReg(AP reg 0x00, 0x80000002)
T24F8 000:623.545 - 0.226ms returns 0
T24F8 000:623.557 JLINK_CORESIGHT_WriteAPDPReg(AP reg 0x01, 0x80011130)
T24F8 000:623.769 - 0.212ms returns 0
T24F8 000:623.781 JLINK_CORESIGHT_ReadAPDPReg(AP reg 0x03)
T24F8 000:624.044   Value=0x31443841
T24F8 000:624.059 - 0.277ms returns 0
T24F8 000:624.070 JLINK_CORESIGHT_WriteAPDPReg(AP reg 0x00, 0x80000002)
T24F8 000:624.294 - 0.224ms returns 0
T24F8 000:624.307 JLINK_CORESIGHT_WriteAPDPReg(AP reg 0x01, 0x80011140)
T24F8 000:624.519 - 0.212ms returns 0
T24F8 000:624.532 JLINK_CORESIGHT_ReadAPDPReg(AP reg 0x03)
T24F8 000:624.794   Value=0x00000000
T24F8 000:624.807 - 0.275ms returns 0
T24F8 000:624.818 JLINK_CORESIGHT_WriteAPDPReg(AP reg 0x00, 0x80000002)
T24F8 000:625.040 - 0.222ms returns 0
T24F8 000:625.053 JLINK_CORESIGHT_WriteAPDPReg(AP reg 0x01, 0x80011130)
T24F8 000:625.320 - 0.267ms returns 0
T24F8 000:625.332 JLINK_CORESIGHT_ReadAPDPReg(AP reg 0x03)
T24F8 000:625.660   Value=0x43454842
T24F8 000:625.689 - 0.357ms returns 0
T24F8 000:625.700 JLINK_CORESIGHT_WriteAPDPReg(AP reg 0x00, 0x80000002)
T24F8 000:625.915 - 0.215ms returns 0
T24F8 000:625.927 JLINK_CORESIGHT_WriteAPDPReg(AP reg 0x01, 0x80011140)
T24F8 000:626.148 - 0.221ms returns 0
T24F8 000:626.161 JLINK_CORESIGHT_ReadAPDPReg(AP reg 0x03)
T24F8 000:626.531   Value=0x00000000
T24F8 000:626.544 - 0.383ms returns 0
T24F8 000:626.555 JLINK_CORESIGHT_WriteAPDPReg(AP reg 0x00, 0x80000002)
T24F8 000:626.890 - 0.334ms returns 0
T24F8 000:626.908 JLINK_CORESIGHT_WriteAPDPReg(AP reg 0x01, 0x80011130)
T24F8 000:627.120 - 0.212ms returns 0
T24F8 000:627.133 JLINK_CORESIGHT_ReadAPDPReg(AP reg 0x03)
T24F8 000:627.417   Value=0x20204442
T24F8 000:627.432 - 0.298ms returns 0
T24F8 000:627.444 JLINK_CORESIGHT_WriteAPDPReg(AP reg 0x00, 0x80000002)
T24F8 000:627.836 - 0.391ms returns 0
T24F8 000:627.895 JLINK_CORESIGHT_WriteAPDPReg(AP reg 0x01, 0x80011140)
T24F8 000:628.314 - 0.419ms returns 0
T24F8 000:628.376 JLINK_CORESIGHT_ReadAPDPReg(AP reg 0x03)
T24F8 000:628.788   Value=0x00000000
T24F8 000:628.850 - 0.474ms returns 0
T24F8 000:628.884 JLINK_CORESIGHT_WriteAPDPReg(AP reg 0x00, 0x80000002)
T24F8 000:629.200 - 0.315ms returns 0
T24F8 000:629.255 JLINK_CORESIGHT_WriteAPDPReg(AP reg 0x01, 0x80011130)
T24F8 000:629.491 - 0.236ms returns 0
T24F8 000:629.504 JLINK_CORESIGHT_ReadAPDPReg(AP reg 0x03)
T24F8 000:629.776   Value=0x0003AA20
T24F8 000:629.786 - 0.283ms returns 0
T24F8 000:629.863 JLINK_CORESIGHT_WriteAPDPReg(AP reg 0x00, 0x80000002)
T24F8 000:630.121 - 0.257ms returns 0
T24F8 000:630.131 JLINK_CORESIGHT_WriteAPDPReg(AP reg 0x01, 0x80011140)
T24F8 000:630.390 - 0.260ms returns 0
T24F8 000:630.400 JLINK_CORESIGHT_ReadAPDPReg(AP reg 0x03)
T24F8 000:630.668   Value=0x00000002
T24F8 000:630.678 - 0.277ms returns 0
T24F8 000:630.686 JLINK_CORESIGHT_WriteAPDPReg(AP reg 0x00, 0x80000002)
T24F8 000:630.967 - 0.281ms returns 0
T24F8 000:630.981 JLINK_CORESIGHT_WriteAPDPReg(AP reg 0x01, 0x80011120)
T24F8 000:631.253 - 0.271ms returns 0
T24F8 000:631.264 JLINK_CORESIGHT_WriteAPDPReg(AP reg 0x03, 0x2C010001)
T24F8 000:631.486 - 0.222ms returns 0
T24F8 000:631.497 JLINK_CORESIGHT_WriteAPDPReg(AP reg 0x00, 0x80000002)
T24F8 000:631.719 - 0.222ms returns 0
T24F8 000:631.730 JLINK_CORESIGHT_WriteAPDPReg(AP reg 0x01, 0x80011140)
T24F8 000:631.952 - 0.222ms returns 0
T24F8 000:631.964 JLINK_CORESIGHT_ReadAPDPReg(AP reg 0x03)
T24F8 000:632.349   Value=0x00000002
T24F8 000:632.359 - 0.396ms returns 0
T24F8 000:632.370 JLINK_CORESIGHT_WriteAPDPReg(AP reg 0x00, 0x80000002)
T24F8 000:632.591 - 0.222ms returns 0
T24F8 000:632.603 JLINK_CORESIGHT_WriteAPDPReg(AP reg 0x01, 0x80011120)
T24F8 000:632.827 - 0.224ms returns 0
T24F8 000:632.838 JLINK_CORESIGHT_WriteAPDPReg(AP reg 0x03, 0x000003D3)
T24F8 000:633.125 - 0.286ms returns 0
T24F8 000:633.136 JLINK_CORESIGHT_WriteAPDPReg(AP reg 0x00, 0x80000002)
T24F8 000:633.372 - 0.236ms returns 0
T24F8 000:633.384 JLINK_CORESIGHT_WriteAPDPReg(AP reg 0x01, 0x80011140)
T24F8 000:633.609 - 0.225ms returns 0
T24F8 000:633.622 JLINK_CORESIGHT_ReadAPDPReg(AP reg 0x03)
T24F8 000:633.898   Value=0x00000002
T24F8 000:633.909 - 0.286ms returns 0
T24F8 000:633.919 JLINK_CORESIGHT_ReadAPDPReg(AP reg 0x03)
T24F8 000:634.181   Value=0x00000002
T24F8 000:634.194 - 0.275ms returns 0
T24F8 000:634.206 JLINK_CORESIGHT_ReadAPDPReg(AP reg 0x03)
T24F8 000:634.572   Value=0x00000002
T24F8 000:634.589 - 0.382ms returns 0
T24F8 000:634.601 JLINK_CORESIGHT_ReadAPDPReg(AP reg 0x03)
T24F8 000:634.986   Value=0x00000002
T24F8 000:635.005 - 0.403ms returns 0
T24F8 000:635.018 JLINK_CORESIGHT_ReadAPDPReg(AP reg 0x03)
T24F8 000:635.283   Value=0x00000002
T24F8 000:635.294 - 0.276ms returns 0
T24F8 000:635.305 JLINK_CORESIGHT_ReadAPDPReg(AP reg 0x03)
T24F8 000:635.572   Value=0x00000002
T24F8 000:635.582 - 0.277ms returns 0
T24F8 000:635.591 JLINK_CORESIGHT_ReadAPDPReg(AP reg 0x03)
T24F8 000:635.955   Value=0x00000002
T24F8 000:635.964 - 0.372ms returns 0
T24F8 000:635.972 JLINK_CORESIGHT_ReadAPDPReg(AP reg 0x03)
T24F8 000:636.223   Value=0x00000002
T24F8 000:636.232 - 0.260ms returns 0
T24F8 000:636.241 JLINK_CORESIGHT_ReadAPDPReg(AP reg 0x03)
T24F8 000:636.511   Value=0x00000002
T24F8 000:636.520 - 0.278ms returns 0
T24F8 000:636.529 JLINK_CORESIGHT_ReadAPDPReg(AP reg 0x03)
T24F8 000:636.776   Value=0x00000002
T24F8 000:636.785 - 0.255ms returns 0
T24F8 000:636.794 JLINK_CORESIGHT_ReadAPDPReg(AP reg 0x03)
T24F8 000:637.036   Value=0x00000000
T24F8 000:637.045 - 0.251ms returns 0
T24F8 000:637.055 JLINK_CORESIGHT_WriteAPDPReg(AP reg 0x00, 0x80000002)
T24F8 000:637.285 - 0.231ms returns 0
T24F8 000:637.296 JLINK_CORESIGHT_WriteAPDPReg(AP reg 0x01, 0x80011130)
T24F8 000:637.520 - 0.224ms returns 0
T24F8 000:637.531 JLINK_CORESIGHT_ReadAPDPReg(AP reg 0x03)
T24F8 000:637.794   Value=0x2C020081
T24F8 000:637.804 - 0.273ms returns 0
T24F8 000:637.813 JLINK_CORESIGHT_WriteAPDPReg(AP reg 0x00, 0x80000002)
T24F8 000:638.019 - 0.206ms returns 0
T24F8 000:638.030 JLINK_CORESIGHT_WriteAPDPReg(AP reg 0x01, 0x80011140)
T24F8 000:638.243 - 0.213ms returns 0
T24F8 000:638.254 JLINK_CORESIGHT_ReadAPDPReg(AP reg 0x03)
T24F8 000:638.524   Value=0x00000000
T24F8 000:638.533 - 0.279ms returns 0
T24F8 000:638.543 JLINK_CORESIGHT_WriteAPDPReg(AP reg 0x00, 0x80000002)
T24F8 000:638.769 - 0.225ms returns 0
T24F8 000:638.780 JLINK_CORESIGHT_WriteAPDPReg(AP reg 0x01, 0x80011130)
T24F8 000:638.993 - 0.213ms returns 0
T24F8 000:639.005 JLINK_CORESIGHT_ReadAPDPReg(AP reg 0x03)
T24F8 000:639.293   Value=0x0003CE04
T24F8 000:639.303 - 0.298ms returns 0
T24F8 000:639.792 JLINK_CORESIGHT_WriteAPDPReg(AP reg 0x00, 0x80000002)
T24F8 000:640.048 - 0.255ms returns 0
T24F8 000:640.058 JLINK_CORESIGHT_WriteAPDPReg(AP reg 0x01, 0x80011140)
T24F8 000:640.268 - 0.209ms returns 0
T24F8 000:640.278 JLINK_CORESIGHT_ReadAPDPReg(AP reg 0x03)
T24F8 000:640.543   Value=0x00000002
T24F8 000:640.560 - 0.282ms returns 0
T24F8 000:640.569 JLINK_CORESIGHT_WriteAPDPReg(AP reg 0x00, 0x80000002)
T24F8 000:640.793 - 0.224ms returns 0
T24F8 000:640.802 JLINK_CORESIGHT_WriteAPDPReg(AP reg 0x01, 0x80011120)
T24F8 000:641.016 - 0.214ms returns 0
T24F8 000:641.026 JLINK_CORESIGHT_WriteAPDPReg(AP reg 0x03, 0x73010001)
T24F8 000:641.236 - 0.210ms returns 0
T24F8 000:641.246 JLINK_CORESIGHT_WriteAPDPReg(AP reg 0x00, 0x80000002)
T24F8 000:641.467 - 0.220ms returns 0
T24F8 000:641.477 JLINK_CORESIGHT_WriteAPDPReg(AP reg 0x01, 0x80011140)
T24F8 000:641.696 - 0.219ms returns 0
T24F8 000:641.707 JLINK_CORESIGHT_ReadAPDPReg(AP reg 0x03)
T24F8 000:642.160   Value=0x00000002
T24F8 000:642.171 - 0.465ms returns 0
T24F8 000:642.180 JLINK_CORESIGHT_WriteAPDPReg(AP reg 0x00, 0x80000002)
T24F8 000:642.418 - 0.238ms returns 0
T24F8 000:642.428 JLINK_CORESIGHT_WriteAPDPReg(AP reg 0x01, 0x80011120)
T24F8 000:642.643 - 0.215ms returns 0
T24F8 000:642.653 JLINK_CORESIGHT_WriteAPDPReg(AP reg 0x03, 0x0000038C)
T24F8 000:642.867 - 0.214ms returns 0
T24F8 000:642.878 JLINK_CORESIGHT_WriteAPDPReg(AP reg 0x00, 0x80000002)
T24F8 000:643.112 - 0.234ms returns 0
T24F8 000:643.123 JLINK_CORESIGHT_WriteAPDPReg(AP reg 0x01, 0x80011140)
T24F8 000:643.346 - 0.223ms returns 0
T24F8 000:643.356 JLINK_CORESIGHT_ReadAPDPReg(AP reg 0x03)
T24F8 000:643.659   Value=0x00000002
T24F8 000:643.681 - 0.324ms returns 0
T24F8 000:643.692 JLINK_CORESIGHT_ReadAPDPReg(AP reg 0x03)
T24F8 000:643.946   Value=0x00000002
T24F8 000:643.960 - 0.267ms returns 0
T24F8 000:643.970 JLINK_CORESIGHT_ReadAPDPReg(AP reg 0x03)
T24F8 000:644.278   Value=0x00000002
T24F8 000:644.319 - 0.349ms returns 0
T24F8 000:644.328 JLINK_CORESIGHT_ReadAPDPReg(AP reg 0x03)
T24F8 000:644.569   Value=0x00000002
T24F8 000:644.581 - 0.253ms returns 0
T24F8 000:644.590 JLINK_CORESIGHT_ReadAPDPReg(AP reg 0x03)
T24F8 000:644.904   Value=0x00000002
T24F8 000:644.916 - 0.326ms returns 0
T24F8 000:644.934 JLINK_CORESIGHT_ReadAPDPReg(AP reg 0x03)
T24F8 000:645.292   Value=0x00000000
T24F8 000:645.308 - 0.377ms returns 0
T24F8 000:645.318 JLINK_CORESIGHT_WriteAPDPReg(AP reg 0x00, 0x80000002)
T24F8 000:645.542 - 0.224ms returns 0
T24F8 000:645.553 JLINK_CORESIGHT_WriteAPDPReg(AP reg 0x01, 0x80011130)
T24F8 000:645.767 - 0.214ms returns 0
T24F8 000:645.778 JLINK_CORESIGHT_ReadAPDPReg(AP reg 0x03)
T24F8 000:646.042   Value=0x73020081
T24F8 000:646.054 - 0.276ms returns 0
T24F8 000:646.063 JLINK_CORESIGHT_WriteAPDPReg(AP reg 0x00, 0x80000002)
T24F8 000:646.268 - 0.204ms returns 0
T24F8 000:646.279 JLINK_CORESIGHT_WriteAPDPReg(AP reg 0x01, 0x80011140)
T24F8 000:646.492 - 0.213ms returns 0
T24F8 000:646.503 JLINK_CORESIGHT_ReadAPDPReg(AP reg 0x03)
T24F8 000:646.774   Value=0x00000000
T24F8 000:646.786 - 0.282ms returns 0
T24F8 000:646.795 JLINK_CORESIGHT_WriteAPDPReg(AP reg 0x00, 0x80000002)
T24F8 000:647.018 - 0.222ms returns 0
T24F8 000:647.029 JLINK_CORESIGHT_WriteAPDPReg(AP reg 0x01, 0x80011130)
T24F8 000:647.243 - 0.214ms returns 0
T24F8 000:647.254 JLINK_CORESIGHT_ReadAPDPReg(AP reg 0x03)
T24F8 000:647.522   Value=0x00038902
T24F8 000:647.534 - 0.280ms returns 0
T24F8 000:647.545 JLINK_CORESIGHT_WriteAPDPReg(AP reg 0x00, 0x80000002)
T24F8 000:647.767 - 0.222ms returns 0
T24F8 000:647.779 JLINK_CORESIGHT_WriteAPDPReg(AP reg 0x01, 0x80011140)
T24F8 000:647.992 - 0.213ms returns 0
T24F8 000:648.004 JLINK_CORESIGHT_ReadAPDPReg(AP reg 0x03)
T24F8 000:648.293   Value=0x00000002
T24F8 000:648.305 - 0.301ms returns 0
T24F8 000:648.315 JLINK_CORESIGHT_WriteAPDPReg(AP reg 0x00, 0x80000002)
T24F8 000:648.519 - 0.204ms returns 0
T24F8 000:648.530 JLINK_CORESIGHT_WriteAPDPReg(AP reg 0x01, 0x80011120)
T24F8 000:648.764 - 0.234ms returns 0
T24F8 000:648.776 JLINK_CORESIGHT_WriteAPDPReg(AP reg 0x03, 0x75010001)
T24F8 000:648.992 - 0.216ms returns 0
T24F8 000:649.004 JLINK_CORESIGHT_WriteAPDPReg(AP reg 0x00, 0x80000002)
T24F8 000:649.237 - 0.233ms returns 0
T24F8 000:649.249 JLINK_CORESIGHT_WriteAPDPReg(AP reg 0x01, 0x80011140)
T24F8 000:649.477 - 0.228ms returns 0
T24F8 000:649.491 JLINK_CORESIGHT_ReadAPDPReg(AP reg 0x03)
T24F8 000:649.768   Value=0x00000002
T24F8 000:649.780 - 0.290ms returns 0
T24F8 000:649.791 JLINK_CORESIGHT_WriteAPDPReg(AP reg 0x00, 0x80000002)
T24F8 000:650.017 - 0.226ms returns 0
T24F8 000:650.029 JLINK_CORESIGHT_WriteAPDPReg(AP reg 0x01, 0x80011120)
T24F8 000:650.242 - 0.213ms returns 0
T24F8 000:650.254 JLINK_CORESIGHT_WriteAPDPReg(AP reg 0x03, 0x0000038A)
T24F8 000:650.479 - 0.224ms returns 0
T24F8 000:650.491 JLINK_CORESIGHT_WriteAPDPReg(AP reg 0x00, 0x80000002)
T24F8 000:650.717 - 0.226ms returns 0
T24F8 000:650.732 JLINK_CORESIGHT_WriteAPDPReg(AP reg 0x01, 0x80011140)
T24F8 000:650.958 - 0.226ms returns 0
T24F8 000:650.978 JLINK_CORESIGHT_ReadAPDPReg(AP reg 0x03)
T24F8 000:651.363   Value=0x00000002
T24F8 000:651.421 - 0.443ms returns 0
T24F8 000:651.435 JLINK_CORESIGHT_ReadAPDPReg(AP reg 0x03)
T24F8 000:651.695   Value=0x00000002
T24F8 000:651.709 - 0.274ms returns 0
T24F8 000:651.719 JLINK_CORESIGHT_ReadAPDPReg(AP reg 0x03)
T24F8 000:652.038   Value=0x00000002
T24F8 000:652.056 - 0.337ms returns 0
T24F8 000:652.068 JLINK_CORESIGHT_ReadAPDPReg(AP reg 0x03)
T24F8 000:652.316   Value=0x00000002
T24F8 000:652.328 - 0.260ms returns 0
T24F8 000:652.338 JLINK_CORESIGHT_ReadAPDPReg(AP reg 0x03)
T24F8 000:652.676   Value=0x00000002
T24F8 000:652.688 - 0.350ms returns 0
T24F8 000:652.697 JLINK_CORESIGHT_ReadAPDPReg(AP reg 0x03)
T24F8 000:652.935   Value=0x00000002
T24F8 000:652.947 - 0.249ms returns 0
T24F8 000:652.956 JLINK_CORESIGHT_ReadAPDPReg(AP reg 0x03)
T24F8 000:653.290   Value=0x00000002
T24F8 000:653.309 - 0.353ms returns 0
T24F8 000:653.318 JLINK_CORESIGHT_ReadAPDPReg(AP reg 0x03)
T24F8 000:653.566   Value=0x00000000
T24F8 000:653.577 - 0.258ms returns 0
T24F8 000:653.586 JLINK_CORESIGHT_WriteAPDPReg(AP reg 0x00, 0x80000002)
T24F8 000:653.876 - 0.290ms returns 0
T24F8 000:653.886 JLINK_CORESIGHT_WriteAPDPReg(AP reg 0x01, 0x80011130)
T24F8 000:654.119 - 0.233ms returns 0
T24F8 000:654.129 JLINK_CORESIGHT_ReadAPDPReg(AP reg 0x03)
T24F8 000:654.396   Value=0x75020081
T24F8 000:654.407 - 0.278ms returns 0
T24F8 000:654.415 JLINK_CORESIGHT_WriteAPDPReg(AP reg 0x00, 0x80000002)
T24F8 000:654.653 - 0.237ms returns 0
T24F8 000:654.664 JLINK_CORESIGHT_WriteAPDPReg(AP reg 0x01, 0x80011140)
T24F8 000:654.866 - 0.202ms returns 0
T24F8 000:654.877 JLINK_CORESIGHT_ReadAPDPReg(AP reg 0x03)
T24F8 000:655.144   Value=0x00000000
T24F8 000:655.156 - 0.279ms returns 0
T24F8 000:655.165 JLINK_CORESIGHT_WriteAPDPReg(AP reg 0x00, 0x80000002)
T24F8 000:655.366 - 0.202ms returns 0
T24F8 000:655.377 JLINK_CORESIGHT_WriteAPDPReg(AP reg 0x01, 0x80011130)
T24F8 000:655.597 - 0.220ms returns 0
T24F8 000:655.607 JLINK_CORESIGHT_ReadAPDPReg(AP reg 0x03)
T24F8 000:655.872   Value=0x00038702
T24F8 000:655.883 - 0.276ms returns 0
T24F8 000:655.898 JLINK_CORESIGHT_WriteAPDPReg(AP reg 0x00, 0x80000002)
T24F8 000:656.120 - 0.222ms returns 0
T24F8 000:656.130 JLINK_CORESIGHT_WriteAPDPReg(AP reg 0x01, 0x80011140)
T24F8 000:656.345 - 0.214ms returns 0
T24F8 000:656.356 JLINK_CORESIGHT_ReadAPDPReg(AP reg 0x03)
T24F8 000:656.628   Value=0x00000002
T24F8 000:656.639 - 0.283ms returns 0
T24F8 000:656.648 JLINK_CORESIGHT_WriteAPDPReg(AP reg 0x00, 0x80000002)
T24F8 000:656.872 - 0.223ms returns 0
T24F8 000:656.883 JLINK_CORESIGHT_WriteAPDPReg(AP reg 0x01, 0x80011120)
T24F8 000:657.115 - 0.232ms returns 0
T24F8 000:657.126 JLINK_CORESIGHT_WriteAPDPReg(AP reg 0x03, 0x4F010001)
T24F8 000:657.346 - 0.219ms returns 0
T24F8 000:657.357 JLINK_CORESIGHT_WriteAPDPReg(AP reg 0x00, 0x80000002)
T24F8 000:657.596 - 0.239ms returns 0
T24F8 000:657.607 JLINK_CORESIGHT_WriteAPDPReg(AP reg 0x01, 0x80011140)
T24F8 000:657.883 - 0.276ms returns 0
T24F8 000:657.894 JLINK_CORESIGHT_ReadAPDPReg(AP reg 0x03)
T24F8 000:658.170   Value=0x00000002
T24F8 000:658.182 - 0.288ms returns 0
T24F8 000:658.192 JLINK_CORESIGHT_WriteAPDPReg(AP reg 0x00, 0x80000002)
T24F8 000:658.417 - 0.225ms returns 0
T24F8 000:658.428 JLINK_CORESIGHT_WriteAPDPReg(AP reg 0x01, 0x80011120)
T24F8 000:658.642 - 0.213ms returns 0
T24F8 000:658.653 JLINK_CORESIGHT_WriteAPDPReg(AP reg 0x03, 0x000003B0)
T24F8 000:658.867 - 0.214ms returns 0
T24F8 000:658.879 JLINK_CORESIGHT_WriteAPDPReg(AP reg 0x00, 0x80000002)
T24F8 000:659.162 - 0.283ms returns 0
T24F8 000:659.175 JLINK_CORESIGHT_WriteAPDPReg(AP reg 0x01, 0x80011140)
T24F8 000:659.397 - 0.221ms returns 0
T24F8 000:659.411 JLINK_CORESIGHT_ReadAPDPReg(AP reg 0x03)
T24F8 000:659.692   Value=0x00000002
T24F8 000:659.705 - 0.294ms returns 0
T24F8 000:659.715 JLINK_CORESIGHT_ReadAPDPReg(AP reg 0x03)
T24F8 000:660.031   Value=0x00000002
T24F8 000:660.067 - 0.351ms returns 0
T24F8 000:660.077 JLINK_CORESIGHT_ReadAPDPReg(AP reg 0x03)
T24F8 000:660.341   Value=0x00000002
T24F8 000:660.353 - 0.276ms returns 0
T24F8 000:660.363 JLINK_CORESIGHT_ReadAPDPReg(AP reg 0x03)
T24F8 000:660.610   Value=0x00000002
T24F8 000:660.622 - 0.260ms returns 0
T24F8 000:660.632 JLINK_CORESIGHT_ReadAPDPReg(AP reg 0x03)
T24F8 000:660.879   Value=0x00000002
T24F8 000:660.891 - 0.258ms returns 0
T24F8 000:660.901 JLINK_CORESIGHT_ReadAPDPReg(AP reg 0x03)
T24F8 000:661.169   Value=0x00000002
T24F8 000:661.181 - 0.281ms returns 0
T24F8 000:661.191 JLINK_CORESIGHT_ReadAPDPReg(AP reg 0x03)
T24F8 000:661.442   Value=0x00000002
T24F8 000:661.454 - 0.262ms returns 0
T24F8 000:661.463 JLINK_CORESIGHT_ReadAPDPReg(AP reg 0x03)
T24F8 000:661.815   Value=0x00000002
T24F8 000:661.827 - 0.364ms returns 0
T24F8 000:661.837 JLINK_CORESIGHT_ReadAPDPReg(AP reg 0x03)
T24F8 000:662.123   Value=0x00000002
T24F8 000:662.135 - 0.298ms returns 0
T24F8 000:662.145 JLINK_CORESIGHT_ReadAPDPReg(AP reg 0x03)
T24F8 000:662.417   Value=0x00000002
T24F8 000:662.430 - 0.285ms returns 0
T24F8 000:662.440 JLINK_CORESIGHT_ReadAPDPReg(AP reg 0x03)
T24F8 000:662.692   Value=0x00000002
T24F8 000:662.705 - 0.264ms returns 0
T24F8 000:662.715 JLINK_CORESIGHT_ReadAPDPReg(AP reg 0x03)
T24F8 000:663.024   Value=0x00000002
T24F8 000:663.059 - 0.344ms returns 0
T24F8 000:663.069 JLINK_CORESIGHT_ReadAPDPReg(AP reg 0x03)
T24F8 000:663.317   Value=0x00000002
T24F8 000:663.329 - 0.260ms returns 0
T24F8 000:663.339 JLINK_CORESIGHT_ReadAPDPReg(AP reg 0x03)
T24F8 000:663.594   Value=0x00000000
T24F8 000:663.607 - 0.267ms returns 0
T24F8 000:663.618 JLINK_CORESIGHT_WriteAPDPReg(AP reg 0x00, 0x80000002)
T24F8 000:663.892 - 0.274ms returns 0
T24F8 000:663.907 JLINK_CORESIGHT_WriteAPDPReg(AP reg 0x01, 0x80011130)
T24F8 000:664.178 - 0.270ms returns 0
T24F8 000:664.206 JLINK_CORESIGHT_ReadAPDPReg(AP reg 0x03)
T24F8 000:664.533   Value=0x4F0B0081
T24F8 000:664.575 - 0.368ms returns 0
T24F8 000:664.600 JLINK_CORESIGHT_WriteAPDPReg(AP reg 0x00, 0x80000002)
T24F8 000:664.841 - 0.240ms returns 0
T24F8 000:664.863 JLINK_CORESIGHT_WriteAPDPReg(AP reg 0x01, 0x80011140)
T24F8 000:665.119 - 0.255ms returns 0
T24F8 000:665.133 JLINK_CORESIGHT_ReadAPDPReg(AP reg 0x03)
T24F8 000:665.446   Value=0x00000000
T24F8 000:665.487 - 0.354ms returns 0
T24F8 000:665.521 JLINK_CORESIGHT_WriteAPDPReg(AP reg 0x00, 0x80000002)
T24F8 000:665.817 - 0.295ms returns 0
T24F8 000:665.870 JLINK_CORESIGHT_WriteAPDPReg(AP reg 0x01, 0x80011130)
T24F8 000:666.137 - 0.267ms returns 0
T24F8 000:666.150 JLINK_CORESIGHT_ReadAPDPReg(AP reg 0x03)
T24F8 000:666.418   Value=0x40070000
T24F8 000:666.429 - 0.279ms returns 0
T24F8 000:666.439 JLINK_CORESIGHT_WriteAPDPReg(AP reg 0x00, 0x80000002)
T24F8 000:666.640 - 0.201ms returns 0
T24F8 000:666.651 JLINK_CORESIGHT_WriteAPDPReg(AP reg 0x01, 0x80011140)
T24F8 000:666.855 - 0.204ms returns 0
T24F8 000:666.866 JLINK_CORESIGHT_ReadAPDPReg(AP reg 0x03)
T24F8 000:667.148   Value=0x00000000
T24F8 000:667.158 - 0.292ms returns 0
T24F8 000:667.167 JLINK_CORESIGHT_WriteAPDPReg(AP reg 0x00, 0x80000002)
T24F8 000:667.525 - 0.357ms returns 0
T24F8 000:667.577 JLINK_CORESIGHT_WriteAPDPReg(AP reg 0x01, 0x80011130)
T24F8 000:667.920 - 0.342ms returns 0
T24F8 000:667.971 JLINK_CORESIGHT_ReadAPDPReg(AP reg 0x03)
T24F8 000:668.319   Value=0x00000000
T24F8 000:668.467 - 0.496ms returns 0
T24F8 000:668.498 JLINK_CORESIGHT_WriteAPDPReg(AP reg 0x00, 0x80000002)
T24F8 000:668.768 - 0.270ms returns 0
T24F8 000:668.786 JLINK_CORESIGHT_WriteAPDPReg(AP reg 0x01, 0x80011140)
T24F8 000:668.994 - 0.207ms returns 0
T24F8 000:669.013 JLINK_CORESIGHT_ReadAPDPReg(AP reg 0x03)
T24F8 000:669.290   Value=0x00000000
T24F8 000:669.299 - 0.286ms returns 0
T24F8 000:669.309 JLINK_CORESIGHT_WriteAPDPReg(AP reg 0x00, 0x80000002)
T24F8 000:669.514 - 0.205ms returns 0
T24F8 000:669.524 JLINK_CORESIGHT_WriteAPDPReg(AP reg 0x01, 0x80011130)
T24F8 000:669.739 - 0.215ms returns 0
T24F8 000:669.749 JLINK_CORESIGHT_ReadAPDPReg(AP reg 0x03)
T24F8 000:670.005   Value=0x035F0000
T24F8 000:670.013 - 0.264ms returns 0
T24F8 000:670.496 JLINK_CORESIGHT_ReadAPDPReg(DP reg 0x01)
T24F8 000:670.705   Value=0xF0000F40
T24F8 000:670.713 - 0.217ms returns 0
T24F8 000:670.720 JLINK_CORESIGHT_WriteAPDPReg(DP reg 0x01, 0xA0000F40)
T24F8 000:670.927 - 0.207ms returns 0
T24F8 000:670.935 JLINK_CORESIGHT_ReadAPDPReg(DP reg 0x01)
T24F8 000:671.143   Value=0x00000F40
T24F8 000:671.150 - 0.215ms returns 0
T24F8 000:671.157 JLINK_ClrRESET()
T24F8 000:671.385 - 0.227ms 
T24F8 000:780.310 JLINK_Close()
T24F8 000:793.404 - 13.093ms
T24F8 000:793.448   
T24F8 000:793.453   Closed
