T1600 000:001.784   SEGGER J-Link V8.92 Log File
T1600 000:001.962   DLL Compiled: Dec  3 2025 16:42:11
T1600 000:001.977   Logging started @ 2026-01-09 01:21
T1600 000:001.991   Process: C:\Users\khanh.le-huu\.eclipse\com.renesas.platform_1784983238\DebugComp\RA\e2-server-gdb.exe
T1600 000:002.011 - 2.005ms 
T1600 000:002.037 JLINK_GetDLLVersion()
T1600 000:002.051 - 0.015ms returns 89200
T1600 000:009.384 JLINK_OpenEx(...)
T1600 000:023.119   Firmware: J-Link OB-RA4M2 compiled Nov 10 2025 13:48:23
T1600 000:023.994   Firmware: J-Link OB-RA4M2 compiled Nov 10 2025 13:48:23
T1600 000:037.919   Hardware: V1.00
T1600 000:037.974   S/N: 1086243364
T1600 000:037.995   OEM: SEGGER
T1600 000:038.015   Feature(s): None
T1600 000:038.701   Bootloader: 2021 May 14
T1600 000:039.254   USB speed mode: Full speed (12 MBit/s)
T1600 000:039.829   TELNET listener socket opened on port 19021
T1600 000:040.290   WEBSRV WEBSRV_Init(): Starting webserver thread(s)
T1600 000:040.568   WEBSRV Webserver running on local port 19080
T1600 000:040.754   Looking for J-Link GUI Server exe at: C:\Users\khanh.le-huu\.eclipse\com.renesas.platform_1784983238\DebugComp\RA\ARM\Segger_v8.92.0\JLinkGUIServer.exe
T1600 000:040.913   Looking for J-Link GUI Server exe at: C:\Users\khanh.le-huu\SEGGER\JLink_V892\JLinkGUIServer.exe
T1600 000:040.960   Forking J-Link GUI Server: C:\Users\khanh.le-huu\SEGGER\JLink_V892\JLinkGUIServer.exe
T1600 000:111.225   J-Link GUI Server info: "J-Link GUI server V8.92 "
T1600 000:118.113 - 108.724ms returns "O.K."
T1600 000:118.248 JLINK_TIF_Select(JLINKARM_TIF_SWD)
T1600 000:118.895 - 0.649ms returns 0x00
T1600 000:118.944 JLINK_ClrRESET()
T1600 000:119.203 - 0.259ms 
T1600 000:170.183 JLINK_SetSpeed(1500)
T1600 000:170.406 - 0.229ms 
T1600 000:170.450 JLINK_CORESIGHT_Configure(PerformTIFInit=0)
T1600 000:171.010 - 0.560ms returns 0
T1600 000:171.048 JLINK_CORESIGHT_ReadAPDPReg(DP reg 0x00)
T1600 000:171.552   Value=0x6BA02477
T1600 000:171.586 - 0.539ms returns 0
T1600 000:171.608 JLINK_CORESIGHT_WriteAPDPReg(DP reg 0x00, 0x0000001F)
T1600 000:171.840 - 0.231ms returns 0
T1600 000:171.878 JLINK_CORESIGHT_ReadAPDPReg(DP reg 0x00)
T1600 000:172.227   Value=0x6BA02477
T1600 000:172.257 - 0.379ms returns 0
T1600 000:172.277 JLINK_CORESIGHT_WriteAPDPReg(DP reg 0x02, 0x00000000)
T1600 000:172.612 - 0.334ms returns 0
T1600 000:172.645 JLINK_CORESIGHT_WriteAPDPReg(DP reg 0x01, 0x50000000)
T1600 000:173.010 - 0.364ms returns 0
T1600 000:173.034 JLINK_CORESIGHT_ReadAPDPReg(DP reg 0x01)
T1600 000:173.286   Value=0xD0000000
T1600 000:173.320 - 0.286ms returns 0
T1600 000:173.341 JLINK_CORESIGHT_ReadAPDPReg(DP reg 0x01)
T1600 000:173.638   Value=0xD0000000
T1600 000:173.669 - 0.327ms returns 0
T1600 000:173.689 JLINK_CORESIGHT_ReadAPDPReg(DP reg 0x01)
T1600 000:173.999   Value=0xD0000000
T1600 000:174.025 - 0.336ms returns 0
T1600 000:174.046 JLINK_CORESIGHT_ReadAPDPReg(DP reg 0x01)
T1600 000:174.438   Value=0xD0000000
T1600 000:174.471 - 0.425ms returns 0
T1600 000:174.492 JLINK_CORESIGHT_ReadAPDPReg(DP reg 0x01)
T1600 000:174.741   Value=0xF0000000
T1600 000:174.768 - 0.277ms returns 0
T1600 000:174.788 JLINK_CORESIGHT_WriteAPDPReg(DP reg 0x00, 0x0000001F)
T1600 000:175.001 - 0.213ms returns 0
T1600 000:175.032 JLINK_CORESIGHT_ReadAPDPReg(DP reg 0x00)
T1600 000:175.291   Value=0x6BA02477
T1600 000:175.320 - 0.287ms returns 0
T1600 000:175.340 JLINK_CORESIGHT_WriteAPDPReg(DP reg 0x01, 0x54000000)
T1600 000:175.568 - 0.228ms returns 0
T1600 000:175.593 JLINK_CORESIGHT_WriteAPDPReg(DP reg 0x01, 0x50000F00)
T1600 000:175.843 - 0.250ms returns 0
T1600 000:175.873 JLINK_CORESIGHT_WriteAPDPReg(DP reg 0x02, 0x01000000)
T1600 000:176.142 - 0.269ms returns 0
T1600 000:176.164 JLINK_CORESIGHT_WriteAPDPReg(AP reg 0x00, 0x80000002)
T1600 000:176.382 - 0.218ms returns 0
T1600 000:176.403 JLINK_CORESIGHT_WriteAPDPReg(AP reg 0x01, 0x80011100)
T1600 000:176.640 - 0.237ms returns 0
T1600 000:176.661 JLINK_CORESIGHT_WriteAPDPReg(AP reg 0x03, 0x000000A5)
T1600 000:176.901 - 0.240ms returns 0
T1600 000:176.987 JLINK_CORESIGHT_WriteAPDPReg(AP reg 0x00, 0x80000002)
T1600 000:177.211 - 0.224ms returns 0
T1600 000:177.235 JLINK_CORESIGHT_WriteAPDPReg(AP reg 0x01, 0x80011100)
T1600 000:177.450 - 0.215ms returns 0
T1600 000:177.475 JLINK_CORESIGHT_ReadAPDPReg(AP reg 0x03)
T1600 000:177.763   Value=0x000000A5
T1600 000:177.786 - 0.311ms returns 0
T1600 000:177.804 JLINK_ClrTMS()
T1600 000:177.897 - 0.092ms 
T1600 000:183.151 JLINK_SetTCK()
T1600 000:183.306 - 0.154ms returns 0
T1600 000:189.168 JLINK_SetRESET()
T1600 000:189.291 - 0.122ms 
T1600 000:390.236 JLINK_CORESIGHT_WriteAPDPReg(AP reg 0x00, 0x80000002)
T1600 000:390.515 - 0.279ms returns 0
T1600 000:390.535 JLINK_CORESIGHT_WriteAPDPReg(AP reg 0x01, 0x80011100)
T1600 000:390.775 - 0.239ms returns 0
T1600 000:390.792 JLINK_CORESIGHT_ReadAPDPReg(AP reg 0x03)
T1600 000:391.079   Value=0x00000000
T1600 000:391.098 - 0.306ms returns 0
T1600 000:391.114 JLINK_CORESIGHT_WriteAPDPReg(AP reg 0x00, 0x80000002)
T1600 000:391.324 - 0.210ms returns 0
T1600 000:391.342 JLINK_CORESIGHT_WriteAPDPReg(AP reg 0x01, 0x80011140)
T1600 000:391.556 - 0.214ms returns 0
T1600 000:391.575 JLINK_CORESIGHT_ReadAPDPReg(AP reg 0x03)
T1600 000:391.850   Value=0x00000002
T1600 000:391.870 - 0.295ms returns 0
T1600 000:391.884 JLINK_CORESIGHT_WriteAPDPReg(AP reg 0x00, 0x80000002)
T1600 000:392.116 - 0.232ms returns 0
T1600 000:392.132 JLINK_CORESIGHT_WriteAPDPReg(AP reg 0x01, 0x80011120)
T1600 000:392.346 - 0.213ms returns 0
T1600 000:392.362 JLINK_CORESIGHT_WriteAPDPReg(AP reg 0x03, 0x00000055)
T1600 000:392.576 - 0.213ms returns 0
T1600 000:392.592 JLINK_CORESIGHT_WriteAPDPReg(AP reg 0x00, 0x80000002)
T1600 000:392.817 - 0.225ms returns 0
T1600 000:392.833 JLINK_CORESIGHT_WriteAPDPReg(AP reg 0x01, 0x80011140)
T1600 000:393.042 - 0.209ms returns 0
T1600 000:393.058 JLINK_CORESIGHT_ReadAPDPReg(AP reg 0x03)
T1600 000:393.335   Value=0x00000000
T1600 000:393.356 - 0.298ms returns 0
T1600 000:393.371 JLINK_CORESIGHT_WriteAPDPReg(AP reg 0x00, 0x80000002)
T1600 000:393.595 - 0.223ms returns 0
T1600 000:393.611 JLINK_CORESIGHT_WriteAPDPReg(AP reg 0x01, 0x80011130)
T1600 000:394.001 - 0.389ms returns 0
T1600 000:394.037 JLINK_CORESIGHT_ReadAPDPReg(AP reg 0x03)
T1600 000:394.322   Value=0x000000C6
T1600 000:394.350 - 0.313ms returns 0
T1600 000:394.378 JLINK_CORESIGHT_WriteAPDPReg(AP reg 0x00, 0x80000002)
T1600 000:394.595 - 0.217ms returns 0
T1600 000:394.611 JLINK_CORESIGHT_WriteAPDPReg(AP reg 0x01, 0x80011140)
T1600 000:394.825 - 0.214ms returns 0
T1600 000:394.842 JLINK_CORESIGHT_ReadAPDPReg(AP reg 0x03)
T1600 000:395.230   Value=0x00000002
T1600 000:395.248 - 0.407ms returns 0
T1600 000:395.262 JLINK_CORESIGHT_WriteAPDPReg(AP reg 0x00, 0x80000002)
T1600 000:395.479 - 0.216ms returns 0
T1600 000:395.498 JLINK_CORESIGHT_WriteAPDPReg(AP reg 0x01, 0x80011120)
T1600 000:395.717 - 0.219ms returns 0
T1600 000:395.734 JLINK_CORESIGHT_WriteAPDPReg(AP reg 0x03, 0x3A010001)
T1600 000:396.117 - 0.382ms returns 0
T1600 000:396.135 JLINK_CORESIGHT_WriteAPDPReg(AP reg 0x00, 0x80000002)
T1600 000:396.507 - 0.371ms returns 0
T1600 000:396.535 JLINK_CORESIGHT_WriteAPDPReg(AP reg 0x01, 0x80011140)
T1600 000:396.830 - 0.295ms returns 0
T1600 000:396.850 JLINK_CORESIGHT_ReadAPDPReg(AP reg 0x03)
T1600 000:397.171   Value=0x00000002
T1600 000:397.192 - 0.341ms returns 0
T1600 000:397.207 JLINK_CORESIGHT_WriteAPDPReg(AP reg 0x00, 0x80000002)
T1600 000:397.413 - 0.206ms returns 0
T1600 000:397.430 JLINK_CORESIGHT_WriteAPDPReg(AP reg 0x01, 0x80011120)
T1600 000:397.639 - 0.209ms returns 0
T1600 000:397.665 JLINK_CORESIGHT_WriteAPDPReg(AP reg 0x03, 0x000003C5)
T1600 000:398.003 - 0.338ms returns 0
T1600 000:398.024 JLINK_CORESIGHT_WriteAPDPReg(AP reg 0x00, 0x80000002)
T1600 000:398.240 - 0.216ms returns 0
T1600 000:398.258 JLINK_CORESIGHT_WriteAPDPReg(AP reg 0x01, 0x80011140)
T1600 000:398.474 - 0.215ms returns 0
T1600 000:398.495 JLINK_CORESIGHT_ReadAPDPReg(AP reg 0x03)
T1600 000:398.771   Value=0x00000002
T1600 000:398.792 - 0.296ms returns 0
T1600 000:398.815 JLINK_CORESIGHT_ReadAPDPReg(AP reg 0x03)
T1600 000:399.078   Value=0x00000002
T1600 000:399.102 - 0.287ms returns 0
T1600 000:399.117 JLINK_CORESIGHT_ReadAPDPReg(AP reg 0x03)
T1600 000:399.454   Value=0x00000002
T1600 000:399.520 - 0.403ms returns 0
T1600 000:399.536 JLINK_CORESIGHT_ReadAPDPReg(AP reg 0x03)
T1600 000:399.895   Value=0x00000002
T1600 000:399.920 - 0.384ms returns 0
T1600 000:399.936 JLINK_CORESIGHT_ReadAPDPReg(AP reg 0x03)
T1600 000:400.332   Value=0x00000002
T1600 000:400.365 - 0.429ms returns 0
T1600 000:400.382 JLINK_CORESIGHT_ReadAPDPReg(AP reg 0x03)
T1600 000:400.801   Value=0x00000000
T1600 000:400.824 - 0.442ms returns 0
T1600 000:400.839 JLINK_CORESIGHT_WriteAPDPReg(AP reg 0x00, 0x80000002)
T1600 000:401.202 - 0.362ms returns 0
T1600 000:401.432 JLINK_CORESIGHT_WriteAPDPReg(AP reg 0x01, 0x80011130)
T1600 000:401.822 - 0.389ms returns 0
T1600 000:401.853 JLINK_CORESIGHT_ReadAPDPReg(AP reg 0x03)
T1600 000:402.194   Value=0x3A2A0081
T1600 000:402.215 - 0.361ms returns 0
T1600 000:402.230 JLINK_CORESIGHT_WriteAPDPReg(AP reg 0x00, 0x80000002)
T1600 000:402.612 - 0.381ms returns 0
T1600 000:402.689 JLINK_CORESIGHT_WriteAPDPReg(AP reg 0x01, 0x80011140)
T1600 000:403.045 - 0.357ms returns 0
T1600 000:403.073 JLINK_CORESIGHT_ReadAPDPReg(AP reg 0x03)
T1600 000:403.445   Value=0x00000000
T1600 000:403.469 - 0.395ms returns 0
T1600 000:403.484 JLINK_CORESIGHT_WriteAPDPReg(AP reg 0x00, 0x80000002)
T1600 000:403.832 - 0.347ms returns 0
T1600 000:403.857 JLINK_CORESIGHT_WriteAPDPReg(AP reg 0x01, 0x80011130)
T1600 000:404.154 - 0.297ms returns 0
T1600 000:404.172 JLINK_CORESIGHT_ReadAPDPReg(AP reg 0x03)
T1600 000:404.451   Value=0x80841E00
T1600 000:404.482 - 0.309ms returns 0
T1600 000:404.499 JLINK_CORESIGHT_WriteAPDPReg(AP reg 0x00, 0x80000002)
T1600 000:404.718 - 0.219ms returns 0
T1600 000:404.735 JLINK_CORESIGHT_WriteAPDPReg(AP reg 0x01, 0x80011140)
T1600 000:405.003 - 0.267ms returns 0
T1600 000:405.020 JLINK_CORESIGHT_ReadAPDPReg(AP reg 0x03)
T1600 000:405.295   Value=0x00000000
T1600 000:405.315 - 0.295ms returns 0
T1600 000:405.330 JLINK_CORESIGHT_WriteAPDPReg(AP reg 0x00, 0x80000002)
T1600 000:405.542 - 0.212ms returns 0
T1600 000:405.559 JLINK_CORESIGHT_WriteAPDPReg(AP reg 0x01, 0x80011130)
T1600 000:405.772 - 0.213ms returns 0
T1600 000:405.788 JLINK_CORESIGHT_ReadAPDPReg(AP reg 0x03)
T1600 000:406.043   Value=0x01090803
T1600 000:406.062 - 0.274ms returns 0
T1600 000:406.076 JLINK_CORESIGHT_WriteAPDPReg(AP reg 0x00, 0x80000002)
T1600 000:406.288 - 0.212ms returns 0
T1600 000:406.305 JLINK_CORESIGHT_WriteAPDPReg(AP reg 0x01, 0x80011140)
T1600 000:406.517 - 0.212ms returns 0
T1600 000:406.533 JLINK_CORESIGHT_ReadAPDPReg(AP reg 0x03)
T1600 000:407.002   Value=0x00000000
T1600 000:407.023 - 0.489ms returns 0
T1600 000:407.037 JLINK_CORESIGHT_WriteAPDPReg(AP reg 0x00, 0x80000002)
T1600 000:407.252 - 0.215ms returns 0
T1600 000:407.270 JLINK_CORESIGHT_WriteAPDPReg(AP reg 0x01, 0x80011130)
T1600 000:407.481 - 0.211ms returns 0
T1600 000:407.498 JLINK_CORESIGHT_ReadAPDPReg(AP reg 0x03)
T1600 000:407.773   Value=0x31574B08
T1600 000:407.792 - 0.294ms returns 0
T1600 000:407.806 JLINK_CORESIGHT_WriteAPDPReg(AP reg 0x00, 0x80000002)
T1600 000:408.002 - 0.195ms returns 0
T1600 000:408.019 JLINK_CORESIGHT_WriteAPDPReg(AP reg 0x01, 0x80011140)
T1600 000:408.232 - 0.213ms returns 0
T1600 000:408.251 JLINK_CORESIGHT_ReadAPDPReg(AP reg 0x03)
T1600 000:408.703   Value=0x00000000
T1600 000:408.722 - 0.471ms returns 0
T1600 000:408.739 JLINK_CORESIGHT_WriteAPDPReg(AP reg 0x00, 0x80000002)
T1600 000:409.225 - 0.484ms returns 0
T1600 000:409.315 JLINK_CORESIGHT_WriteAPDPReg(AP reg 0x01, 0x80011130)
T1600 000:409.622 - 0.307ms returns 0
T1600 000:410.421 JLINK_CORESIGHT_ReadAPDPReg(AP reg 0x03)
T1600 000:410.728   Value=0x33304026
T1600 000:410.747 - 0.326ms returns 0
T1600 000:410.761 JLINK_CORESIGHT_WriteAPDPReg(AP reg 0x00, 0x80000002)
T1600 000:411.002 - 0.242ms returns 0
T1600 000:411.019 JLINK_CORESIGHT_WriteAPDPReg(AP reg 0x01, 0x80011140)
T1600 000:411.373 - 0.354ms returns 0
T1600 000:411.404 JLINK_CORESIGHT_ReadAPDPReg(AP reg 0x03)
T1600 000:411.897   Value=0x00000000
T1600 000:411.931 - 0.526ms returns 0
T1600 000:411.947 JLINK_CORESIGHT_WriteAPDPReg(AP reg 0x00, 0x80000002)
T1600 000:412.210 - 0.263ms returns 0
T1600 000:412.226 JLINK_CORESIGHT_WriteAPDPReg(AP reg 0x01, 0x80011130)
T1600 000:412.489 - 0.263ms returns 0
T1600 000:412.505 JLINK_CORESIGHT_ReadAPDPReg(AP reg 0x03)
T1600 000:412.795   Value=0x30383334
T1600 000:412.814 - 0.309ms returns 0
T1600 000:412.861 JLINK_CORESIGHT_WriteAPDPReg(AP reg 0x00, 0x80000002)
T1600 000:413.279 - 0.417ms returns 0
T1600 000:413.311 JLINK_CORESIGHT_WriteAPDPReg(AP reg 0x01, 0x80011140)
T1600 000:413.627 - 0.316ms returns 0
T1600 000:413.653 JLINK_CORESIGHT_ReadAPDPReg(AP reg 0x03)
T1600 000:414.001   Value=0x00000000
T1600 000:414.023 - 0.371ms returns 0
T1600 000:414.039 JLINK_CORESIGHT_WriteAPDPReg(AP reg 0x00, 0x80000002)
T1600 000:414.358 - 0.319ms returns 0
T1600 000:414.389 JLINK_CORESIGHT_WriteAPDPReg(AP reg 0x01, 0x80011130)
T1600 000:414.714 - 0.325ms returns 0
T1600 000:414.739 JLINK_CORESIGHT_ReadAPDPReg(AP reg 0x03)
T1600 000:415.000   Value=0x1E073130
T1600 000:415.023 - 0.284ms returns 0
T1600 000:415.039 JLINK_CORESIGHT_WriteAPDPReg(AP reg 0x00, 0x80000002)
T1600 000:415.352 - 0.313ms returns 0
T1600 000:415.369 JLINK_CORESIGHT_WriteAPDPReg(AP reg 0x01, 0x80011140)
T1600 000:415.588 - 0.219ms returns 0
T1600 000:415.605 JLINK_CORESIGHT_ReadAPDPReg(AP reg 0x03)
T1600 000:415.874   Value=0x00000000
T1600 000:415.894 - 0.289ms returns 0
T1600 000:415.908 JLINK_CORESIGHT_WriteAPDPReg(AP reg 0x00, 0x80000002)
T1600 000:416.124 - 0.216ms returns 0
T1600 000:416.140 JLINK_CORESIGHT_WriteAPDPReg(AP reg 0x01, 0x80011130)
T1600 000:416.463 - 0.322ms returns 0
T1600 000:416.479 JLINK_CORESIGHT_ReadAPDPReg(AP reg 0x03)
T1600 000:416.749   Value=0x46375214
T1600 000:416.769 - 0.289ms returns 0
T1600 000:416.783 JLINK_CORESIGHT_WriteAPDPReg(AP reg 0x00, 0x80000002)
T1600 000:416.994 - 0.211ms returns 0
T1600 000:417.010 JLINK_CORESIGHT_WriteAPDPReg(AP reg 0x01, 0x80011140)
T1600 000:417.225 - 0.214ms returns 0
T1600 000:417.244 JLINK_CORESIGHT_ReadAPDPReg(AP reg 0x03)
T1600 000:417.514   Value=0x00000000
T1600 000:417.534 - 0.290ms returns 0
T1600 000:417.549 JLINK_CORESIGHT_WriteAPDPReg(AP reg 0x00, 0x80000002)
T1600 000:417.757 - 0.208ms returns 0
T1600 000:417.773 JLINK_CORESIGHT_WriteAPDPReg(AP reg 0x01, 0x80011130)
T1600 000:418.000 - 0.226ms returns 0
T1600 000:418.016 JLINK_CORESIGHT_ReadAPDPReg(AP reg 0x03)
T1600 000:418.400   Value=0x314C3441
T1600 000:418.420 - 0.403ms returns 0
T1600 000:418.434 JLINK_CORESIGHT_WriteAPDPReg(AP reg 0x00, 0x80000002)
T1600 000:418.640 - 0.206ms returns 0
T1600 000:418.657 JLINK_CORESIGHT_WriteAPDPReg(AP reg 0x01, 0x80011140)
T1600 000:418.864 - 0.206ms returns 0
T1600 000:418.881 JLINK_CORESIGHT_ReadAPDPReg(AP reg 0x03)
T1600 000:419.179   Value=0x00000000
T1600 000:419.223 - 0.342ms returns 0
T1600 000:419.241 JLINK_CORESIGHT_WriteAPDPReg(AP reg 0x00, 0x80000002)
T1600 000:419.449 - 0.207ms returns 0
T1600 000:419.466 JLINK_CORESIGHT_WriteAPDPReg(AP reg 0x01, 0x80011130)
T1600 000:419.677 - 0.211ms returns 0
T1600 000:419.693 JLINK_CORESIGHT_ReadAPDPReg(AP reg 0x03)
T1600 000:420.006   Value=0x43344442
T1600 000:420.041 - 0.347ms returns 0
T1600 000:420.057 JLINK_CORESIGHT_WriteAPDPReg(AP reg 0x00, 0x80000002)
T1600 000:420.412 - 0.355ms returns 0
T1600 000:420.436 JLINK_CORESIGHT_WriteAPDPReg(AP reg 0x01, 0x80011140)
T1600 000:420.727 - 0.291ms returns 0
T1600 000:420.745 JLINK_CORESIGHT_ReadAPDPReg(AP reg 0x03)
T1600 000:420.997   Value=0x00000000
T1600 000:421.017 - 0.271ms returns 0
T1600 000:421.031 JLINK_CORESIGHT_WriteAPDPReg(AP reg 0x00, 0x80000002)
T1600 000:421.252 - 0.220ms returns 0
T1600 000:421.270 JLINK_CORESIGHT_WriteAPDPReg(AP reg 0x01, 0x80011130)
T1600 000:421.482 - 0.212ms returns 0
T1600 000:421.499 JLINK_CORESIGHT_ReadAPDPReg(AP reg 0x03)
T1600 000:421.829   Value=0x20205046
T1600 000:421.851 - 0.352ms returns 0
T1600 000:421.866 JLINK_CORESIGHT_WriteAPDPReg(AP reg 0x00, 0x80000002)
T1600 000:422.116 - 0.250ms returns 0
T1600 000:422.133 JLINK_CORESIGHT_WriteAPDPReg(AP reg 0x01, 0x80011140)
T1600 000:422.353 - 0.220ms returns 0
T1600 000:422.370 JLINK_CORESIGHT_ReadAPDPReg(AP reg 0x03)
T1600 000:422.654   Value=0x00000000
T1600 000:422.673 - 0.304ms returns 0
T1600 000:422.687 JLINK_CORESIGHT_WriteAPDPReg(AP reg 0x00, 0x80000002)
T1600 000:422.898 - 0.210ms returns 0
T1600 000:422.914 JLINK_CORESIGHT_WriteAPDPReg(AP reg 0x01, 0x80011130)
T1600 000:423.118 - 0.204ms returns 0
T1600 000:423.134 JLINK_CORESIGHT_ReadAPDPReg(AP reg 0x03)
T1600 000:423.409   Value=0x0003A420
T1600 000:423.427 - 0.293ms returns 0
T1600 000:423.515 JLINK_CORESIGHT_WriteAPDPReg(AP reg 0x00, 0x80000002)
T1600 000:423.727 - 0.212ms returns 0
T1600 000:423.744 JLINK_CORESIGHT_WriteAPDPReg(AP reg 0x01, 0x80011140)
T1600 000:424.002 - 0.258ms returns 0
T1600 000:424.019 JLINK_CORESIGHT_ReadAPDPReg(AP reg 0x03)
T1600 000:424.289   Value=0x00000002
T1600 000:424.311 - 0.292ms returns 0
T1600 000:424.327 JLINK_CORESIGHT_WriteAPDPReg(AP reg 0x00, 0x80000002)
T1600 000:424.538 - 0.210ms returns 0
T1600 000:424.554 JLINK_CORESIGHT_WriteAPDPReg(AP reg 0x01, 0x80011120)
T1600 000:424.779 - 0.224ms returns 0
T1600 000:424.795 JLINK_CORESIGHT_WriteAPDPReg(AP reg 0x03, 0x2C010001)
T1600 000:425.002 - 0.207ms returns 0
T1600 000:425.018 JLINK_CORESIGHT_WriteAPDPReg(AP reg 0x00, 0x80000002)
T1600 000:425.232 - 0.213ms returns 0
T1600 000:425.250 JLINK_CORESIGHT_WriteAPDPReg(AP reg 0x01, 0x80011140)
T1600 000:425.462 - 0.212ms returns 0
T1600 000:425.480 JLINK_CORESIGHT_ReadAPDPReg(AP reg 0x03)
T1600 000:425.757   Value=0x00000002
T1600 000:425.776 - 0.296ms returns 0
T1600 000:425.791 JLINK_CORESIGHT_WriteAPDPReg(AP reg 0x00, 0x80000002)
T1600 000:426.002 - 0.211ms returns 0
T1600 000:426.018 JLINK_CORESIGHT_WriteAPDPReg(AP reg 0x01, 0x80011120)
T1600 000:426.234 - 0.215ms returns 0
T1600 000:426.250 JLINK_CORESIGHT_WriteAPDPReg(AP reg 0x03, 0x000003D3)
T1600 000:426.461 - 0.211ms returns 0
T1600 000:426.478 JLINK_CORESIGHT_WriteAPDPReg(AP reg 0x00, 0x80000002)
T1600 000:426.690 - 0.213ms returns 0
T1600 000:426.707 JLINK_CORESIGHT_WriteAPDPReg(AP reg 0x01, 0x80011140)
T1600 000:426.919 - 0.213ms returns 0
T1600 000:426.935 JLINK_CORESIGHT_ReadAPDPReg(AP reg 0x03)
T1600 000:427.196   Value=0x00000002
T1600 000:427.215 - 0.279ms returns 0
T1600 000:427.230 JLINK_CORESIGHT_ReadAPDPReg(AP reg 0x03)
T1600 000:427.502   Value=0x00000000
T1600 000:427.521 - 0.291ms returns 0
T1600 000:427.535 JLINK_CORESIGHT_WriteAPDPReg(AP reg 0x00, 0x80000002)
T1600 000:427.747 - 0.212ms returns 0
T1600 000:427.763 JLINK_CORESIGHT_WriteAPDPReg(AP reg 0x01, 0x80011130)
T1600 000:428.002 - 0.239ms returns 0
T1600 000:428.018 JLINK_CORESIGHT_ReadAPDPReg(AP reg 0x03)
T1600 000:428.291   Value=0x2C020081
T1600 000:428.310 - 0.291ms returns 0
T1600 000:428.324 JLINK_CORESIGHT_WriteAPDPReg(AP reg 0x00, 0x80000002)
T1600 000:428.534 - 0.210ms returns 0
T1600 000:428.550 JLINK_CORESIGHT_WriteAPDPReg(AP reg 0x01, 0x80011140)
T1600 000:428.782 - 0.232ms returns 0
T1600 000:428.798 JLINK_CORESIGHT_ReadAPDPReg(AP reg 0x03)
T1600 000:429.219   Value=0x00000000
T1600 000:429.252 - 0.454ms returns 0
T1600 000:429.269 JLINK_CORESIGHT_WriteAPDPReg(AP reg 0x00, 0x80000002)
T1600 000:429.671 - 0.401ms returns 0
T1600 000:429.697 JLINK_CORESIGHT_WriteAPDPReg(AP reg 0x01, 0x80011130)
T1600 000:430.007 - 0.309ms returns 0
T1600 000:430.032 JLINK_CORESIGHT_ReadAPDPReg(AP reg 0x03)
T1600 000:430.316   Value=0x0003D002
T1600 000:430.338 - 0.306ms returns 0
T1600 000:430.359 JLINK_CORESIGHT_WriteAPDPReg(AP reg 0x00, 0x80000002)
T1600 000:430.576 - 0.216ms returns 0
T1600 000:430.601 JLINK_CORESIGHT_WriteAPDPReg(AP reg 0x01, 0x80011140)
T1600 000:431.004 - 0.403ms returns 0
T1600 000:431.022 JLINK_CORESIGHT_ReadAPDPReg(AP reg 0x03)
T1600 000:431.300   Value=0x00000002
T1600 000:431.328 - 0.306ms returns 0
T1600 000:431.344 JLINK_CORESIGHT_WriteAPDPReg(AP reg 0x00, 0x80000002)
T1600 000:431.555 - 0.211ms returns 0
T1600 000:431.573 JLINK_CORESIGHT_WriteAPDPReg(AP reg 0x01, 0x80011120)
T1600 000:431.799 - 0.225ms returns 0
T1600 000:431.816 JLINK_CORESIGHT_WriteAPDPReg(AP reg 0x03, 0x4F010001)
T1600 000:432.017 - 0.200ms returns 0
T1600 000:432.035 JLINK_CORESIGHT_WriteAPDPReg(AP reg 0x00, 0x80000002)
T1600 000:432.279 - 0.243ms returns 0
T1600 000:432.297 JLINK_CORESIGHT_WriteAPDPReg(AP reg 0x01, 0x80011140)
T1600 000:432.622 - 0.325ms returns 0
T1600 000:432.640 JLINK_CORESIGHT_ReadAPDPReg(AP reg 0x03)
T1600 000:433.002   Value=0x00000002
T1600 000:433.023 - 0.383ms returns 0
T1600 000:433.039 JLINK_CORESIGHT_WriteAPDPReg(AP reg 0x00, 0x80000002)
T1600 000:433.253 - 0.214ms returns 0
T1600 000:433.271 JLINK_CORESIGHT_WriteAPDPReg(AP reg 0x01, 0x80011120)
T1600 000:433.485 - 0.214ms returns 0
T1600 000:433.503 JLINK_CORESIGHT_WriteAPDPReg(AP reg 0x03, 0x000003B0)
T1600 000:433.823 - 0.320ms returns 0
T1600 000:433.841 JLINK_CORESIGHT_WriteAPDPReg(AP reg 0x00, 0x80000002)
T1600 000:434.142 - 0.301ms returns 0
T1600 000:434.162 JLINK_CORESIGHT_WriteAPDPReg(AP reg 0x01, 0x80011140)
T1600 000:434.483 - 0.320ms returns 0
T1600 000:434.501 JLINK_CORESIGHT_ReadAPDPReg(AP reg 0x03)
T1600 000:434.845   Value=0x00000000
T1600 000:434.870 - 0.369ms returns 0
T1600 000:434.886 JLINK_CORESIGHT_WriteAPDPReg(AP reg 0x00, 0x80000002)
T1600 000:435.116 - 0.230ms returns 0
T1600 000:435.137 JLINK_CORESIGHT_WriteAPDPReg(AP reg 0x01, 0x80011130)
T1600 000:435.474 - 0.336ms returns 0
T1600 000:435.496 JLINK_CORESIGHT_ReadAPDPReg(AP reg 0x03)
T1600 000:435.866   Value=0x4F0B0081
T1600 000:435.888 - 0.392ms returns 0
T1600 000:435.905 JLINK_CORESIGHT_WriteAPDPReg(AP reg 0x00, 0x80000002)
T1600 000:436.243 - 0.339ms returns 0
T1600 000:436.264 JLINK_CORESIGHT_WriteAPDPReg(AP reg 0x01, 0x80011140)
T1600 000:436.476 - 0.212ms returns 0
T1600 000:436.509 JLINK_CORESIGHT_ReadAPDPReg(AP reg 0x03)
T1600 000:436.894   Value=0x00000000
T1600 000:436.915 - 0.406ms returns 0
T1600 000:436.932 JLINK_CORESIGHT_WriteAPDPReg(AP reg 0x00, 0x80000002)
T1600 000:437.292 - 0.360ms returns 0
T1600 000:437.310 JLINK_CORESIGHT_WriteAPDPReg(AP reg 0x01, 0x80011130)
T1600 000:437.636 - 0.326ms returns 0
T1600 000:437.655 JLINK_CORESIGHT_ReadAPDPReg(AP reg 0x03)
T1600 000:438.010   Value=0x40004000
T1600 000:438.039 - 0.383ms returns 0
T1600 000:438.057 JLINK_CORESIGHT_WriteAPDPReg(AP reg 0x00, 0x80000002)
T1600 000:438.371 - 0.314ms returns 0
T1600 000:438.397 JLINK_CORESIGHT_WriteAPDPReg(AP reg 0x01, 0x80011140)
T1600 000:438.704 - 0.307ms returns 0
T1600 000:438.723 JLINK_CORESIGHT_ReadAPDPReg(AP reg 0x03)
T1600 000:439.117   Value=0x00000000
T1600 000:439.135 - 0.413ms returns 0
T1600 000:439.152 JLINK_CORESIGHT_WriteAPDPReg(AP reg 0x00, 0x80000002)
T1600 000:439.508 - 0.356ms returns 0
T1600 000:439.528 JLINK_CORESIGHT_WriteAPDPReg(AP reg 0x01, 0x80011130)
T1600 000:439.835 - 0.306ms returns 0
T1600 000:439.853 JLINK_CORESIGHT_ReadAPDPReg(AP reg 0x03)
T1600 000:440.293   Value=0x08000000
T1600 000:440.355 - 0.501ms returns 0
T1600 000:440.372 JLINK_CORESIGHT_WriteAPDPReg(AP reg 0x00, 0x80000002)
T1600 000:440.665 - 0.292ms returns 0
T1600 000:440.688 JLINK_CORESIGHT_WriteAPDPReg(AP reg 0x01, 0x80011140)
T1600 000:440.897 - 0.210ms returns 0
T1600 000:440.920 JLINK_CORESIGHT_ReadAPDPReg(AP reg 0x03)
T1600 000:441.273   Value=0x00000000
T1600 000:441.294 - 0.374ms returns 0
T1600 000:441.312 JLINK_CORESIGHT_WriteAPDPReg(AP reg 0x00, 0x80000002)
T1600 000:441.595 - 0.283ms returns 0
T1600 000:441.615 JLINK_CORESIGHT_WriteAPDPReg(AP reg 0x01, 0x80011130)
T1600 000:441.915 - 0.299ms returns 0
T1600 000:441.935 JLINK_CORESIGHT_ReadAPDPReg(AP reg 0x03)
T1600 000:442.307   Value=0x03160800
T1600 000:442.329 - 0.394ms returns 0
T1600 000:443.277 JLINK_CORESIGHT_WriteAPDPReg(AP reg 0x00, 0x80000002)
T1600 000:443.504 - 0.227ms returns 0
T1600 000:443.522 JLINK_CORESIGHT_WriteAPDPReg(AP reg 0x01, 0x80011140)
T1600 000:443.761 - 0.238ms returns 0
T1600 000:443.782 JLINK_CORESIGHT_ReadAPDPReg(AP reg 0x03)
T1600 000:444.044   Value=0x00000002
T1600 000:444.066 - 0.284ms returns 0
T1600 000:444.080 JLINK_CORESIGHT_WriteAPDPReg(AP reg 0x00, 0x80000002)
T1600 000:444.328 - 0.248ms returns 0
T1600 000:444.349 JLINK_CORESIGHT_WriteAPDPReg(AP reg 0x01, 0x80011120)
T1600 000:444.564 - 0.215ms returns 0
T1600 000:444.583 JLINK_CORESIGHT_WriteAPDPReg(AP reg 0x03, 0x2C010001)
T1600 000:444.858 - 0.275ms returns 0
T1600 000:444.879 JLINK_CORESIGHT_WriteAPDPReg(AP reg 0x00, 0x80000002)
T1600 000:445.129 - 0.249ms returns 0
T1600 000:445.161 JLINK_CORESIGHT_WriteAPDPReg(AP reg 0x01, 0x80011140)
T1600 000:445.415 - 0.254ms returns 0
T1600 000:445.438 JLINK_CORESIGHT_ReadAPDPReg(AP reg 0x03)
T1600 000:445.721   Value=0x00000002
T1600 000:445.744 - 0.305ms returns 0
T1600 000:445.759 JLINK_CORESIGHT_WriteAPDPReg(AP reg 0x00, 0x80000002)
T1600 000:446.017 - 0.258ms returns 0
T1600 000:446.038 JLINK_CORESIGHT_WriteAPDPReg(AP reg 0x01, 0x80011120)
T1600 000:446.414 - 0.374ms returns 0
T1600 000:446.569 JLINK_CORESIGHT_WriteAPDPReg(AP reg 0x03, 0x000003D3)
T1600 000:447.081 - 0.514ms returns 0
T1600 000:447.116 JLINK_CORESIGHT_WriteAPDPReg(AP reg 0x00, 0x80000002)
T1600 000:447.347 - 0.231ms returns 0
T1600 000:447.374 JLINK_CORESIGHT_WriteAPDPReg(AP reg 0x01, 0x80011140)
T1600 000:447.592 - 0.218ms returns 0
T1600 000:447.620 JLINK_CORESIGHT_ReadAPDPReg(AP reg 0x03)
T1600 000:447.896   Value=0x00000002
T1600 000:447.915 - 0.294ms returns 0
T1600 000:447.929 JLINK_CORESIGHT_ReadAPDPReg(AP reg 0x03)
T1600 000:448.184   Value=0x00000002
T1600 000:448.205 - 0.276ms returns 0
T1600 000:448.219 JLINK_CORESIGHT_ReadAPDPReg(AP reg 0x03)
T1600 000:448.493   Value=0x00000002
T1600 000:448.512 - 0.293ms returns 0
T1600 000:448.525 JLINK_CORESIGHT_ReadAPDPReg(AP reg 0x03)
T1600 000:448.796   Value=0x00000002
T1600 000:448.815 - 0.289ms returns 0
T1600 000:448.829 JLINK_CORESIGHT_ReadAPDPReg(AP reg 0x03)
T1600 000:449.078   Value=0x00000002
T1600 000:449.097 - 0.268ms returns 0
T1600 000:449.111 JLINK_CORESIGHT_ReadAPDPReg(AP reg 0x03)
T1600 000:449.357   Value=0x00000000
T1600 000:449.378 - 0.267ms returns 0
T1600 000:449.393 JLINK_CORESIGHT_WriteAPDPReg(AP reg 0x00, 0x80000002)
T1600 000:449.603 - 0.210ms returns 0
T1600 000:449.619 JLINK_CORESIGHT_WriteAPDPReg(AP reg 0x01, 0x80011130)
T1600 000:449.833 - 0.213ms returns 0
T1600 000:449.849 JLINK_CORESIGHT_ReadAPDPReg(AP reg 0x03)
T1600 000:450.228   Value=0x2C020081
T1600 000:450.247 - 0.398ms returns 0
T1600 000:450.261 JLINK_CORESIGHT_WriteAPDPReg(AP reg 0x00, 0x80000002)
T1600 000:450.472 - 0.211ms returns 0
T1600 000:450.490 JLINK_CORESIGHT_WriteAPDPReg(AP reg 0x01, 0x80011140)
T1600 000:450.708 - 0.217ms returns 0
T1600 000:450.726 JLINK_CORESIGHT_ReadAPDPReg(AP reg 0x03)
T1600 000:451.043   Value=0x00000000
T1600 000:451.065 - 0.339ms returns 0
T1600 000:451.080 JLINK_CORESIGHT_WriteAPDPReg(AP reg 0x00, 0x80000002)
T1600 000:451.292 - 0.212ms returns 0
T1600 000:451.310 JLINK_CORESIGHT_WriteAPDPReg(AP reg 0x01, 0x80011130)
T1600 000:451.524 - 0.214ms returns 0
T1600 000:451.542 JLINK_CORESIGHT_ReadAPDPReg(AP reg 0x03)
T1600 000:451.820   Value=0x0003D002
T1600 000:451.842 - 0.299ms returns 0
T1600 000:451.862 JLINK_CORESIGHT_WriteAPDPReg(AP reg 0x00, 0x80000002)
T1600 000:452.190 - 0.327ms returns 0
T1600 000:452.210 JLINK_CORESIGHT_WriteAPDPReg(AP reg 0x01, 0x80011140)
T1600 000:452.502 - 0.291ms returns 0
T1600 000:452.520 JLINK_CORESIGHT_ReadAPDPReg(AP reg 0x03)
T1600 000:452.795   Value=0x00000002
T1600 000:452.816 - 0.296ms returns 0
T1600 000:452.831 JLINK_CORESIGHT_WriteAPDPReg(AP reg 0x00, 0x80000002)
T1600 000:453.048 - 0.217ms returns 0
T1600 000:453.071 JLINK_CORESIGHT_WriteAPDPReg(AP reg 0x01, 0x80011120)
T1600 000:453.284 - 0.213ms returns 0
T1600 000:453.304 JLINK_CORESIGHT_WriteAPDPReg(AP reg 0x03, 0x4E0B0001)
T1600 000:453.526 - 0.222ms returns 0
T1600 000:453.544 JLINK_CORESIGHT_WriteAPDPReg(AP reg 0x00, 0x80000002)
T1600 000:453.762 - 0.217ms returns 0
T1600 000:453.780 JLINK_CORESIGHT_WriteAPDPReg(AP reg 0x01, 0x80011140)
T1600 000:454.127 - 0.348ms returns 0
T1600 000:454.145 JLINK_CORESIGHT_ReadAPDPReg(AP reg 0x03)
T1600 000:454.419   Value=0x00000002
T1600 000:454.441 - 0.295ms returns 0
T1600 000:454.456 JLINK_CORESIGHT_WriteAPDPReg(AP reg 0x00, 0x80000002)
T1600 000:454.666 - 0.210ms returns 0
T1600 000:454.686 JLINK_CORESIGHT_WriteAPDPReg(AP reg 0x01, 0x80011120)
T1600 000:454.905 - 0.219ms returns 0
T1600 000:454.925 JLINK_CORESIGHT_WriteAPDPReg(AP reg 0x03, 0x40004000)
T1600 000:455.270 - 0.345ms returns 0
T1600 000:455.291 JLINK_CORESIGHT_WriteAPDPReg(AP reg 0x00, 0x80000002)
T1600 000:455.507 - 0.216ms returns 0
T1600 000:455.538 JLINK_CORESIGHT_WriteAPDPReg(AP reg 0x01, 0x80011140)
T1600 000:455.848 - 0.310ms returns 0
T1600 000:455.870 JLINK_CORESIGHT_ReadAPDPReg(AP reg 0x03)
T1600 000:456.174   Value=0x00000002
T1600 000:456.203 - 0.332ms returns 0
T1600 000:456.220 JLINK_CORESIGHT_WriteAPDPReg(AP reg 0x00, 0x80000002)
T1600 000:456.461 - 0.240ms returns 0
T1600 000:456.476 JLINK_CORESIGHT_WriteAPDPReg(AP reg 0x01, 0x80011120)
T1600 000:456.752 - 0.275ms returns 0
T1600 000:456.779 JLINK_CORESIGHT_WriteAPDPReg(AP reg 0x03, 0x40000000)
T1600 000:457.117 - 0.340ms returns 0
T1600 000:457.134 JLINK_CORESIGHT_WriteAPDPReg(AP reg 0x00, 0x80000002)
T1600 000:457.456 - 0.321ms returns 0
T1600 000:457.473 JLINK_CORESIGHT_WriteAPDPReg(AP reg 0x01, 0x80011140)
T1600 000:457.749 - 0.275ms returns 0
T1600 000:457.765 JLINK_CORESIGHT_ReadAPDPReg(AP reg 0x03)
T1600 000:458.102   Value=0x00000002
T1600 000:458.121 - 0.356ms returns 0
T1600 000:458.135 JLINK_CORESIGHT_WriteAPDPReg(AP reg 0x00, 0x80000002)
T1600 000:458.488 - 0.353ms returns 0
T1600 000:458.504 JLINK_CORESIGHT_WriteAPDPReg(AP reg 0x01, 0x80011120)
T1600 000:458.770 - 0.266ms returns 0
T1600 000:458.786 JLINK_CORESIGHT_WriteAPDPReg(AP reg 0x03, 0x03A74000)
T1600 000:459.070 - 0.285ms returns 0
T1600 000:459.086 JLINK_CORESIGHT_WriteAPDPReg(AP reg 0x00, 0x80000002)
T1600 000:461.267 - 2.177ms returns 0
T1600 000:461.389 JLINK_CORESIGHT_WriteAPDPReg(AP reg 0x01, 0x80011140)
T1600 000:461.643 - 0.254ms returns 0
T1600 000:461.677 JLINK_CORESIGHT_ReadAPDPReg(AP reg 0x03)
T1600 000:462.004   Value=0x00000002
T1600 000:462.029 - 0.352ms returns 0
T1600 000:462.045 JLINK_CORESIGHT_ReadAPDPReg(AP reg 0x03)
T1600 000:462.293   Value=0x00000002
T1600 000:462.525 - 0.480ms returns 0
T1600 000:462.542 JLINK_CORESIGHT_ReadAPDPReg(AP reg 0x03)
T1600 000:462.890   Value=0x00000002
T1600 000:462.916 - 0.374ms returns 0
T1600 000:462.932 JLINK_CORESIGHT_ReadAPDPReg(AP reg 0x03)
T1600 000:463.339   Value=0x00000002
T1600 000:463.420 - 0.487ms returns 0
T1600 000:463.436 JLINK_CORESIGHT_ReadAPDPReg(AP reg 0x03)
T1600 000:463.726   Value=0x00000002
T1600 000:463.759 - 0.323ms returns 0
T1600 000:463.776 JLINK_CORESIGHT_ReadAPDPReg(AP reg 0x03)
T1600 000:464.107   Value=0x00000002
T1600 000:464.131 - 0.355ms returns 0
T1600 000:464.148 JLINK_CORESIGHT_ReadAPDPReg(AP reg 0x03)
T1600 000:464.429   Value=0x00000002
T1600 000:464.451 - 0.303ms returns 0
T1600 000:464.467 JLINK_CORESIGHT_ReadAPDPReg(AP reg 0x03)
T1600 000:464.768   Value=0x00000002
T1600 000:464.791 - 0.324ms returns 0
T1600 000:464.806 JLINK_CORESIGHT_ReadAPDPReg(AP reg 0x03)
T1600 000:465.178   Value=0x00000002
T1600 000:465.201 - 0.395ms returns 0
T1600 000:465.216 JLINK_CORESIGHT_ReadAPDPReg(AP reg 0x03)
T1600 000:465.532   Value=0x00000002
T1600 000:465.554 - 0.338ms returns 0
T1600 000:465.569 JLINK_CORESIGHT_ReadAPDPReg(AP reg 0x03)
T1600 000:465.882   Value=0x00000002
T1600 000:465.905 - 0.335ms returns 0
T1600 000:465.920 JLINK_CORESIGHT_ReadAPDPReg(AP reg 0x03)
T1600 000:466.228   Value=0x00000002
T1600 000:466.251 - 0.330ms returns 0
T1600 000:466.266 JLINK_CORESIGHT_ReadAPDPReg(AP reg 0x03)
T1600 000:466.558   Value=0x00000002
T1600 000:466.580 - 0.314ms returns 0
T1600 000:466.596 JLINK_CORESIGHT_ReadAPDPReg(AP reg 0x03)
T1600 000:466.913   Value=0x00000002
T1600 000:466.933 - 0.337ms returns 0
T1600 000:466.947 JLINK_CORESIGHT_ReadAPDPReg(AP reg 0x03)
T1600 000:467.219   Value=0x00000002
T1600 000:467.242 - 0.294ms returns 0
T1600 000:467.257 JLINK_CORESIGHT_ReadAPDPReg(AP reg 0x03)
T1600 000:467.574   Value=0x00000002
T1600 000:467.593 - 0.336ms returns 0
T1600 000:467.607 JLINK_CORESIGHT_ReadAPDPReg(AP reg 0x03)
T1600 000:467.891   Value=0x00000002
T1600 000:467.911 - 0.304ms returns 0
T1600 000:467.925 JLINK_CORESIGHT_ReadAPDPReg(AP reg 0x03)
T1600 000:468.212   Value=0x00000002
T1600 000:468.231 - 0.305ms returns 0
T1600 000:468.245 JLINK_CORESIGHT_ReadAPDPReg(AP reg 0x03)
T1600 000:468.542   Value=0x00000002
T1600 000:468.561 - 0.316ms returns 0
T1600 000:468.578 JLINK_CORESIGHT_ReadAPDPReg(AP reg 0x03)
T1600 000:468.996   Value=0x00000002
T1600 000:469.015 - 0.437ms returns 0
T1600 000:469.033 JLINK_CORESIGHT_ReadAPDPReg(AP reg 0x03)
T1600 000:469.378   Value=0x00000002
T1600 000:469.399 - 0.366ms returns 0
T1600 000:469.416 JLINK_CORESIGHT_ReadAPDPReg(AP reg 0x03)
T1600 000:469.713   Value=0x00000002
T1600 000:469.732 - 0.316ms returns 0
T1600 000:469.748 JLINK_CORESIGHT_ReadAPDPReg(AP reg 0x03)
T1600 000:470.045   Value=0x00000002
T1600 000:470.064 - 0.316ms returns 0
T1600 000:470.079 JLINK_CORESIGHT_ReadAPDPReg(AP reg 0x03)
T1600 000:470.349   Value=0x00000002
T1600 000:470.368 - 0.289ms returns 0
T1600 000:470.384 JLINK_CORESIGHT_ReadAPDPReg(AP reg 0x03)
T1600 000:470.678   Value=0x00000002
T1600 000:470.698 - 0.314ms returns 0
T1600 000:470.714 JLINK_CORESIGHT_ReadAPDPReg(AP reg 0x03)
T1600 000:471.002   Value=0x00000002
T1600 000:471.021 - 0.307ms returns 0
T1600 000:471.036 JLINK_CORESIGHT_ReadAPDPReg(AP reg 0x03)
T1600 000:471.307   Value=0x00000002
T1600 000:471.327 - 0.290ms returns 0
T1600 000:471.342 JLINK_CORESIGHT_ReadAPDPReg(AP reg 0x03)
T1600 000:471.613   Value=0x00000002
T1600 000:471.633 - 0.291ms returns 0
T1600 000:471.649 JLINK_CORESIGHT_ReadAPDPReg(AP reg 0x03)
T1600 000:471.916   Value=0x00000002
T1600 000:471.935 - 0.285ms returns 0
T1600 000:471.951 JLINK_CORESIGHT_ReadAPDPReg(AP reg 0x03)
T1600 000:472.264   Value=0x00000002
T1600 000:472.285 - 0.334ms returns 0
T1600 000:472.301 JLINK_CORESIGHT_ReadAPDPReg(AP reg 0x03)
T1600 000:472.609   Value=0x00000002
T1600 000:472.712 - 0.409ms returns 0
T1600 000:472.778 JLINK_CORESIGHT_ReadAPDPReg(AP reg 0x03)
T1600 000:473.208   Value=0x00000002
T1600 000:473.247 - 0.469ms returns 0
T1600 000:473.268 JLINK_CORESIGHT_ReadAPDPReg(AP reg 0x03)
T1600 000:473.616   Value=0x00000002
T1600 000:473.649 - 0.381ms returns 0
T1600 000:473.670 JLINK_CORESIGHT_ReadAPDPReg(AP reg 0x03)
T1600 000:474.003   Value=0x00000002
T1600 000:474.034 - 0.364ms returns 0
T1600 000:474.055 JLINK_CORESIGHT_ReadAPDPReg(AP reg 0x03)
T1600 000:474.395   Value=0x00000000
T1600 000:474.468 - 0.413ms returns 0
T1600 000:474.487 JLINK_CORESIGHT_WriteAPDPReg(AP reg 0x00, 0x80000002)
T1600 000:474.719 - 0.232ms returns 0
T1600 000:474.749 JLINK_CORESIGHT_WriteAPDPReg(AP reg 0x01, 0x80011130)
T1600 000:475.061 - 0.312ms returns 0
T1600 000:475.096 JLINK_CORESIGHT_ReadAPDPReg(AP reg 0x03)
T1600 000:475.380   Value=0x4E0A0081
T1600 000:475.404 - 0.307ms returns 0
T1600 000:475.421 JLINK_CORESIGHT_WriteAPDPReg(AP reg 0x00, 0x80000002)
T1600 000:475.652 - 0.231ms returns 0
T1600 000:475.670 JLINK_CORESIGHT_WriteAPDPReg(AP reg 0x01, 0x80011140)
T1600 000:475.900 - 0.230ms returns 0
T1600 000:475.920 JLINK_CORESIGHT_ReadAPDPReg(AP reg 0x03)
T1600 000:476.205   Value=0x00000000
T1600 000:476.224 - 0.304ms returns 0
T1600 000:476.241 JLINK_CORESIGHT_WriteAPDPReg(AP reg 0x00, 0x80000002)
T1600 000:476.498 - 0.257ms returns 0
T1600 000:476.516 JLINK_CORESIGHT_WriteAPDPReg(AP reg 0x01, 0x80011130)
T1600 000:476.755 - 0.239ms returns 0
T1600 000:476.773 JLINK_CORESIGHT_ReadAPDPReg(AP reg 0x03)
T1600 000:477.046   Value=0xFFFFFF00
T1600 000:477.065 - 0.292ms returns 0
T1600 000:477.082 JLINK_CORESIGHT_WriteAPDPReg(AP reg 0x00, 0x80000002)
T1600 000:477.316 - 0.234ms returns 0
T1600 000:477.337 JLINK_CORESIGHT_WriteAPDPReg(AP reg 0x01, 0x80011140)
T1600 000:477.564 - 0.227ms returns 0
T1600 000:477.582 JLINK_CORESIGHT_ReadAPDPReg(AP reg 0x03)
T1600 000:477.874   Value=0x00000000
T1600 000:477.893 - 0.311ms returns 0
T1600 000:477.909 JLINK_CORESIGHT_WriteAPDPReg(AP reg 0x00, 0x80000002)
T1600 000:478.171 - 0.261ms returns 0
T1600 000:478.189 JLINK_CORESIGHT_WriteAPDPReg(AP reg 0x01, 0x80011130)
T1600 000:478.420 - 0.231ms returns 0
T1600 000:478.438 JLINK_CORESIGHT_ReadAPDPReg(AP reg 0x03)
T1600 000:478.726   Value=0xFFFFFFFF
T1600 000:478.745 - 0.307ms returns 0
T1600 000:478.761 JLINK_CORESIGHT_WriteAPDPReg(AP reg 0x00, 0x80000002)
T1600 000:479.045 - 0.285ms returns 0
T1600 000:479.064 JLINK_CORESIGHT_WriteAPDPReg(AP reg 0x01, 0x80011140)
T1600 000:479.293 - 0.228ms returns 0
T1600 000:479.312 JLINK_CORESIGHT_ReadAPDPReg(AP reg 0x03)
T1600 000:479.787   Value=0x00000000
T1600 000:479.930 - 0.617ms returns 0
T1600 000:479.950 JLINK_CORESIGHT_WriteAPDPReg(AP reg 0x00, 0x80000002)
T1600 000:480.208 - 0.257ms returns 0
T1600 000:480.236 JLINK_CORESIGHT_WriteAPDPReg(AP reg 0x01, 0x80011130)
T1600 000:480.502 - 0.266ms returns 0
T1600 000:480.522 JLINK_CORESIGHT_ReadAPDPReg(AP reg 0x03)
T1600 000:480.807   Value=0x0003B0FF
T1600 000:480.825 - 0.303ms returns 0
T1600 000:480.844 JLINK_CORESIGHT_WriteAPDPReg(AP reg 0x00, 0x80000002)
T1600 000:481.159 - 0.313ms returns 0
T1600 000:481.239 JLINK_CORESIGHT_WriteAPDPReg(AP reg 0x01, 0x80011140)
T1600 000:481.565 - 0.327ms returns 0
T1600 000:481.596 JLINK_CORESIGHT_ReadAPDPReg(AP reg 0x03)
T1600 000:481.943   Value=0x00000002
T1600 000:481.976 - 0.380ms returns 0
T1600 000:481.997 JLINK_CORESIGHT_WriteAPDPReg(AP reg 0x00, 0x80000002)
T1600 000:482.254 - 0.257ms returns 0
T1600 000:482.277 JLINK_CORESIGHT_WriteAPDPReg(AP reg 0x01, 0x80011120)
T1600 000:482.502 - 0.225ms returns 0
T1600 000:482.521 JLINK_CORESIGHT_WriteAPDPReg(AP reg 0x03, 0x4F010001)
T1600 000:482.734 - 0.213ms returns 0
T1600 000:482.754 JLINK_CORESIGHT_WriteAPDPReg(AP reg 0x00, 0x80000002)
T1600 000:483.002 - 0.247ms returns 0
T1600 000:483.021 JLINK_CORESIGHT_WriteAPDPReg(AP reg 0x01, 0x80011140)
T1600 000:483.268 - 0.246ms returns 0
T1600 000:483.288 JLINK_CORESIGHT_ReadAPDPReg(AP reg 0x03)
T1600 000:483.580   Value=0x00000002
T1600 000:483.600 - 0.312ms returns 0
T1600 000:483.616 JLINK_CORESIGHT_WriteAPDPReg(AP reg 0x00, 0x80000002)
T1600 000:483.885 - 0.269ms returns 0
T1600 000:483.903 JLINK_CORESIGHT_WriteAPDPReg(AP reg 0x01, 0x80011120)
T1600 000:484.137 - 0.234ms returns 0
T1600 000:484.156 JLINK_CORESIGHT_WriteAPDPReg(AP reg 0x03, 0x000003B0)
T1600 000:484.404 - 0.248ms returns 0
T1600 000:484.438 JLINK_CORESIGHT_WriteAPDPReg(AP reg 0x00, 0x80000002)
T1600 000:484.683 - 0.244ms returns 0
T1600 000:484.705 JLINK_CORESIGHT_WriteAPDPReg(AP reg 0x01, 0x80011140)
T1600 000:485.002 - 0.298ms returns 0
T1600 000:485.021 JLINK_CORESIGHT_ReadAPDPReg(AP reg 0x03)
T1600 000:485.327   Value=0x00000002
T1600 000:485.347 - 0.326ms returns 0
T1600 000:485.363 JLINK_CORESIGHT_ReadAPDPReg(AP reg 0x03)
T1600 000:485.646   Value=0x00000002
T1600 000:485.668 - 0.305ms returns 0
T1600 000:485.685 JLINK_CORESIGHT_ReadAPDPReg(AP reg 0x03)
T1600 000:485.995   Value=0x00000002
T1600 000:486.014 - 0.329ms returns 0
T1600 000:486.031 JLINK_CORESIGHT_ReadAPDPReg(AP reg 0x03)
T1600 000:486.352   Value=0x00000002
T1600 000:486.371 - 0.340ms returns 0
T1600 000:486.388 JLINK_CORESIGHT_ReadAPDPReg(AP reg 0x03)
T1600 000:486.688   Value=0x00000002
T1600 000:486.708 - 0.320ms returns 0
T1600 000:486.724 JLINK_CORESIGHT_ReadAPDPReg(AP reg 0x03)
T1600 000:487.042   Value=0x00000002
T1600 000:487.061 - 0.337ms returns 0
T1600 000:487.078 JLINK_CORESIGHT_ReadAPDPReg(AP reg 0x03)
T1600 000:487.383   Value=0x00000002
T1600 000:487.405 - 0.327ms returns 0
T1600 000:487.422 JLINK_CORESIGHT_ReadAPDPReg(AP reg 0x03)
T1600 000:487.724   Value=0x00000002
T1600 000:487.753 - 0.331ms returns 0
T1600 000:487.769 JLINK_CORESIGHT_ReadAPDPReg(AP reg 0x03)
T1600 000:488.042   Value=0x00000002
T1600 000:488.062 - 0.293ms returns 0
T1600 000:488.079 JLINK_CORESIGHT_ReadAPDPReg(AP reg 0x03)
T1600 000:488.384   Value=0x00000002
T1600 000:488.404 - 0.325ms returns 0
T1600 000:488.421 JLINK_CORESIGHT_ReadAPDPReg(AP reg 0x03)
T1600 000:488.717   Value=0x00000000
T1600 000:488.736 - 0.315ms returns 0
T1600 000:488.754 JLINK_CORESIGHT_WriteAPDPReg(AP reg 0x00, 0x80000002)
T1600 000:489.003 - 0.249ms returns 0
T1600 000:489.021 JLINK_CORESIGHT_WriteAPDPReg(AP reg 0x01, 0x80011130)
T1600 000:489.272 - 0.249ms returns 0
T1600 000:490.385 JLINK_CORESIGHT_ReadAPDPReg(AP reg 0x03)
T1600 000:490.787   Value=0x4F0B0081
T1600 000:490.822 - 0.439ms returns 0
T1600 000:490.839 JLINK_CORESIGHT_WriteAPDPReg(AP reg 0x00, 0x80000002)
T1600 000:493.233 - 2.394ms returns 0
T1600 000:493.257 JLINK_CORESIGHT_WriteAPDPReg(AP reg 0x01, 0x80011140)
T1600 000:493.512 - 0.255ms returns 0
T1600 000:493.529 JLINK_CORESIGHT_ReadAPDPReg(AP reg 0x03)
T1600 000:493.815   Value=0x00000000
T1600 000:493.834 - 0.304ms returns 0
T1600 000:493.848 JLINK_CORESIGHT_WriteAPDPReg(AP reg 0x00, 0x80000002)
T1600 000:494.117 - 0.269ms returns 0
T1600 000:494.132 JLINK_CORESIGHT_WriteAPDPReg(AP reg 0x01, 0x80011130)
T1600 000:494.384 - 0.252ms returns 0
T1600 000:494.402 JLINK_CORESIGHT_ReadAPDPReg(AP reg 0x03)
T1600 000:494.688   Value=0x40004000
T1600 000:494.708 - 0.306ms returns 0
T1600 000:494.722 JLINK_CORESIGHT_WriteAPDPReg(AP reg 0x00, 0x80000002)
T1600 000:494.996 - 0.274ms returns 0
T1600 000:495.014 JLINK_CORESIGHT_WriteAPDPReg(AP reg 0x01, 0x80011140)
T1600 000:495.246 - 0.232ms returns 0
T1600 000:495.264 JLINK_CORESIGHT_ReadAPDPReg(AP reg 0x03)
T1600 000:495.544   Value=0x00000000
T1600 000:495.563 - 0.299ms returns 0
T1600 000:495.577 JLINK_CORESIGHT_WriteAPDPReg(AP reg 0x00, 0x80000002)
T1600 000:495.829 - 0.252ms returns 0
T1600 000:495.846 JLINK_CORESIGHT_WriteAPDPReg(AP reg 0x01, 0x80011130)
T1600 000:496.142 - 0.296ms returns 0
T1600 000:496.158 JLINK_CORESIGHT_ReadAPDPReg(AP reg 0x03)
T1600 000:496.540   Value=0x40000000
T1600 000:496.657 - 0.479ms returns 0
T1600 000:496.684 JLINK_CORESIGHT_WriteAPDPReg(AP reg 0x00, 0x80000002)
T1600 000:496.943 - 0.259ms returns 0
T1600 000:496.962 JLINK_CORESIGHT_WriteAPDPReg(AP reg 0x01, 0x80011140)
T1600 000:497.204 - 0.242ms returns 0
T1600 000:497.223 JLINK_CORESIGHT_ReadAPDPReg(AP reg 0x03)
T1600 000:497.534   Value=0x00000000
T1600 000:497.553 - 0.330ms returns 0
T1600 000:497.568 JLINK_CORESIGHT_WriteAPDPReg(AP reg 0x00, 0x80000002)
T1600 000:497.855 - 0.287ms returns 0
T1600 000:497.871 JLINK_CORESIGHT_WriteAPDPReg(AP reg 0x01, 0x80011130)
T1600 000:498.128 - 0.256ms returns 0
T1600 000:498.143 JLINK_CORESIGHT_ReadAPDPReg(AP reg 0x03)
T1600 000:498.435   Value=0x03A64000
T1600 000:498.453 - 0.310ms returns 0
T1600 000:498.595 JLINK_CORESIGHT_WriteAPDPReg(AP reg 0x00, 0x80000002)
T1600 000:498.891 - 0.294ms returns 0
T1600 000:498.973 JLINK_CORESIGHT_WriteAPDPReg(AP reg 0x01, 0x80011140)
T1600 000:499.346 - 0.373ms returns 0
T1600 000:499.381 JLINK_CORESIGHT_ReadAPDPReg(AP reg 0x03)
T1600 000:499.874   Value=0x00000002
T1600 000:499.896 - 0.515ms returns 0
T1600 000:499.912 JLINK_CORESIGHT_WriteAPDPReg(AP reg 0x00, 0x80000002)
T1600 000:500.187 - 0.275ms returns 0
T1600 000:500.218 JLINK_CORESIGHT_WriteAPDPReg(AP reg 0x01, 0x80011120)
T1600 000:500.480 - 0.261ms returns 0
T1600 000:500.499 JLINK_CORESIGHT_WriteAPDPReg(AP reg 0x03, 0x4F010001)
T1600 000:500.723 - 0.223ms returns 0
T1600 000:500.743 JLINK_CORESIGHT_WriteAPDPReg(AP reg 0x00, 0x80000002)
T1600 000:501.010 - 0.267ms returns 0
T1600 000:501.028 JLINK_CORESIGHT_WriteAPDPReg(AP reg 0x01, 0x80011140)
T1600 000:501.251 - 0.223ms returns 0
T1600 000:501.269 JLINK_CORESIGHT_ReadAPDPReg(AP reg 0x03)
T1600 000:501.586   Value=0x00000002
T1600 000:501.604 - 0.335ms returns 0
T1600 000:501.618 JLINK_CORESIGHT_WriteAPDPReg(AP reg 0x00, 0x80000002)
T1600 000:501.833 - 0.214ms returns 0
T1600 000:501.851 JLINK_CORESIGHT_WriteAPDPReg(AP reg 0x01, 0x80011120)
T1600 000:502.125 - 0.274ms returns 0
T1600 000:502.142 JLINK_CORESIGHT_WriteAPDPReg(AP reg 0x03, 0x000003B0)
T1600 000:502.360 - 0.218ms returns 0
T1600 000:502.375 JLINK_CORESIGHT_WriteAPDPReg(AP reg 0x00, 0x80000002)
T1600 000:502.624 - 0.249ms returns 0
T1600 000:502.640 JLINK_CORESIGHT_WriteAPDPReg(AP reg 0x01, 0x80011140)
T1600 000:502.845 - 0.205ms returns 0
T1600 000:502.860 JLINK_CORESIGHT_ReadAPDPReg(AP reg 0x03)
T1600 000:503.238   Value=0x00000002
T1600 000:503.256 - 0.396ms returns 0
T1600 000:503.270 JLINK_CORESIGHT_ReadAPDPReg(AP reg 0x03)
T1600 000:503.510   Value=0x00000002
T1600 000:503.528 - 0.258ms returns 0
T1600 000:503.541 JLINK_CORESIGHT_ReadAPDPReg(AP reg 0x03)
T1600 000:503.852   Value=0x00000002
T1600 000:503.870 - 0.328ms returns 0
T1600 000:503.883 JLINK_CORESIGHT_ReadAPDPReg(AP reg 0x03)
T1600 000:504.196   Value=0x00000002
T1600 000:504.215 - 0.331ms returns 0
T1600 000:504.228 JLINK_CORESIGHT_ReadAPDPReg(AP reg 0x03)
T1600 000:504.531   Value=0x00000002
T1600 000:504.550 - 0.322ms returns 0
T1600 000:504.564 JLINK_CORESIGHT_ReadAPDPReg(AP reg 0x03)
T1600 000:504.888   Value=0x00000002
T1600 000:504.916 - 0.351ms returns 0
T1600 000:504.931 JLINK_CORESIGHT_ReadAPDPReg(AP reg 0x03)
T1600 000:505.250   Value=0x00000002
T1600 000:505.272 - 0.341ms returns 0
T1600 000:505.286 JLINK_CORESIGHT_ReadAPDPReg(AP reg 0x03)
T1600 000:505.571   Value=0x00000002
T1600 000:505.589 - 0.303ms returns 0
T1600 000:505.602 JLINK_CORESIGHT_ReadAPDPReg(AP reg 0x03)
T1600 000:505.910   Value=0x00000000
T1600 000:505.928 - 0.325ms returns 0
T1600 000:505.942 JLINK_CORESIGHT_WriteAPDPReg(AP reg 0x00, 0x80000002)
T1600 000:506.247 - 0.305ms returns 0
T1600 000:506.304 JLINK_CORESIGHT_WriteAPDPReg(AP reg 0x01, 0x80011130)
T1600 000:506.550 - 0.245ms returns 0
T1600 000:506.566 JLINK_CORESIGHT_ReadAPDPReg(AP reg 0x03)
T1600 000:506.848   Value=0x4F0B0081
T1600 000:506.868 - 0.301ms returns 0
T1600 000:506.881 JLINK_CORESIGHT_WriteAPDPReg(AP reg 0x00, 0x80000002)
T1600 000:507.128 - 0.247ms returns 0
T1600 000:507.145 JLINK_CORESIGHT_WriteAPDPReg(AP reg 0x01, 0x80011140)
T1600 000:507.401 - 0.257ms returns 0
T1600 000:507.418 JLINK_CORESIGHT_ReadAPDPReg(AP reg 0x03)
T1600 000:507.734   Value=0x00000000
T1600 000:507.816 - 0.397ms returns 0
T1600 000:507.873 JLINK_CORESIGHT_WriteAPDPReg(AP reg 0x00, 0x80000002)
T1600 000:508.159 - 0.286ms returns 0
T1600 000:508.188 JLINK_CORESIGHT_WriteAPDPReg(AP reg 0x01, 0x80011130)
T1600 000:508.423 - 0.235ms returns 0
T1600 000:508.440 JLINK_CORESIGHT_ReadAPDPReg(AP reg 0x03)
T1600 000:508.801   Value=0x40004000
T1600 000:508.834 - 0.393ms returns 0
T1600 000:508.852 JLINK_CORESIGHT_WriteAPDPReg(AP reg 0x00, 0x80000002)
T1600 000:509.194 - 0.341ms returns 0
T1600 000:509.224 JLINK_CORESIGHT_WriteAPDPReg(AP reg 0x01, 0x80011140)
T1600 000:509.495 - 0.271ms returns 0
T1600 000:509.513 JLINK_CORESIGHT_ReadAPDPReg(AP reg 0x03)
T1600 000:509.794   Value=0x00000000
T1600 000:509.814 - 0.301ms returns 0
T1600 000:509.828 JLINK_CORESIGHT_WriteAPDPReg(AP reg 0x00, 0x80000002)
T1600 000:510.143 - 0.314ms returns 0
T1600 000:510.160 JLINK_CORESIGHT_WriteAPDPReg(AP reg 0x01, 0x80011130)
T1600 000:510.392 - 0.232ms returns 0
T1600 000:510.409 JLINK_CORESIGHT_ReadAPDPReg(AP reg 0x03)
T1600 000:510.705   Value=0x40000000
T1600 000:510.725 - 0.316ms returns 0
T1600 000:510.740 JLINK_CORESIGHT_WriteAPDPReg(AP reg 0x00, 0x80000002)
T1600 000:511.040 - 0.300ms returns 0
T1600 000:511.056 JLINK_CORESIGHT_WriteAPDPReg(AP reg 0x01, 0x80011140)
T1600 000:511.289 - 0.233ms returns 0
T1600 000:511.306 JLINK_CORESIGHT_ReadAPDPReg(AP reg 0x03)
T1600 000:511.594   Value=0x00000000
T1600 000:511.613 - 0.307ms returns 0
T1600 000:511.628 JLINK_CORESIGHT_WriteAPDPReg(AP reg 0x00, 0x80000002)
T1600 000:511.897 - 0.269ms returns 0
T1600 000:511.914 JLINK_CORESIGHT_WriteAPDPReg(AP reg 0x01, 0x80011130)
T1600 000:512.136 - 0.222ms returns 0
T1600 000:512.158 JLINK_CORESIGHT_ReadAPDPReg(AP reg 0x03)
T1600 000:512.455   Value=0x03A64000
T1600 000:512.484 - 0.325ms returns 0
T1600 000:512.506 JLINK_CORESIGHT_ReadAPDPReg(DP reg 0x01)
T1600 000:512.764   Value=0xF0000F40
T1600 000:512.784 - 0.278ms returns 0
T1600 000:512.799 JLINK_CORESIGHT_WriteAPDPReg(DP reg 0x01, 0xA0000F40)
T1600 000:513.093 - 0.274ms returns 0
T1600 000:513.123 JLINK_CORESIGHT_ReadAPDPReg(DP reg 0x01)
T1600 000:513.424   Value=0x00000F40
T1600 000:513.517 - 0.394ms returns 0
T1600 000:513.575 JLINK_ClrRESET()
T1600 000:513.873 - 0.298ms 
T1600 000:618.551 JLINK_Close()
T1600 000:631.937 - 13.383ms
T1600 000:631.989   
T1600 000:632.002   Closed
