T4D7C 000:002.194   SEGGER J-Link V8.74 Log File
T4D7C 000:002.376   DLL Compiled: Sep 30 2025 12:11:23
T4D7C 000:002.390   Logging started @ 2025-11-04 07:30
T4D7C 000:002.403   Process: C:\Users\trung.tran-quoc\.eclipse\com.renesas.platform_237920629\DebugComp\RA\e2-server-gdb.exe
T4D7C 000:002.424 - 2.416ms 
T4D7C 000:002.449 JLINK_GetDLLVersion()
T4D7C 000:002.462 - 0.013ms returns 87400
T4D7C 000:335.569 JLINK_OpenEx(...)
T4D7C 000:347.422   Firmware: J-Link OB-S124 compiled Aug 13 2025 10:35:02
T4D7C 000:349.030   Firmware: J-Link OB-S124 compiled Aug 13 2025 10:35:02
T4D7C 000:378.476   Hardware: V1.00
T4D7C 000:378.543   S/N: 831434561
T4D7C 000:378.560   OEM: SEGGER
T4D7C 000:378.577   Feature(s): None
T4D7C 000:380.135   Bootloader: 2019 Oct 15
T4D7C 000:381.425   USB speed mode: Full speed (12 MBit/s)
T4D7C 000:382.351   TELNET listener socket opened on port 19021
T4D7C 000:382.555   WEBSRV WEBSRV_Init(): Starting webserver thread(s)
T4D7C 000:382.854   WEBSRV Webserver running on local port 19080
T4D7C 000:383.049   Looking for J-Link GUI Server exe at: C:\Users\trung.tran-quoc\.eclipse\com.renesas.platform_237920629\DebugComp\RA\ARM\Segger_v8.74.0\JLinkGUIServer.exe
T4D7C 000:383.202   Looking for J-Link GUI Server exe at: C:\Users\trung.tran-quoc\SEGGER\JLink_V858\JLinkGUIServer.exe
T4D7C 000:383.242   Forking J-Link GUI Server: C:\Users\trung.tran-quoc\SEGGER\JLink_V858\JLinkGUIServer.exe
T4D7C 000:437.944   J-Link GUI Server info: "J-Link GUI server V8.58 "
T4D7C 000:441.334 - 105.759ms returns "O.K."
T4D7C 000:441.517 JLINK_ExecCommand("ProjectFile=C:\Users\trung.tran-quoc\Documents\RVC_TASK_25_2H\migrate\r11an0567_ra6_encrypted_image_qspi\ws_release\app_ra6m4_primary_enc_xmodem/app_ra6m4_primary_enc_xmodem Debug_Flat.jlink", ...). 
T4D7C 000:475.213 - 33.701ms returns 0x00
T4D7C 000:476.472 JLINK_ExecCommand("device=R7FA6M4AF", ...). 
T4D7C 000:477.783   Flash bank @ 0x0100A100: SFL: Parsing sectorization info from ELF file
T4D7C 000:477.815     FlashDevice.SectorInfo[0]: .SectorSize = 0x00000010, .SectorStartAddr = 0x00000000
T4D7C 000:477.833   FlashBank @0x0100A100: Sectorization info from SFL ELF file ignored because sectorization override from DLL / XML file is active.
T4D7C 000:478.423   Flash bank @ 0x60000000: SFL: Parsing sectorization info from ELF file
T4D7C 000:478.450     FlashDevice.SectorInfo[0]: .SectorSize = 0x00010000, .SectorStartAddr = 0x00000000
T4D7C 000:483.009   Device "R7FA6M4AF" selected.
T4D7C 000:485.875 - 9.372ms returns 0x00
T4D7C 000:485.914 JLINK_TIF_GetAvailable(...)
T4D7C 000:486.490 - 0.575ms 
T4D7C 000:486.535 JLINK_TIF_Select(JLINKARM_TIF_SWD)
T4D7C 000:488.405 - 1.875ms returns 0x00
T4D7C 000:488.436 JLINK_SetSpeed(4000)
T4D7C 000:488.735 - 0.300ms 
T4D7C 000:488.763 JLINK_ReadMem(0xE000EDF0, 0x4 Bytes, ...)
T4D7C 000:489.182   ConfigTargetSettings() start
T4D7C 000:489.202    J-Link Script File: Executing ConfigTargetSettings()
T4D7C 000:489.219   Configuring FlashDLNoRMWThreshold=0x200 in order to make sure that option bytes programming is done via read-modify-write
T4D7C 000:604.693   ConfigTargetSettings() end - Took 115ms
T4D7C 000:604.728   InitTarget() start
T4D7C 000:604.747    J-Link Script File: Executing InitTarget()
T4D7C 000:604.761   SWD selected. Executing JTAG -> SWD switching sequence.
T4D7C 000:608.719   DAP initialized successfully.
T4D7C 000:608.758   Determining TrustZone configuration...
T4D7C 000:611.792     Secure Debug: Enabled (SSD)
T4D7C 000:611.843   Determining currently configured transfer type by reading the AHB-AP CSW register.
T4D7C 000:613.812     --> Correct transfer type configured. Done.
T4D7C 000:613.842   InitTarget() end - Took 9.09ms
T4D7C 000:615.186   Found SW-DP with ID 0x6BA02477
T4D7C 000:620.421   DPIDR: 0x6BA02477
T4D7C 000:620.461   CoreSight SoC-400 or earlier
T4D7C 000:620.479   Scanning AP map to find all available APs
T4D7C 000:623.003   AP[2]: Stopped AP scan as end of AP map has been reached
T4D7C 000:623.023   AP[0]: AHB-AP (IDR: 0x84770001, ADDR: 0x00000000)
T4D7C 000:623.041   AP[1]: APB-AP (IDR: 0x54770002, ADDR: 0x01000000)
T4D7C 000:623.122   Iterating through AP map to find AHB-AP to use
T4D7C 000:625.003   AP[0]: Core found
T4D7C 000:625.034   AP[0]: AHB-AP ROM base: 0xE00FE000
T4D7C 000:625.947   CPUID register: 0x410FD214. Implementer code: 0x41 (ARM)
T4D7C 000:625.966   Feature set: Mainline
T4D7C 000:626.900   Cache: No cache
T4D7C 000:626.966   Found Cortex-M33 r0p4, Little endian.
T4D7C 000:627.971   -- Max. mem block: 0x000019C0
T4D7C 000:630.246   CPU_ReadMem(4 bytes @ 0xE000EDF0)
T4D7C 000:631.493   CPU_WriteMem(4 bytes @ 0xE000EDF0)
T4D7C 000:632.382   CPU_ReadMem(4 bytes @ 0xE0002000)
T4D7C 000:633.137   FPUnit: 8 code (BP) slots and 0 literal slots
T4D7C 000:633.158   CPU_ReadMem(4 bytes @ 0xE000EDFC)
T4D7C 000:633.977   CPU_WriteMem(4 bytes @ 0xE000EDFC)
T4D7C 000:634.776   CPU_ReadMem(4 bytes @ 0xE0001000)
T4D7C 000:635.603   CPU_ReadMem(4 bytes @ 0xE0001000)
T4D7C 000:636.338   CPU_ReadMem(4 bytes @ 0xE0001028)
T4D7C 000:637.229   CPU_ReadMem(4 bytes @ 0xE0001038)
T4D7C 000:638.067   CPU_ReadMem(4 bytes @ 0xE0001048)
T4D7C 000:638.992   CPU_ReadMem(4 bytes @ 0xE0001058)
T4D7C 000:639.659   CPU_WriteMem(4 bytes @ 0xE0001000)
T4D7C 000:640.467   CPU_ReadMem(4 bytes @ 0xE000ED88)
T4D7C 000:641.359   CPU_WriteMem(4 bytes @ 0xE000ED88)
T4D7C 000:642.230   CPU_ReadMem(4 bytes @ 0xE000ED88)
T4D7C 000:643.231   CPU_WriteMem(4 bytes @ 0xE000ED88)
T4D7C 000:644.231   CPU_ReadMem(4 bytes @ 0xE000EFB8)
T4D7C 000:645.007   Security extension: implemented
T4D7C 000:645.032   Secure debug: enabled
T4D7C 000:645.047   CoreSight components:
T4D7C 000:645.063   ROMTbl[0] @ E00FE000
T4D7C 000:645.079   CPU_ReadMem(64 bytes @ 0xE00FE000)
T4D7C 000:646.692   CPU_ReadMem(32 bytes @ 0xE0044FE0)
T4D7C 000:648.030   CPU_ReadMem(4 bytes @ 0xE0044FBC)
T4D7C 000:648.984   CPU_ReadMem(4 bytes @ 0xE0044FCC)
T4D7C 000:649.864   [0][0]: E0044000 CID B105900D PID 005BB906 DEVARCH 00000000 DEVTYPE 14 CTI (?)
T4D7C 000:649.926   CPU_ReadMem(32 bytes @ 0xE0047FE0)
T4D7C 000:651.353   CPU_ReadMem(4 bytes @ 0xE0047FBC)
T4D7C 000:652.234   CPU_ReadMem(4 bytes @ 0xE0047FCC)
T4D7C 000:653.198   [0][1]: E0047000 CID B105900D PID 003BB908 DEVARCH 00000000 DEVTYPE 12 CSTF
T4D7C 000:653.234   CPU_ReadMem(32 bytes @ 0xE0048FE0)
T4D7C 000:654.453   CPU_ReadMem(4 bytes @ 0xE0048FBC)
T4D7C 000:655.345   CPU_ReadMem(4 bytes @ 0xE0048FCC)
T4D7C 000:656.228   [0][2]: E0048000 CID B105900D PID 001BB961 DEVARCH 00000000 DEVTYPE 21 TMC
T4D7C 000:656.311   CPU_ReadMem(32 bytes @ 0xE0049FE0)
T4D7C 000:657.503   [0][3]: E0049000 CID B105F00D PID 001BB101 TSG
T4D7C 000:657.525   CPU_ReadMem(32 bytes @ 0xE0040FE0)
T4D7C 000:658.636   CPU_ReadMem(4 bytes @ 0xE0040FBC)
T4D7C 000:659.370   CPU_ReadMem(4 bytes @ 0xE0040FCC)
T4D7C 000:660.142   [0][4]: E0040000 CID B105900D PID 000BBD21 DEVARCH 00000000 DEVTYPE 11 TPIU
T4D7C 000:660.186   CPU_ReadMem(32 bytes @ 0xE00FFFE0)
T4D7C 000:661.748   [0][5]: E00FF000 CID B105100D PID 000BB4C9 ROM Table
T4D7C 000:661.806   ROMTbl[1] @ E00FF000
T4D7C 000:661.843   CPU_ReadMem(64 bytes @ 0xE00FF000)
T4D7C 000:663.493   CPU_ReadMem(32 bytes @ 0xE000EFE0)
T4D7C 000:664.638   CPU_ReadMem(4 bytes @ 0xE000EFBC)
T4D7C 000:665.480   CPU_ReadMem(4 bytes @ 0xE000EFCC)
T4D7C 000:666.208   [1][0]: E000E000 CID B105900D PID 000BBD21 DEVARCH 47702A04 DEVTYPE 00 Cortex-M33
T4D7C 000:666.250   CPU_ReadMem(32 bytes @ 0xE0001FE0)
T4D7C 000:667.544   CPU_ReadMem(4 bytes @ 0xE0001FBC)
T4D7C 000:668.389   CPU_ReadMem(4 bytes @ 0xE0001FCC)
T4D7C 000:669.206   [1][1]: E0001000 CID B105900D PID 000BBD21 DEVARCH 47701A02 DEVTYPE 00 DWT
T4D7C 000:669.233   CPU_ReadMem(32 bytes @ 0xE0002FE0)
T4D7C 000:670.333   CPU_ReadMem(4 bytes @ 0xE0002FBC)
T4D7C 000:671.367   CPU_ReadMem(4 bytes @ 0xE0002FCC)
T4D7C 000:672.267   [1][2]: E0002000 CID B105900D PID 000BBD21 DEVARCH 47701A03 DEVTYPE 00 FPB
T4D7C 000:672.295   CPU_ReadMem(32 bytes @ 0xE0000FE0)
T4D7C 000:673.412   CPU_ReadMem(4 bytes @ 0xE0000FBC)
T4D7C 000:674.196   CPU_ReadMem(4 bytes @ 0xE0000FCC)
T4D7C 000:675.010   [1][3]: E0000000 CID B105900D PID 000BBD21 DEVARCH 47701A01 DEVTYPE 43 ITM
T4D7C 000:675.029   CPU_ReadMem(32 bytes @ 0xE0041FE0)
T4D7C 000:676.241   CPU_ReadMem(4 bytes @ 0xE0041FBC)
T4D7C 000:677.033   CPU_ReadMem(4 bytes @ 0xE0041FCC)
T4D7C 000:677.803   [1][5]: E0041000 CID B105900D PID 002BBD21 DEVARCH 47724A13 DEVTYPE 13 ETM
T4D7C 000:677.823   CPU_ReadMem(32 bytes @ 0xE0042FE0)
T4D7C 000:679.037   CPU_ReadMem(4 bytes @ 0xE0042FBC)
T4D7C 000:679.750   CPU_ReadMem(4 bytes @ 0xE0042FCC)
T4D7C 000:680.682   [1][6]: E0042000 CID B105900D PID 000BBD21 DEVARCH 47701A14 DEVTYPE 14 CSS600-CTI
T4D7C 000:680.753   CPU_ReadMem(4 bytes @ 0xE000EDF0)
T4D7C 000:681.682   Data:  01 00 18 00
T4D7C 000:681.703   Debug reg: DHCSR
T4D7C 000:681.723 - 192.959ms returns 0
T4D7C 000:681.750 JLINK_ReadMem(0x400E002C, 0x4 Bytes, ...)
T4D7C 000:681.765   CPU_ReadMem(4 bytes @ 0x400E002C)
T4D7C 000:682.585   Data:  02 00 00 00
T4D7C 000:682.608 - 0.858ms returns 0
T4D7C 000:682.695 JLINK_ReadMem(0xE000EDF0, 0x4 Bytes, ...)
T4D7C 000:682.713   CPU_ReadMem(4 bytes @ 0xE000EDF0)
T4D7C 000:683.643   Data:  01 00 18 00
T4D7C 000:683.669   Debug reg: DHCSR
T4D7C 000:683.691 - 0.996ms returns 0
T4D7C 000:683.754 JLINK_ReadMem(0xE000EDF0, 0x4 Bytes, ...)
T4D7C 000:683.771   CPU_ReadMem(4 bytes @ 0xE000EDF0)
T4D7C 000:684.651   Data:  01 00 18 00
T4D7C 000:684.678   Debug reg: DHCSR
T4D7C 000:684.700 - 0.946ms returns 0
T4D7C 000:684.719 JLINK_ReadMem(0x400E001C, 0x4 Bytes, ...)
T4D7C 000:684.737   CPU_ReadMem(4 bytes @ 0x400E001C)
T4D7C 000:685.466   Data:  00 FC FF 00
T4D7C 000:685.492 - 0.772ms returns 0
T4D7C 000:685.517 JLINK_ReadMem(0xE000EDF0, 0x4 Bytes, ...)
T4D7C 000:685.536   CPU_ReadMem(4 bytes @ 0xE000EDF0)
T4D7C 000:686.393   Data:  01 00 18 00
T4D7C 000:686.445   Debug reg: DHCSR
T4D7C 000:686.470 - 0.953ms returns 0
T4D7C 000:686.496 JLINK_ReadMem(0x400E0018, 0x4 Bytes, ...)
T4D7C 000:686.528   CPU_ReadMem(4 bytes @ 0x400E0018)
T4D7C 000:687.636   Data:  00 80 FF 00
T4D7C 000:687.678 - 1.182ms returns 0
T4D7C 000:687.709 JLINK_ReadMem(0xE000EDF0, 0x4 Bytes, ...)
T4D7C 000:687.728   CPU_ReadMem(4 bytes @ 0xE000EDF0)
T4D7C 000:688.634   Data:  01 00 18 00
T4D7C 000:688.672   Debug reg: DHCSR
T4D7C 000:688.691 - 0.982ms returns 0
T4D7C 000:688.714 JLINK_ReadMem(0x400E0020, 0x4 Bytes, ...)
T4D7C 000:688.730   CPU_ReadMem(4 bytes @ 0x400E0020)
T4D7C 000:689.547   Data:  00 FC 00 00
T4D7C 000:689.568 - 0.853ms returns 0
T4D7C 000:689.590 JLINK_ReadMem(0xE000EDF0, 0x4 Bytes, ...)
T4D7C 000:689.603   CPU_ReadMem(4 bytes @ 0xE000EDF0)
T4D7C 000:690.457   Data:  01 00 18 00
T4D7C 000:690.567   Debug reg: DHCSR
T4D7C 000:690.614 - 1.023ms returns 0
T4D7C 000:690.662 JLINK_ReadMem(0x400E0028, 0x4 Bytes, ...)
T4D7C 000:690.707   CPU_ReadMem(4 bytes @ 0x400E0028)
T4D7C 000:691.669   Data:  00 FC 1F 00
T4D7C 000:691.717 - 1.056ms returns 0
T4D7C 000:691.743 JLINK_ReadMem(0xE000EDF0, 0x4 Bytes, ...)
T4D7C 000:691.761   CPU_ReadMem(4 bytes @ 0xE000EDF0)
T4D7C 000:692.609   Data:  01 00 18 00
T4D7C 000:692.628   Debug reg: DHCSR
T4D7C 000:692.644 - 0.901ms returns 0
T4D7C 000:692.658 JLINK_ReadMem(0x400E0024, 0x4 Bytes, ...)
T4D7C 000:692.671   CPU_ReadMem(4 bytes @ 0x400E0024)
T4D7C 000:693.388   Data:  00 E0 1F 00
T4D7C 000:693.412 - 0.754ms returns 0
T4D7C 000:693.435 JLINK_ReadMem(0xE000EDF0, 0x4 Bytes, ...)
T4D7C 000:693.449   CPU_ReadMem(4 bytes @ 0xE000EDF0)
T4D7C 000:694.348   Data:  01 00 18 00
T4D7C 000:694.380   Debug reg: DHCSR
T4D7C 000:694.398 - 0.963ms returns 0
T4D7C 000:694.414 JLINK_ReadMem(0x400E002C, 0x4 Bytes, ...)
T4D7C 000:694.428   CPU_ReadMem(4 bytes @ 0x400E002C)
T4D7C 000:695.273   Data:  02 00 00 00
T4D7C 000:695.326 - 0.912ms returns 0
T4D7C 000:695.358 JLINK_ReadMem(0xE000EDF0, 0x4 Bytes, ...)
T4D7C 000:695.385   CPU_ReadMem(4 bytes @ 0xE000EDF0)
T4D7C 000:696.174   Data:  01 00 18 00
T4D7C 000:696.212   Debug reg: DHCSR
T4D7C 000:696.239 - 0.881ms returns 0
T4D7C 000:696.263 JLINK_ReadMem(0x400E002C, 0x4 Bytes, ...)
T4D7C 000:696.291   CPU_ReadMem(4 bytes @ 0x400E002C)
T4D7C 000:697.172   Data:  02 00 00 00
T4D7C 000:697.210 - 0.947ms returns 0
T4D7C 000:707.067 JLINK_Close()
T4D7C 000:730.794 - 23.723ms
T4D7C 000:730.927   
T4D7C 000:730.961   Closed
