T2DF0 000:001.401   SEGGER J-Link V8.74 Log File
T2DF0 000:001.572   DLL Compiled: Sep 30 2025 12:11:23
T2DF0 000:001.580   Logging started @ 2025-10-16 04:50
T2DF0 000:001.588   Process: C:\Users\tri.nguyen-huu\.eclipse\com.renesas.platform_1671499164\DebugComp\RA\e2-server-gdb.exe
T2DF0 000:001.600 - 1.596ms 
T2DF0 000:001.619 JLINK_GetDLLVersion()
T2DF0 000:001.626 - 0.008ms returns 87400
T2DF0 000:015.068 JLINK_OpenEx(...)
T2DF0 000:029.628   Firmware: J-Link OB-RA4M2 compiled Jul  8 2025 10:15:56
T2DF0 000:031.146   Firmware: J-Link OB-RA4M2 compiled Jul  8 2025 10:15:56
T2DF0 000:046.974   Hardware: V1.00
T2DF0 000:047.024   S/N: 1085224209
T2DF0 000:047.042   OEM: SEGGER
T2DF0 000:047.059   Feature(s): None
T2DF0 000:048.267   Bootloader: 2021 May 14
T2DF0 000:061.845   USB speed mode: Full speed (12 MBit/s)
T2DF0 000:062.705   TELNET listener socket opened on port 19021
T2DF0 000:062.919   WEBSRV WEBSRV_Init(): Starting webserver thread(s)
T2DF0 000:063.014   WEBSRV Failed to put socket into listener state (port 19080)
T2DF0 000:063.126   WEBSRV Webserver running on local port 19081
T2DF0 000:063.315   Looking for J-Link GUI Server exe at: C:\Users\tri.nguyen-huu\.eclipse\com.renesas.platform_1671499164\DebugComp\RA\ARM\Segger_v8.74.0\JLinkGUIServer.exe
T2DF0 000:063.479   Looking for J-Link GUI Server exe at: C:\Users\tri.nguyen-huu\SEGGER\JLink_V866\JLinkGUIServer.exe
T2DF0 000:063.521   Forking J-Link GUI Server: C:\Users\tri.nguyen-huu\SEGGER\JLink_V866\JLinkGUIServer.exe
T2DF0 000:075.337   J-Link GUI Server info: "J-Link GUI server V8.66 "
T2DF0 000:076.043 - 60.956ms returns "O.K."
T2DF0 000:076.360 JLINK_ExecCommand("ProjectFile=D:\guix_par_clean\ek_ra8d2_graphic_guix_par_cpu1/ek_ra8d2_graphic_guix_par_cpu1 Debug_Attach.jlink", ...). 
T2DF0 000:118.933 - 42.576ms returns 0x00
T2DF0 000:120.629 JLINK_ExecCommand("device=R7KA8D2KF_CPU1", ...). 
T2DF0 000:122.321   Flash bank @ 0x02000000: SFL: Parsing sectorization info from ELF file
T2DF0 000:122.367     FlashDevice.SectorInfo[0]: .SectorSize = 0x00000800, .SectorStartAddr = 0x00000000
T2DF0 000:122.378   FlashBank @0x02000000: Sectorization info from SFL ELF file ignored because sectorization override from DLL / XML file is active.
T2DF0 000:122.821   Flash bank @ 0x02E07400: SFL: Parsing sectorization info from ELF file
T2DF0 000:122.850     FlashDevice.SectorInfo[0]: .SectorSize = 0x00000010, .SectorStartAddr = 0x00000000
T2DF0 000:122.861   FlashBank @0x02C9F020: Sectorization info from SFL ELF file ignored because sectorization override from DLL / XML file is active.
T2DF0 000:122.884   Flash bank @ 0x02E07400: SFL: Parsing sectorization info from ELF file
T2DF0 000:122.894     FlashDevice.SectorInfo[0]: .SectorSize = 0x00000010, .SectorStartAddr = 0x00000000
T2DF0 000:122.905   FlashBank @0x02E07400: Sectorization info from SFL ELF file ignored because sectorization override from DLL / XML file is active.
T2DF0 000:122.929   Flash bank @ 0x12000000: SFL: Parsing sectorization info from ELF file
T2DF0 000:122.942     FlashDevice.SectorInfo[0]: .SectorSize = 0x00000800, .SectorStartAddr = 0x00000000
T2DF0 000:122.953   FlashBank @0x12000000: Sectorization info from SFL ELF file ignored because sectorization override from DLL / XML file is active.
T2DF0 000:123.417   Flash bank @ 0x12E07400: SFL: Parsing sectorization info from ELF file
T2DF0 000:123.443     FlashDevice.SectorInfo[0]: .SectorSize = 0x00000010, .SectorStartAddr = 0x00000000
T2DF0 000:123.454   FlashBank @0x12C9F4C0: Sectorization info from SFL ELF file ignored because sectorization override from DLL / XML file is active.
T2DF0 000:123.473   Flash bank @ 0x12E07400: SFL: Parsing sectorization info from ELF file
T2DF0 000:123.484     FlashDevice.SectorInfo[0]: .SectorSize = 0x00000010, .SectorStartAddr = 0x00000000
T2DF0 000:123.495   FlashBank @0x12E07780: Sectorization info from SFL ELF file ignored because sectorization override from DLL / XML file is active.
T2DF0 000:123.572   Flash bank @ 0x78000000: SFL: Parsing sectorization info from ELF file
T2DF0 000:123.660     FlashDevice.SectorInfo[0]: .SectorSize = 0x00010000, .SectorStartAddr = 0x00000000
T2DF0 000:131.974   Flash bank @ 0x70000000: SFL: Parsing sectorization info from ELF file
T2DF0 000:132.002     FlashDevice.SectorInfo[0]: .SectorSize = 0x00010000, .SectorStartAddr = 0x00000000
T2DF0 000:140.154   Flash bank @ 0x80000000: SFL: Parsing sectorization info from ELF file
T2DF0 000:140.200     FlashDevice.SectorInfo[0]: .SectorSize = 0x00010000, .SectorStartAddr = 0x00000000
T2DF0 000:155.629   Flash bank @ 0x90000000: SFL: Parsing sectorization info from ELF file
T2DF0 000:155.659     FlashDevice.SectorInfo[0]: .SectorSize = 0x00010000, .SectorStartAddr = 0x00000000
T2DF0 000:172.076   Device "R7KA8D2KF_CPU1" selected.
T2DF0 000:177.477 - 56.809ms returns 0x00
T2DF0 000:177.554 JLINK_TIF_GetAvailable(...)
T2DF0 000:178.049 - 0.494ms 
T2DF0 000:178.216 JLINK_TIF_Select(JLINKARM_TIF_SWD)
T2DF0 000:179.486 - 1.275ms returns 0x00
T2DF0 000:179.582 JLINK_SetSpeed(4000)
T2DF0 000:180.809 - 1.233ms 
T2DF0 000:180.957 JLINK_ReadMem(0xE000EDF0, 0x4 Bytes, ...)
T2DF0 000:182.392   ConfigTargetSettings() start
T2DF0 000:182.425    J-Link Script File: Executing ConfigTargetSettings()
T2DF0 000:182.442   Configuring FlashDLNoRMWThreshold=0x200 in order to make sure that option bytes programming is done via read-modify-write
T2DF0 000:336.666   ConfigTargetSettings() end - Took 154ms
T2DF0 000:336.688   InitTarget() start
T2DF0 000:336.698    J-Link Script File: Executing InitTarget()
T2DF0 000:336.705   Identifying target device...
T2DF0 000:336.715   SWD selected. Executing JTAG -> SWD switching sequence...
T2DF0 000:337.741   Initializing DAP...
T2DF0 000:338.903   DAP initialized successfully.
T2DF0 000:338.925   Enabling secondary core if necessary...
T2DF0 000:340.057     Secondary core already enabled. Performing attach...
T2DF0 000:340.091   Determining TrustZone configuration...
T2DF0 000:341.147     Secure Debug: Enabled (SSD)
T2DF0 000:341.170   Determining currently configured transfer type by reading the AHB-AP CSW register.
T2DF0 000:342.049     --> Correct transfer type configured. Done.
T2DF0 000:342.066   InitTarget() end - Took 5.36ms
T2DF0 000:342.691   Found SW-DP with ID 0x6BA02477
T2DF0 000:344.976   DPIDR: 0x6BA02477
T2DF0 000:345.004   CoreSight SoC-400 or earlier
T2DF0 000:345.014   AP map detection skipped. Manually configured AP map found.
T2DF0 000:345.024   AP[0]: AHB-AP (IDR: Not set, ADDR: 0x00000000)
T2DF0 000:345.033   AP[1]: APB-AP (IDR: Not set, ADDR: 0x00000000)
T2DF0 000:345.042   AP[2]: AHB-AP (IDR: Not set, ADDR: 0x00000000)
T2DF0 000:345.992   AP[2]: Core found
T2DF0 000:346.006   AP[2]: AHB-AP ROM base: 0xE00FE000
T2DF0 000:346.433   CPUID register: 0x410FD214. Implementer code: 0x41 (ARM)
T2DF0 000:346.445   Feature set: Mainline
T2DF0 000:346.926   Cache: No cache
T2DF0 000:346.939   Found Cortex-M33 r0p4, Little endian.
T2DF0 000:347.329   -- Max. mem block: 0x0001D438
T2DF0 000:348.032   
  ***** Warning: 
T2DF0 000:348.044   Cortex-M: NonCacheAwareDebugAHBAP == 1 specified but there is no workaround available for the connected core. Proper debug functionality cannot be guaranteed
T2DF0 000:348.293   CPU_ReadMem(4 bytes @ 0xE000EDF0)
T2DF0 000:348.825   CPU_WriteMem(4 bytes @ 0xE000EDF0)
T2DF0 000:349.326   CPU_ReadMem(4 bytes @ 0xE0002000)
T2DF0 000:349.927   FPUnit: 8 code (BP) slots and 0 literal slots
T2DF0 000:349.951   CPU_ReadMem(4 bytes @ 0xE000EDFC)
T2DF0 000:350.417   CPU_WriteMem(4 bytes @ 0xE000EDFC)
T2DF0 000:350.898   CPU_ReadMem(4 bytes @ 0xE0001000)
T2DF0 000:351.220   CPU_ReadMem(4 bytes @ 0xE0001000)
T2DF0 000:351.721   CPU_ReadMem(4 bytes @ 0xE0001028)
T2DF0 000:352.404   CPU_ReadMem(4 bytes @ 0xE0001038)
T2DF0 000:352.802   CPU_ReadMem(4 bytes @ 0xE0001048)
T2DF0 000:353.107   CPU_ReadMem(4 bytes @ 0xE0001058)
T2DF0 000:353.409   CPU_WriteMem(4 bytes @ 0xE0001000)
T2DF0 000:353.728   CPU_ReadMem(4 bytes @ 0xE000ED88)
T2DF0 000:354.030   CPU_WriteMem(4 bytes @ 0xE000ED88)
T2DF0 000:354.446   CPU_ReadMem(4 bytes @ 0xE000ED88)
T2DF0 000:354.772   CPU_WriteMem(4 bytes @ 0xE000ED88)
T2DF0 000:355.085   CPU_ReadMem(4 bytes @ 0xE000EFB8)
T2DF0 000:355.402   Security extension: implemented
T2DF0 000:355.419   Secure debug: enabled
T2DF0 000:355.428   CoreSight components:
T2DF0 000:355.437   ROMTbl[0] @ E00FE000
T2DF0 000:355.447   CPU_ReadMem(64 bytes @ 0xE00FE000)
T2DF0 000:356.156   CPU_ReadMem(32 bytes @ 0xE00FFFE0)
T2DF0 000:356.906   [0][0]: E00FF000 CID B105100D PID 000BB4C9 ROM Table
T2DF0 000:356.977   ROMTbl[1] @ E00FF000
T2DF0 000:357.030   CPU_ReadMem(64 bytes @ 0xE00FF000)
T2DF0 000:358.057   CPU_ReadMem(32 bytes @ 0xE000EFE0)
T2DF0 000:358.765   CPU_ReadMem(4 bytes @ 0xE000EFBC)
T2DF0 000:359.244   CPU_ReadMem(4 bytes @ 0xE000EFCC)
T2DF0 000:359.655   [1][0]: E000E000 CID B105900D PID 000BBD21 DEVARCH 47702A04 DEVTYPE 00 Cortex-M33
T2DF0 000:359.716   CPU_ReadMem(32 bytes @ 0xE0001FE0)
T2DF0 000:360.499   CPU_ReadMem(4 bytes @ 0xE0001FBC)
T2DF0 000:361.021   CPU_ReadMem(4 bytes @ 0xE0001FCC)
T2DF0 000:361.404   [1][1]: E0001000 CID B105900D PID 000BBD21 DEVARCH 47701A02 DEVTYPE 00 DWT
T2DF0 000:361.418   CPU_ReadMem(32 bytes @ 0xE0002FE0)
T2DF0 000:362.079   CPU_ReadMem(4 bytes @ 0xE0002FBC)
T2DF0 000:362.411   CPU_ReadMem(4 bytes @ 0xE0002FCC)
T2DF0 000:362.732   [1][2]: E0002000 CID B105900D PID 000BBD21 DEVARCH 47701A03 DEVTYPE 00 FPB
T2DF0 000:362.744   CPU_ReadMem(32 bytes @ 0xE0000FE0)
T2DF0 000:363.255   CPU_ReadMem(4 bytes @ 0xE0000FBC)
T2DF0 000:363.584   CPU_ReadMem(4 bytes @ 0xE0000FCC)
T2DF0 000:363.910   [1][3]: E0000000 CID B105900D PID 000BBD21 DEVARCH 47701A01 DEVTYPE 43 ITM
T2DF0 000:363.924   CPU_ReadMem(32 bytes @ 0xE0041FE0)
T2DF0 000:364.435   CPU_ReadMem(4 bytes @ 0xE0041FBC)
T2DF0 000:364.896   CPU_ReadMem(4 bytes @ 0xE0041FCC)
T2DF0 000:365.254   [1][5]: E0041000 CID B105900D PID 002BBD21 DEVARCH 47724A13 DEVTYPE 13 ETM
T2DF0 000:365.279   CPU_ReadMem(32 bytes @ 0xE0042FE0)
T2DF0 000:365.964   CPU_ReadMem(4 bytes @ 0xE0042FBC)
T2DF0 000:366.429   CPU_ReadMem(4 bytes @ 0xE0042FCC)
T2DF0 000:366.851   [1][6]: E0042000 CID B105900D PID 000BBD21 DEVARCH 47701A14 DEVTYPE 14 CSS600-CTI
T2DF0 000:366.865   CPU_ReadMem(32 bytes @ 0xE0040FE0)
T2DF0 000:367.448   CPU_ReadMem(4 bytes @ 0xE0040FBC)
T2DF0 000:367.848   CPU_ReadMem(4 bytes @ 0xE0040FCC)
T2DF0 000:368.420   [0][1]: E0040000 CID B105900D PID 000BBD21 DEVARCH 00000000 DEVTYPE 11 TPIU
T2DF0 000:368.479   CPU_ReadMem(4 bytes @ 0xE000EDF0)
T2DF0 000:368.805   Data:  01 00 10 00
T2DF0 000:368.819   Debug reg: DHCSR
T2DF0 000:368.829 - 187.872ms returns 0
T2DF0 000:368.866 JLINK_ReadMem(0x40204038, 0x4 Bytes, ...)
T2DF0 000:368.878   CPU_ReadMem(4 bytes @ 0x40204038)
T2DF0 000:369.286   Data:  04 00 00 00
T2DF0 000:369.299 - 0.433ms returns 0
T2DF0 000:369.331 JLINK_ReadMem(0xE000EDF0, 0x4 Bytes, ...)
T2DF0 000:369.342   CPU_ReadMem(4 bytes @ 0xE000EDF0)
T2DF0 000:369.681   Data:  01 00 10 00
T2DF0 000:369.696   Debug reg: DHCSR
T2DF0 000:369.705 - 0.374ms returns 0
T2DF0 000:369.752 JLINK_ReadMem(0xE000EDF0, 0x4 Bytes, ...)
T2DF0 000:369.762   CPU_ReadMem(4 bytes @ 0xE000EDF0)
T2DF0 000:370.103   Data:  01 00 10 00
T2DF0 000:370.118   Debug reg: DHCSR
T2DF0 000:370.127 - 0.375ms returns 0
T2DF0 000:370.160 JLINK_ReadMem(0xE000EDF0, 0x4 Bytes, ...)
T2DF0 000:370.170   CPU_ReadMem(4 bytes @ 0xE000EDF0)
T2DF0 000:371.935   Data:  01 00 10 00
T2DF0 000:371.955   Debug reg: DHCSR
T2DF0 000:371.965 - 1.804ms returns 0
T2DF0 000:372.009 JLINK_ReadMem(0xE000EDF0, 0x4 Bytes, ...)
T2DF0 000:372.020   CPU_ReadMem(4 bytes @ 0xE000EDF0)
T2DF0 000:372.340   Data:  01 00 10 00
T2DF0 000:372.353   Debug reg: DHCSR
T2DF0 000:372.362 - 0.353ms returns 0
T2DF0 000:372.398 JLINK_ReadMem(0xE000EDF0, 0x4 Bytes, ...)
T2DF0 000:372.408   CPU_ReadMem(4 bytes @ 0xE000EDF0)
T2DF0 000:373.067   Data:  01 00 10 00
T2DF0 000:373.137   Debug reg: DHCSR
T2DF0 000:373.205 - 0.806ms returns 0
T2DF0 000:373.277 JLINK_ReadMem(0x40204038, 0x4 Bytes, ...)
T2DF0 000:373.295   CPU_ReadMem(4 bytes @ 0x40204038)
T2DF0 000:373.884   Data:  04 00 00 00
T2DF0 000:373.902 - 0.625ms returns 0
T2DF0 000:373.943 JLINK_ReadMem(0xE000EDF0, 0x4 Bytes, ...)
T2DF0 000:373.954   CPU_ReadMem(4 bytes @ 0xE000EDF0)
T2DF0 000:374.289   Data:  01 00 10 00
T2DF0 000:374.301   Debug reg: DHCSR
T2DF0 000:374.310 - 0.367ms returns 0
T2DF0 000:374.346 JLINK_ReadMem(0xE000EDF0, 0x4 Bytes, ...)
T2DF0 000:374.355   CPU_ReadMem(4 bytes @ 0xE000EDF0)
T2DF0 000:374.692   Data:  01 00 10 00
T2DF0 000:374.704   Debug reg: DHCSR
T2DF0 000:374.713 - 0.367ms returns 0
T2DF0 000:374.742 JLINK_ReadMem(0x40204030, 0x4 Bytes, ...)
T2DF0 000:374.753   CPU_ReadMem(4 bytes @ 0x40204030)
T2DF0 000:375.320   Data:  00 80 FF 00
T2DF0 000:375.380 - 0.636ms returns 0
T2DF0 000:375.646 JLINK_SetEndian(ARM_ENDIAN_LITTLE)
T2DF0 000:375.657 - 0.011ms returns 0
T2DF0 000:375.665 JLINK_SetInitRegsOnReset(OFF)
T2DF0 000:375.671 - 0.006ms returns 1
T2DF0 000:375.679 JLINK_SetResetType(JLINKARM_CM3_RESET_TYPE_NORMAL)
T2DF0 000:375.686 - 0.007ms returns JLINKARM_CM3_RESET_TYPE_NORMAL
T2DF0 000:375.695 JLINK_ExecCommand("EnableFlashBPs", ...). 
T2DF0 000:375.706 - 0.002ms returns 0x00
T2DF0 000:375.714 JLINK_ExecCommand("SetAllowFlashCache = 1", ...). 
T2DF0 000:375.723 - 0.000ms returns 0x01
T2DF0 000:375.731 JLINK_ExecCommand("SetRestartOnClose = 0", ...). 
T2DF0 000:375.740 - 0.001ms returns 0x01
T2DF0 000:375.749 JLINK_ExecCommand("SetAllowSimulation = 0", ...). 
T2DF0 000:375.758 - 0.001ms returns 0x00
T2DF0 000:375.765 JLINK_EnableSoftBPs(ON)
T2DF0 000:375.772 - 0.006ms 
T2DF0 000:375.781 JLINK_Connect()
T2DF0 000:376.132   ConfigTargetSettings() start
T2DF0 000:376.156    J-Link Script File: Executing ConfigTargetSettings()
T2DF0 000:376.164   Configuring FlashDLNoRMWThreshold=0x200 in order to make sure that option bytes programming is done via read-modify-write
T2DF0 000:480.771   ConfigTargetSettings() end - Took 104ms
T2DF0 000:480.789   InitTarget() start
T2DF0 000:480.799    J-Link Script File: Executing InitTarget()
T2DF0 000:480.806   Identifying target device...
T2DF0 000:480.816   SWD selected. Executing JTAG -> SWD switching sequence...
T2DF0 000:481.652   Initializing DAP...
T2DF0 000:482.507   DAP initialized successfully.
T2DF0 000:482.520   Enabling secondary core if necessary...
T2DF0 000:483.546     Secondary core already enabled. Performing attach...
T2DF0 000:483.562   Determining TrustZone configuration...
T2DF0 000:484.545     Secure Debug: Enabled (SSD)
T2DF0 000:484.560   Determining currently configured transfer type by reading the AHB-AP CSW register.
T2DF0 000:485.277     --> Correct transfer type configured. Done.
T2DF0 000:485.291   InitTarget() end - Took 4.49ms
T2DF0 000:485.928   Found SW-DP with ID 0x6BA02477
T2DF0 000:488.038   DPIDR: 0x6BA02477
T2DF0 000:488.052   CoreSight SoC-400 or earlier
T2DF0 000:488.061   AP map detection skipped. Manually configured AP map found.
T2DF0 000:488.071   AP[0]: AHB-AP (IDR: Not set, ADDR: 0x00000000)
T2DF0 000:488.080   AP[1]: APB-AP (IDR: Not set, ADDR: 0x00000000)
T2DF0 000:488.089   AP[2]: AHB-AP (IDR: Not set, ADDR: 0x00000000)
T2DF0 000:489.018   AP[2]: Core found
T2DF0 000:489.030   AP[2]: AHB-AP ROM base: 0xE00FE000
T2DF0 000:489.561   CPUID register: 0x410FD214. Implementer code: 0x41 (ARM)
T2DF0 000:489.613   Feature set: Mainline
T2DF0 000:490.208   Cache: No cache
T2DF0 000:490.229   Found Cortex-M33 r0p4, Little endian.
T2DF0 000:490.449   -- Max. mem block: 0x0001D148
T2DF0 000:490.472   
  ***** Warning: 
T2DF0 000:490.481   Cortex-M: NonCacheAwareDebugAHBAP == 1 specified but there is no workaround available for the connected core. Proper debug functionality cannot be guaranteed
T2DF0 000:490.494   CPU_ReadMem(4 bytes @ 0xE000EDF0)
T2DF0 000:490.874   CPU_ReadMem(4 bytes @ 0xE0002000)
T2DF0 000:491.221   FPUnit: 8 code (BP) slots and 0 literal slots
T2DF0 000:491.233   CPU_ReadMem(4 bytes @ 0xE000EDFC)
T2DF0 000:491.536   CPU_ReadMem(4 bytes @ 0xE0001000)
T2DF0 000:491.919   CPU_ReadMem(4 bytes @ 0xE0001000)
T2DF0 000:492.255   CPU_ReadMem(4 bytes @ 0xE0001028)
T2DF0 000:493.040   CPU_ReadMem(4 bytes @ 0xE0001038)
T2DF0 000:493.673   CPU_ReadMem(4 bytes @ 0xE0001048)
T2DF0 000:494.150   CPU_ReadMem(4 bytes @ 0xE0001058)
T2DF0 000:494.473   CPU_WriteMem(4 bytes @ 0xE0001000)
T2DF0 000:494.808   CPU_ReadMem(4 bytes @ 0xE000ED88)
T2DF0 000:495.174   CPU_WriteMem(4 bytes @ 0xE000ED88)
T2DF0 000:495.512   CPU_ReadMem(4 bytes @ 0xE000ED88)
T2DF0 000:495.833   CPU_WriteMem(4 bytes @ 0xE000ED88)
T2DF0 000:496.155   CPU_ReadMem(4 bytes @ 0xE000EFB8)
T2DF0 000:496.487   Security extension: implemented
T2DF0 000:496.498   Secure debug: enabled
T2DF0 000:496.507   CoreSight components:
T2DF0 000:496.517   ROMTbl[0] @ E00FE000
T2DF0 000:496.526   CPU_ReadMem(64 bytes @ 0xE00FE000)
T2DF0 000:497.244   CPU_ReadMem(32 bytes @ 0xE00FFFE0)
T2DF0 000:497.710   [0][0]: E00FF000 CID B105100D PID 000BB4C9 ROM Table
T2DF0 000:497.724   ROMTbl[1] @ E00FF000
T2DF0 000:497.734   CPU_ReadMem(64 bytes @ 0xE00FF000)
T2DF0 000:498.441   CPU_ReadMem(32 bytes @ 0xE000EFE0)
T2DF0 000:499.067   CPU_ReadMem(4 bytes @ 0xE000EFBC)
T2DF0 000:499.404   CPU_ReadMem(4 bytes @ 0xE000EFCC)
T2DF0 000:499.707   [1][0]: E000E000 CID B105900D PID 000BBD21 DEVARCH 47702A04 DEVTYPE 00 Cortex-M33
T2DF0 000:499.746   CPU_ReadMem(32 bytes @ 0xE0001FE0)
T2DF0 000:500.467   CPU_ReadMem(4 bytes @ 0xE0001FBC)
T2DF0 000:500.825   CPU_ReadMem(4 bytes @ 0xE0001FCC)
T2DF0 000:501.122   [1][1]: E0001000 CID B105900D PID 000BBD21 DEVARCH 47701A02 DEVTYPE 00 DWT
T2DF0 000:501.133   CPU_ReadMem(32 bytes @ 0xE0002FE0)
T2DF0 000:501.866   CPU_ReadMem(4 bytes @ 0xE0002FBC)
T2DF0 000:502.224   CPU_ReadMem(4 bytes @ 0xE0002FCC)
T2DF0 000:502.636   [1][2]: E0002000 CID B105900D PID 000BBD21 DEVARCH 47701A03 DEVTYPE 00 FPB
T2DF0 000:502.648   CPU_ReadMem(32 bytes @ 0xE0000FE0)
T2DF0 000:503.226   CPU_ReadMem(4 bytes @ 0xE0000FBC)
T2DF0 000:503.655   CPU_ReadMem(4 bytes @ 0xE0000FCC)
T2DF0 000:503.970   [1][3]: E0000000 CID B105900D PID 000BBD21 DEVARCH 47701A01 DEVTYPE 43 ITM
T2DF0 000:504.009   CPU_ReadMem(32 bytes @ 0xE0041FE0)
T2DF0 000:504.480   CPU_ReadMem(4 bytes @ 0xE0041FBC)
T2DF0 000:504.819   CPU_ReadMem(4 bytes @ 0xE0041FCC)
T2DF0 000:505.159   [1][5]: E0041000 CID B105900D PID 002BBD21 DEVARCH 47724A13 DEVTYPE 13 ETM
T2DF0 000:505.196   CPU_ReadMem(32 bytes @ 0xE0042FE0)
T2DF0 000:505.845   CPU_ReadMem(4 bytes @ 0xE0042FBC)
T2DF0 000:506.174   CPU_ReadMem(4 bytes @ 0xE0042FCC)
T2DF0 000:506.617   [1][6]: E0042000 CID B105900D PID 000BBD21 DEVARCH 47701A14 DEVTYPE 14 CSS600-CTI
T2DF0 000:506.630   CPU_ReadMem(32 bytes @ 0xE0040FE0)
T2DF0 000:507.162   CPU_ReadMem(4 bytes @ 0xE0040FBC)
T2DF0 000:507.487   CPU_ReadMem(4 bytes @ 0xE0040FCC)
T2DF0 000:507.851   [0][1]: E0040000 CID B105900D PID 000BBD21 DEVARCH 00000000 DEVTYPE 11 TPIU
T2DF0 000:507.877 - 132.096ms returns 0x00
T2DF0 000:508.012 JLINK_ReadMem(0xE000EDF0, 0x4 Bytes, ...)
T2DF0 000:508.027   CPU_ReadMem(4 bytes @ 0xE000EDF0)
T2DF0 000:509.204   Data:  01 00 10 00
T2DF0 000:509.266   Debug reg: DHCSR
T2DF0 000:509.292 - 1.280ms returns 0
T2DF0 000:509.462 JLINK_IsHalted()
T2DF0 000:510.368 - 0.904ms returns FALSE
T2DF0 000:510.560 JLINK_ReadMem(0x4000F054, 0x1 Bytes, ...)
T2DF0 000:510.594   CPU_ReadMem(1 bytes @ 0x4000F054)
T2DF0 000:511.162   Data:  01
T2DF0 000:511.335 - 0.775ms returns 0
T2DF0 000:511.375 JLINK_Halt()
T2DF0 000:514.758   
  ***** Warning: 
T2DF0 000:514.784   CPU could not be halted
T2DF0 000:514.793 - 3.418ms returns 0x01
T2DF0 000:515.129 JLINK_ReadReg(XPSR)
T2DF0 000:515.646   CPU is running
T2DF0 000:516.898   
  ***** Error: 
T2DF0 000:516.918   Cannot read register 16 (XPSR) while CPU is running
T2DF0 000:516.931 - 1.800ms returns 0x00000000
T5B50 002:595.642 JLINK_WriteMem(0x220E23D8, 0x4 Bytes, ...)
T5B50 002:595.664   Data:  00 00 00 00
T5B50 002:595.871   CPU is running
T5B50 002:595.889   CPU_WriteMem(4 bytes @ 0x220E23D8)
T5B50 002:596.541 - 0.898ms returns 0x4
T5B50 002:611.268 JLINK_ReadMem(0x220E23D8, 0x4 Bytes, ...)
T5B50 002:611.308   CPU_ReadMem(4 bytes @ 0x220E23D8)
T5B50 002:611.929   Data:  00 00 00 00
T5B50 002:611.971 - 0.703ms returns 0
T5B50 002:612.035 JLINK_ReadMem(0x220E23D8, 0x4 Bytes, ...)
T5B50 002:612.053   CPU_ReadMem(4 bytes @ 0x220E23D8)
T5B50 002:612.633   Data:  00 00 00 00
T5B50 002:612.653 - 0.618ms returns 0
T5B50 002:627.179 JLINK_ReadMem(0x220E23D8, 0x4 Bytes, ...)
T5B50 002:627.221   CPU_ReadMem(4 bytes @ 0x220E23D8)
T5B50 002:627.720   Data:  00 00 00 00
T5B50 002:627.747 - 0.568ms returns 0
T5B50 002:627.803 JLINK_ReadMem(0x220E23D8, 0x4 Bytes, ...)
T5B50 002:627.818   CPU_ReadMem(4 bytes @ 0x220E23D8)
T5B50 002:628.468   Data:  00 00 00 00
T5B50 002:628.486 - 0.683ms returns 0
T5B50 002:948.981 JLINK_ReadMem(0x220E23D8, 0x4 Bytes, ...)
T5B50 002:949.022   CPU_ReadMem(4 bytes @ 0x220E23D8)
T5B50 002:949.583   Data:  00 00 00 00
T5B50 002:949.606 - 0.625ms returns 0
T5B50 002:949.651 JLINK_ReadMem(0x220E23D8, 0x4 Bytes, ...)
T5B50 002:949.664   CPU_ReadMem(4 bytes @ 0x220E23D8)
T5B50 002:950.184   Data:  00 00 00 00
T5B50 002:950.196 - 0.545ms returns 0
T51F8 003:275.157 JLINK_GetNumBPUnits(Type = 0xFFFFFF00)
T51F8 003:275.219 - 0.061ms returns 0x08
T51F8 003:275.238 JLINK_GetNumWPUnits()
T51F8 003:275.253 - 0.014ms returns 4
T51F8 003:275.868 JLINK_GetNumBPUnits(Type = 0xFFFFFF00)
T51F8 003:275.928 - 0.061ms returns 0x08
T51F8 003:275.948 JLINK_GetNumWPUnits()
T51F8 003:275.964 - 0.014ms returns 4
T51F8 003:277.236 JLINK_ReadMem(0xE000EDF0, 0x4 Bytes, ...)
T51F8 003:277.292   CPU_ReadMem(4 bytes @ 0xE000EDF0)
T51F8 003:277.913   Data:  03 00 10 00
T51F8 003:277.973   Debug reg: DHCSR
T51F8 003:277.995 - 0.759ms returns 0
T51F8 003:278.088 JLINK_ReadMem(0x40204038, 0x4 Bytes, ...)
T51F8 003:278.122   CPU_ReadMem(4 bytes @ 0x40204038)
T51F8 003:278.770   Data:  04 00 00 00
T51F8 003:278.824 - 0.736ms returns 0
T51F8 003:278.952 JLINK_ReadMem(0xE000EDF0, 0x4 Bytes, ...)
T51F8 003:279.006   CPU_ReadMem(4 bytes @ 0xE000EDF0)
T51F8 003:279.558   Data:  03 00 10 00
T51F8 003:279.606   Debug reg: DHCSR
T51F8 003:279.628 - 0.675ms returns 0
T51F8 003:280.140 JLINK_GetNumBPUnits(Type = 0xFFFFFF00)
T51F8 003:280.179 - 0.039ms returns 0x08
T51F8 003:280.200 JLINK_GetNumWPUnits()
T51F8 003:280.215 - 0.015ms returns 4
T51F8 003:281.295 JLINK_ReadReg(XPSR)
T51F8 003:281.968   CPU is running
T51F8 003:282.036   
  ***** Error: 
T51F8 003:282.068   Cannot read register 16 (XPSR) while CPU is running
T51F8 003:282.082 - 0.788ms returns 0x00000000
T51F8 003:282.156 JLINK_ReadReg(R15 (PC))
T51F8 003:282.709   CPU is running
T51F8 003:282.751   
  ***** Error: 
T51F8 003:282.763   Cannot read register 15 (R15) while CPU is running
T51F8 003:282.777 - 0.620ms returns 0x00000000
T51F8 003:283.161 JLINK_GetNumBPUnits(Type = 0xFFFFFF00)
T51F8 003:283.180 - 0.019ms returns 0x08
T51F8 003:283.188 JLINK_GetNumWPUnits()
T51F8 003:283.195 - 0.006ms returns 4
T51F8 003:283.649 JLINK_GetNumBPUnits(Type = 0xFFFFFF00)
T51F8 003:283.687 - 0.037ms returns 0x08
T51F8 003:283.703 JLINK_GetNumWPUnits()
T51F8 003:283.716 - 0.012ms returns 4
T51F8 003:284.114 JLINK_GetNumBPUnits(Type = 0xFFFFFF00)
T51F8 003:284.143 - 0.030ms returns 0x08
T51F8 003:284.152 JLINK_GetNumWPUnits()
T51F8 003:284.158 - 0.006ms returns 4
T51F8 003:284.567 JLINK_GetNumBPUnits(Type = 0xFFFFFF00)
T51F8 003:284.594 - 0.026ms returns 0x08
T51F8 003:284.601 JLINK_GetNumWPUnits()
T51F8 003:284.608 - 0.006ms returns 4
T51F8 003:284.986 JLINK_GetNumBPUnits(Type = 0xFFFFFF00)
T51F8 003:285.039 - 0.052ms returns 0x08
T51F8 003:285.049 JLINK_GetNumWPUnits()
T51F8 003:285.056 - 0.006ms returns 4
T5B50 003:332.706 JLINK_IsHalted()
T5B50 003:333.184 - 0.477ms returns FALSE
T5B50 003:333.256 JLINK_IsHalted()
T5B50 003:333.629 - 0.372ms returns FALSE
T5B50 003:400.268 JLINK_ReadMem(0x220E23D8, 0x4 Bytes, ...)
T5B50 003:400.312   CPU_ReadMem(4 bytes @ 0x220E23D8)
T5B50 003:400.803   Data:  00 00 00 00
T5B50 003:400.828 - 0.560ms returns 0
T5B50 003:400.884 JLINK_ReadMem(0x220E23D8, 0x4 Bytes, ...)
T5B50 003:400.899   CPU_ReadMem(4 bytes @ 0x220E23D8)
T5B50 003:401.517   Data:  00 00 00 00
T5B50 003:401.538 - 0.653ms returns 0
T5B50 003:442.686 JLINK_IsHalted()
T5B50 003:443.208 - 0.521ms returns FALSE
T5B50 003:443.253 JLINK_IsHalted()
T5B50 003:443.573 - 0.319ms returns FALSE
T5B50 003:551.808 JLINK_IsHalted()
T5B50 003:552.463 - 0.654ms returns FALSE
T5B50 003:552.522 JLINK_IsHalted()
T5B50 003:552.970 - 0.447ms returns FALSE
T5B50 003:661.908 JLINK_IsHalted()
T5B50 003:662.708 - 0.797ms returns FALSE
T5B50 003:662.793 JLINK_IsHalted()
T5B50 003:663.257 - 0.463ms returns FALSE
T5B50 003:770.718 JLINK_IsHalted()
T5B50 003:771.181 - 0.463ms returns FALSE
T5B50 003:771.243 JLINK_IsHalted()
T5B50 003:771.721 - 0.477ms returns FALSE
T5B50 003:879.808 JLINK_IsHalted()
T5B50 003:880.604 - 0.794ms returns FALSE
T5B50 003:880.716 JLINK_IsHalted()
T5B50 003:881.197 - 0.479ms returns FALSE
T5B50 003:989.688 JLINK_IsHalted()
T5B50 003:990.498 - 0.806ms returns FALSE
T5B50 003:990.866 JLINK_IsHalted()
T5B50 003:991.340 - 0.474ms returns FALSE
T5B50 004:099.044 JLINK_IsHalted()
T5B50 004:099.871 - 0.826ms returns FALSE
T5B50 004:099.959 JLINK_IsHalted()
T5B50 004:100.613 - 0.652ms returns FALSE
T5B50 004:208.027 JLINK_IsHalted()
T5B50 004:208.677 - 0.650ms returns FALSE
T5B50 004:208.785 JLINK_IsHalted()
T5B50 004:209.321 - 0.535ms returns FALSE
T5B50 004:317.237 JLINK_IsHalted()
T5B50 004:318.011 - 0.777ms returns FALSE
T5B50 004:318.191 JLINK_IsHalted()
T5B50 004:318.815 - 0.623ms returns FALSE
T5B50 004:427.203 JLINK_IsHalted()
T5B50 004:427.678 - 0.475ms returns FALSE
T5B50 004:427.745 JLINK_IsHalted()
T5B50 004:428.320 - 0.574ms returns FALSE
T5B50 004:536.182 JLINK_IsHalted()
T5B50 004:537.013 - 0.828ms returns FALSE
T5B50 004:537.317 JLINK_IsHalted()
T5B50 004:538.572 - 1.253ms returns FALSE
T5B50 004:645.633 JLINK_IsHalted()
T5B50 004:646.435 - 0.800ms returns FALSE
T5B50 004:646.552 JLINK_IsHalted()
T5B50 004:647.261 - 0.707ms returns FALSE
T5B50 004:754.878 JLINK_IsHalted()
T5B50 004:755.501 - 0.622ms returns FALSE
T5B50 004:755.602 JLINK_IsHalted()
T5B50 004:756.196 - 0.592ms returns FALSE
T5B50 004:864.219 JLINK_IsHalted()
T5B50 004:864.791 - 0.571ms returns FALSE
T5B50 004:864.828 JLINK_IsHalted()
T5B50 004:865.258 - 0.430ms returns FALSE
T5B50 004:974.351 JLINK_IsHalted()
T5B50 004:974.973 - 0.621ms returns FALSE
T5B50 004:975.082 JLINK_IsHalted()
T5B50 004:975.501 - 0.418ms returns FALSE
T5B50 005:083.420 JLINK_IsHalted()
T5B50 005:084.089 - 0.667ms returns FALSE
T5B50 005:084.190 JLINK_IsHalted()
T5B50 005:084.889 - 0.697ms returns FALSE
T5B50 005:192.253 JLINK_IsHalted()
T5B50 005:192.814 - 0.560ms returns FALSE
T5B50 005:192.929 JLINK_IsHalted()
T5B50 005:193.343 - 0.413ms returns FALSE
T5B50 005:301.793 JLINK_IsHalted()
T5B50 005:302.575 - 0.782ms returns FALSE
T5B50 005:302.683 JLINK_IsHalted()
T5B50 005:303.135 - 0.451ms returns FALSE
T5B50 005:411.808 JLINK_IsHalted()
T5B50 005:412.476 - 0.667ms returns FALSE
T5B50 005:412.601 JLINK_IsHalted()
T5B50 005:412.941 - 0.340ms returns FALSE
T5B50 005:521.021 JLINK_IsHalted()
T5B50 005:521.878 - 0.855ms returns FALSE
T5B50 005:522.100 JLINK_IsHalted()
T5B50 005:522.583 - 0.482ms returns FALSE
T5B50 005:630.014 JLINK_IsHalted()
T5B50 005:631.192 - 1.177ms returns FALSE
T5B50 005:631.370 JLINK_IsHalted()
T5B50 005:632.205 - 0.833ms returns FALSE
T5B50 005:739.801 JLINK_IsHalted()
T5B50 005:740.665 - 0.864ms returns FALSE
T5B50 005:740.773 JLINK_IsHalted()
T5B50 005:741.602 - 0.827ms returns FALSE
T5B50 005:848.877 JLINK_IsHalted()
T5B50 005:849.668 - 0.789ms returns FALSE
T5B50 005:849.775 JLINK_IsHalted()
T5B50 005:850.455 - 0.678ms returns FALSE
T5B50 005:957.793 JLINK_IsHalted()
T5B50 005:958.621 - 0.826ms returns FALSE
T5B50 005:958.779 JLINK_IsHalted()
T5B50 005:959.446 - 0.665ms returns FALSE
T5B50 006:067.779 JLINK_IsHalted()
T5B50 006:068.251 - 0.471ms returns FALSE
T5B50 006:068.285 JLINK_IsHalted()
T5B50 006:068.636 - 0.350ms returns FALSE
T5B50 006:176.797 JLINK_IsHalted()
T5B50 006:177.275 - 0.478ms returns FALSE
T5B50 006:177.309 JLINK_IsHalted()
T5B50 006:177.640 - 0.330ms returns FALSE
T5B50 006:285.806 JLINK_IsHalted()
T5B50 006:286.936 - 1.129ms returns FALSE
T5B50 006:286.986 JLINK_IsHalted()
T5B50 006:287.523 - 0.536ms returns FALSE
T5B50 006:395.748 JLINK_IsHalted()
T5B50 006:396.322 - 0.565ms returns FALSE
T5B50 006:396.372 JLINK_IsHalted()
T5B50 006:396.758 - 0.385ms returns FALSE
T5B50 006:504.753 JLINK_IsHalted()
T5B50 006:505.471 - 0.717ms returns FALSE
T5B50 006:505.623 JLINK_IsHalted()
T5B50 006:506.269 - 0.645ms returns FALSE
T5B50 006:614.776 JLINK_IsHalted()
T5B50 006:615.504 - 0.727ms returns FALSE
T5B50 006:615.600 JLINK_IsHalted()
T5B50 006:616.247 - 0.646ms returns FALSE
T5B50 006:723.747 JLINK_IsHalted()
T5B50 006:724.239 - 0.491ms returns FALSE
T5B50 006:724.281 JLINK_IsHalted()
T5B50 006:724.657 - 0.375ms returns FALSE
T5B50 006:832.869 JLINK_IsHalted()
T5B50 006:833.365 - 0.494ms returns FALSE
T5B50 006:833.434 JLINK_IsHalted()
T5B50 006:833.763 - 0.328ms returns FALSE
T5B50 006:942.124 JLINK_IsHalted()
T5B50 006:942.845 - 0.717ms returns FALSE
T5B50 006:943.133 JLINK_IsHalted()
T5B50 006:943.801 - 0.666ms returns FALSE
T5B50 007:052.448 JLINK_IsHalted()
T5B50 007:053.071 - 0.620ms returns FALSE
T5B50 007:053.313 JLINK_IsHalted()
T5B50 007:053.857 - 0.541ms returns FALSE
T5B50 007:161.432 JLINK_IsHalted()
T5B50 007:162.218 - 0.786ms returns FALSE
T5B50 007:162.260 JLINK_IsHalted()
T5B50 007:163.018 - 0.758ms returns FALSE
T5B50 007:270.697 JLINK_IsHalted()
T5B50 007:271.115 - 0.416ms returns FALSE
T5B50 007:271.173 JLINK_IsHalted()
T5B50 007:271.491 - 0.318ms returns FALSE
T5B50 007:379.851 JLINK_IsHalted()
T5B50 007:380.277 - 0.424ms returns FALSE
T5B50 007:380.335 JLINK_IsHalted()
T5B50 007:380.762 - 0.426ms returns FALSE
T5B50 007:489.947 JLINK_IsHalted()
T5B50 007:490.692 - 0.743ms returns FALSE
T5B50 007:490.763 JLINK_IsHalted()
T5B50 007:491.157 - 0.393ms returns FALSE
T5B50 007:598.918 JLINK_IsHalted()
T5B50 007:599.597 - 0.677ms returns FALSE
T5B50 007:599.753 JLINK_IsHalted()
T5B50 007:600.286 - 0.533ms returns FALSE
T5B50 007:708.136 JLINK_IsHalted()
T5B50 007:708.656 - 0.518ms returns FALSE
T5B50 007:708.783 JLINK_IsHalted()
T5B50 007:709.258 - 0.473ms returns FALSE
T5B50 007:817.587 JLINK_IsHalted()
T5B50 007:818.720 - 1.129ms returns FALSE
T5B50 007:818.929 JLINK_IsHalted()
T5B50 007:819.628 - 0.695ms returns FALSE
T5B50 007:927.121 JLINK_IsHalted()
T5B50 007:927.729 - 0.605ms returns FALSE
T5B50 007:928.002 JLINK_IsHalted()
T5B50 007:928.490 - 0.485ms returns FALSE
T5B50 008:036.349 JLINK_IsHalted()
T5B50 008:037.006 - 0.656ms returns FALSE
T5B50 008:037.054 JLINK_IsHalted()
T5B50 008:037.739 - 0.684ms returns FALSE
T5B50 008:145.285 JLINK_IsHalted()
T5B50 008:145.996 - 0.711ms returns FALSE
T5B50 008:146.117 JLINK_IsHalted()
T5B50 008:147.596 - 1.479ms returns FALSE
T5B50 008:255.301 JLINK_IsHalted()
T5B50 008:255.790 - 0.489ms returns FALSE
T5B50 008:255.886 JLINK_IsHalted()
T5B50 008:256.621 - 0.734ms returns FALSE
T5B50 008:364.300 JLINK_IsHalted()
T5B50 008:364.806 - 0.499ms returns FALSE
T5B50 008:364.875 JLINK_IsHalted()
T5B50 008:365.289 - 0.414ms returns FALSE
T5B50 008:473.355 JLINK_IsHalted()
T5B50 008:473.838 - 0.483ms returns FALSE
T5B50 008:473.874 JLINK_IsHalted()
T5B50 008:474.205 - 0.330ms returns FALSE
T5B50 008:582.828 JLINK_IsHalted()
T5B50 008:583.890 - 1.058ms returns FALSE
T5B50 008:584.102 JLINK_IsHalted()
T5B50 008:584.826 - 0.720ms returns FALSE
T5B50 008:692.707 JLINK_IsHalted()
T5B50 008:693.346 - 0.637ms returns FALSE
T5B50 008:693.392 JLINK_IsHalted()
T5B50 008:693.842 - 0.449ms returns FALSE
T5B50 008:801.816 JLINK_IsHalted()
T5B50 008:802.630 - 0.813ms returns FALSE
T5B50 008:802.773 JLINK_IsHalted()
T5B50 008:803.321 - 0.547ms returns FALSE
T5B50 008:911.887 JLINK_IsHalted()
T5B50 008:912.670 - 0.782ms returns FALSE
T5B50 008:912.744 JLINK_IsHalted()
T5B50 008:913.630 - 0.884ms returns FALSE
T5B50 009:020.905 JLINK_IsHalted()
T5B50 009:021.780 - 0.875ms returns FALSE
T5B50 009:021.872 JLINK_IsHalted()
T5B50 009:022.401 - 0.528ms returns FALSE
T5B50 009:129.662 JLINK_IsHalted()
T5B50 009:130.192 - 0.528ms returns FALSE
T5B50 009:130.297 JLINK_IsHalted()
T5B50 009:130.692 - 0.395ms returns FALSE
T5B50 009:239.775 JLINK_IsHalted()
T5B50 009:240.761 - 0.984ms returns FALSE
T5B50 009:240.918 JLINK_IsHalted()
T5B50 009:241.568 - 0.649ms returns FALSE
T5B50 009:348.754 JLINK_IsHalted()
T5B50 009:349.234 - 0.479ms returns FALSE
T5B50 009:349.294 JLINK_IsHalted()
T5B50 009:349.611 - 0.317ms returns FALSE
T5B50 009:457.733 JLINK_IsHalted()
T5B50 009:458.341 - 0.608ms returns FALSE
T5B50 009:458.375 JLINK_IsHalted()
T5B50 009:458.717 - 0.340ms returns FALSE
T5B50 009:567.833 JLINK_IsHalted()
T5B50 009:568.534 - 0.701ms returns FALSE
T5B50 009:568.600 JLINK_IsHalted()
T5B50 009:569.216 - 0.615ms returns FALSE
T5B50 009:676.583 JLINK_IsHalted()
T5B50 009:677.756 - 1.172ms returns FALSE
T5B50 009:677.942 JLINK_IsHalted()
T5B50 009:678.835 - 0.892ms returns FALSE
T5B50 009:786.830 JLINK_IsHalted()
T5B50 009:787.778 - 0.946ms returns FALSE
T5B50 009:787.869 JLINK_IsHalted()
T5B50 009:788.694 - 0.825ms returns FALSE
T5B50 009:895.592 JLINK_IsHalted()
T5B50 009:896.050 - 0.457ms returns FALSE
T5B50 009:896.135 JLINK_IsHalted()
T5B50 009:896.475 - 0.340ms returns FALSE
T5B50 010:004.854 JLINK_IsHalted()
T5B50 010:005.583 - 0.729ms returns FALSE
T5B50 010:005.667 JLINK_IsHalted()
T5B50 010:006.602 - 0.934ms returns FALSE
T5B50 010:114.762 JLINK_IsHalted()
T5B50 010:115.342 - 0.578ms returns FALSE
T5B50 010:115.390 JLINK_IsHalted()
T5B50 010:116.010 - 0.618ms returns FALSE
T5B50 010:223.775 JLINK_IsHalted()
T5B50 010:224.809 - 1.030ms returns FALSE
T5B50 010:225.043 JLINK_IsHalted()
T5B50 010:225.660 - 0.614ms returns FALSE
T5B50 010:332.855 JLINK_IsHalted()
T5B50 010:333.568 - 0.711ms returns FALSE
T5B50 010:333.648 JLINK_IsHalted()
T5B50 010:333.996 - 0.347ms returns FALSE
T5B50 010:442.732 JLINK_IsHalted()
T5B50 010:443.208 - 0.475ms returns FALSE
T5B50 010:443.243 JLINK_IsHalted()
T5B50 010:443.554 - 0.310ms returns FALSE
T5B50 010:551.888 JLINK_IsHalted()
T5B50 010:552.662 - 0.773ms returns FALSE
T5B50 010:552.709 JLINK_IsHalted()
T5B50 010:553.290 - 0.580ms returns FALSE
T5B50 010:661.760 JLINK_IsHalted()
T5B50 010:662.386 - 0.624ms returns FALSE
T5B50 010:662.494 JLINK_IsHalted()
T5B50 010:663.216 - 0.720ms returns FALSE
T5B50 010:770.710 JLINK_IsHalted()
T5B50 010:771.297 - 0.586ms returns FALSE
T5B50 010:771.329 JLINK_IsHalted()
T5B50 010:771.802 - 0.472ms returns FALSE
T5B50 010:879.941 JLINK_IsHalted()
T5B50 010:880.544 - 0.603ms returns FALSE
T5B50 010:880.576 JLINK_IsHalted()
T5B50 010:881.655 - 1.079ms returns FALSE
T5B50 010:989.882 JLINK_IsHalted()
T5B50 010:990.453 - 0.569ms returns FALSE
T5B50 010:990.516 JLINK_IsHalted()
T5B50 010:990.869 - 0.351ms returns FALSE
T5B50 011:098.994 JLINK_IsHalted()
T5B50 011:099.682 - 0.687ms returns FALSE
T5B50 011:099.717 JLINK_IsHalted()
T5B50 011:100.186 - 0.468ms returns FALSE
T5B50 011:208.146 JLINK_IsHalted()
T5B50 011:209.332 - 1.185ms returns FALSE
T5B50 011:209.537 JLINK_IsHalted()
T5B50 011:210.355 - 0.817ms returns FALSE
T5B50 011:317.038 JLINK_IsHalted()
T5B50 011:317.816 - 0.778ms returns FALSE
T5B50 011:317.878 JLINK_IsHalted()
T5B50 011:318.588 - 0.710ms returns FALSE
T5B50 011:427.028 JLINK_IsHalted()
T5B50 011:427.562 - 0.533ms returns FALSE
T5B50 011:427.639 JLINK_IsHalted()
T5B50 011:428.153 - 0.513ms returns FALSE
T5B50 011:536.177 JLINK_IsHalted()
T5B50 011:536.981 - 0.804ms returns FALSE
T5B50 011:537.066 JLINK_IsHalted()
T5B50 011:537.550 - 0.484ms returns FALSE
T5B50 011:645.406 JLINK_IsHalted()
T5B50 011:646.238 - 0.831ms returns FALSE
T5B50 011:646.332 JLINK_IsHalted()
T5B50 011:646.899 - 0.566ms returns FALSE
T5B50 011:754.908 JLINK_IsHalted()
T5B50 011:755.739 - 0.831ms returns FALSE
T5B50 011:755.801 JLINK_IsHalted()
T5B50 011:756.217 - 0.413ms returns FALSE
T5B50 011:864.297 JLINK_IsHalted()
T5B50 011:864.961 - 0.663ms returns FALSE
T5B50 011:865.018 JLINK_IsHalted()
T5B50 011:865.529 - 0.508ms returns FALSE
T5B50 011:973.379 JLINK_IsHalted()
T5B50 011:974.485 - 1.104ms returns FALSE
T5B50 011:974.691 JLINK_IsHalted()
T5B50 011:975.238 - 0.546ms returns FALSE
T5B50 012:083.361 JLINK_IsHalted()
T5B50 012:083.842 - 0.481ms returns FALSE
T5B50 012:083.934 JLINK_IsHalted()
T5B50 012:084.254 - 0.320ms returns FALSE
T5B50 012:192.338 JLINK_IsHalted()
T5B50 012:193.038 - 0.699ms returns FALSE
T5B50 012:193.103 JLINK_IsHalted()
T5B50 012:193.525 - 0.421ms returns FALSE
T5B50 012:302.346 JLINK_IsHalted()
T5B50 012:302.806 - 0.458ms returns FALSE
T5B50 012:302.842 JLINK_IsHalted()
T5B50 012:303.164 - 0.321ms returns FALSE
T5B50 012:336.010 JLINK_ReadMem(0x220E23D8, 0x4 Bytes, ...)
T5B50 012:336.080   CPU_ReadMem(4 bytes @ 0x220E23D8)
T5B50 012:337.330   Data:  00 00 00 00
T5B50 012:337.364 - 1.354ms returns 0
T2DF0 012:351.582 JLINK_Halt()
T2DF0 012:612.349   
  ***** Error: 
T2DF0 012:612.445   Communication timed out: Requested 4 bytes, received -1 bytes !
T2DF0 012:612.460   
  ***** Warning: 
T2DF0 012:612.469   CPU could not be halted
T2DF0 012:612.478 - 260.895ms returns 0x01
T2DF0 012:612.504 JLINK_ReadReg(XPSR)
T2DF0 012:613.638   CPU is running
T2DF0 012:613.674   
  ***** Error: 
T2DF0 012:613.690   Cannot read register 16 (XPSR) while CPU is running
T2DF0 012:613.707 - 1.202ms returns 0x00000000
T2DF0 012:615.456 JLINK_Close()
T2DF0 012:651.680 - 36.223ms
T2DF0 012:651.714   
T2DF0 012:651.719   Closed
